#
# There is insufficient memory for the Java Runtime Environment to continue.
# Native memory allocation (malloc) failed to allocate 1746096 bytes. Error detail: Chunk::new
# Possible reasons:
#   The system is out of physical RAM or swap space
#   This process is running with CompressedOops enabled, and the Java Heap may be blocking the growth of the native heap
# Possible solutions:
#   Reduce memory load on the system
#   Increase physical memory or swap space
#   Check if swap backing store is full
#   Decrease Java heap size (-Xmx/-Xms)
#   Decrease number of Java threads
#   Decrease Java thread stack sizes (-Xss)
#   Set larger code cache with -XX:ReservedCodeCacheSize=
#   JVM is running with Zero Based Compressed Oops mode in which the Java heap is
#     placed in the first 32GB address space. The Java Heap base address is the
#     maximum limit for the native heap growth. Please use -XX:HeapBaseMinAddress
#     to set the Java Heap base and to place the Java Heap above 32GB virtual address.
# This output file may be truncated or incomplete.
#
#  Out of Memory Error (arena.cpp:191), pid=10540, tid=25200
#
# JRE version: OpenJDK Runtime Environment (17.0.11) (build 17.0.11+0--11852314)
# Java VM: OpenJDK 64-Bit Server VM (17.0.11+0--11852314, mixed mode, tiered, compressed oops, compressed class ptrs, g1 gc, windows-amd64)
# No core dump will be written. Minidumps are not enabled by default on client versions of Windows
#

---------------  S U M M A R Y ------------

Command Line: -XX:+HeapDumpOnOutOfMemoryError --add-opens=java.base/java.util=ALL-UNNAMED --add-opens=java.base/java.lang=ALL-UNNAMED --add-opens=java.base/java.lang.invoke=ALL-UNNAMED --add-opens=java.prefs/java.util.prefs=ALL-UNNAMED --add-opens=java.base/java.nio.charset=ALL-UNNAMED --add-opens=java.base/java.net=ALL-UNNAMED --add-opens=java.base/java.util.concurrent.atomic=ALL-UNNAMED -Xmx4G -Dfile.encoding=utf8 -Duser.country=IN -Duser.language=en -Duser.variant org.gradle.launcher.daemon.bootstrap.GradleDaemon 7.6.3

Host: Intel(R) Core(TM) i5-10300H CPU @ 2.50GHz, 8 cores, 7G,  Windows 10 , 64 bit Build 19041 (10.0.19041.3636)
Time: Wed Jan 15 19:14:33 2025 India Standard Time elapsed time: 14.752402 seconds (0d 0h 0m 14s)

---------------  T H R E A D  ---------------

Current thread (0x0000023543b92980):  JavaThread "C2 CompilerThread1" daemon [_thread_in_native, id=25200, stack(0x00000097c9000000,0x00000097c9100000)]


Current CompileTask:
C2:  14752 7535   !   4       java.io.ObjectOutputStream::writeObject0 (620 bytes)

Stack: [0x00000097c9000000,0x00000097c9100000]
Native frames: (J=compiled Java code, j=interpreted, Vv=VM code, C=native code)
V  [jvm.dll+0x687bb9]
V  [jvm.dll+0x84142a]
V  [jvm.dll+0x8430ae]
V  [jvm.dll+0x843713]
V  [jvm.dll+0x24a35f]
V  [jvm.dll+0xac544]
V  [jvm.dll+0xacb8c]
V  [jvm.dll+0x369be2]
V  [jvm.dll+0x1be312]
V  [jvm.dll+0x21c029]
V  [jvm.dll+0x21b311]
V  [jvm.dll+0x1a63ed]
V  [jvm.dll+0x22b1ee]
V  [jvm.dll+0x229375]
V  [jvm.dll+0x7f5647]
V  [jvm.dll+0x7efa4a]
V  [jvm.dll+0x686a35]
C  [ucrtbase.dll+0x21bb2]
C  [KERNEL32.DLL+0x17344]
C  [ntdll.dll+0x526b1]


---------------  P R O C E S S  ---------------

Threads class SMR info:
_java_thread_list=0x00000235453152e0, length=135, elements={
0x000002351acb2c00, 0x000002353b6c7ec0, 0x000002353b6c8c50, 0x000002353b81e1d0,
0x000002353b869000, 0x000002353b86bce0, 0x000002353b86c5b0, 0x000002353b86d1b0,
0x000002353b86dac0, 0x000002353b870b80, 0x000002353ba03020, 0x000002353ba0d940,
0x0000023541713b20, 0x0000023541857450, 0x0000023541b21340, 0x00000235410013d0,
0x0000023541eaa4a0, 0x0000023541da8540, 0x0000023541b3bfb0, 0x0000023541b3d900,
0x0000023541b3e830, 0x0000023541b3cee0, 0x0000023541b3b590, 0x0000023541b3baa0,
0x0000023541b3b080, 0x0000023541b3e320, 0x0000023541b3c9d0, 0x0000023541b3c4c0,
0x0000023541b3d3f0, 0x00000235430c0b20, 0x00000235430c1030, 0x00000235430be2a0,
0x00000235430c2e90, 0x00000235430c1f60, 0x00000235430c47e0, 0x00000235430c33a0,
0x00000235430c2470, 0x00000235430c38b0, 0x00000235430bdd90, 0x00000235430c4cf0,
0x00000235430c1540, 0x00000235430be7b0, 0x00000235430c0610, 0x00000235430becc0,
0x00000235430bf1d0, 0x0000023543b92980, 0x00000235430bf6e0, 0x00000235430c0100,
0x00000235430c1a50, 0x00000235430c2980, 0x0000023543f31c60, 0x0000023543f2e9c0,
0x0000023543f330a0, 0x0000023543f30d30, 0x0000023543f349f0, 0x0000023543f35920,
0x0000023543f2eed0, 0x0000023543f33fd0, 0x0000023543f2f3e0, 0x0000023543f2f8f0,
0x0000023543f32680, 0x0000023543f2e4b0, 0x0000023543f31240, 0x0000023543f31750,
0x0000023543f33ac0, 0x0000023543f35e30, 0x0000023543f32b90, 0x0000023543f344e0,
0x0000023543f30820, 0x0000023543f34f00, 0x0000023543f2fe00, 0x0000023543f30310,
0x0000023543f35410, 0x00000235446ed5b0, 0x00000235446e8ed0, 0x00000235446ecb90,
0x00000235446ea820, 0x00000235446ea310, 0x00000235446e89c0, 0x00000235446e7070,
0x00000235446e84b0, 0x00000235446e98f0, 0x00000235446ead30, 0x00000235446e9e00,
0x00000235446ec680, 0x00000235446eb240, 0x00000235446e7580, 0x00000235446eb750,
0x00000235446edac0, 0x00000235446e7fa0, 0x00000235446ebc60, 0x00000235446ed0a0,
0x00000235446edfd0, 0x00000235446ec170, 0x00000235446ee4e0, 0x00000235446ee9f0,
0x00000235446e7a90, 0x00000235446e93e0, 0x0000023544f018e0, 0x0000023544f02300,
0x0000023544f064d0, 0x0000023544f03c50, 0x0000023544eff060, 0x0000023544f004a0,
0x0000023544f01df0, 0x0000023544f02810, 0x0000023544eff570, 0x0000023544f069e0,
0x0000023544effa80, 0x0000023544f03230, 0x0000023544f04160, 0x0000023544f02d20,
0x0000023544f03740, 0x0000023544f04670, 0x0000023544f04b80, 0x0000023544f055a0,
0x0000023544f05090, 0x0000023544efff90, 0x0000023544f009b0, 0x0000023544f05ab0,
0x0000023544f05fc0, 0x0000023544f00ec0, 0x0000023544f013d0, 0x0000023543df7c90,
0x0000023543dfb440, 0x0000023543df7780, 0x0000023543df86b0, 0x0000023543dfb950,
0x0000023543dfbe60, 0x0000023543dfc370, 0x0000023543df7270, 0x0000023543dfa510,
0x0000023543df6340, 0x0000023543dfcd90, 0x0000023543df6d60
}

Java Threads: ( => current thread )
  0x000002351acb2c00 JavaThread "main" [_thread_blocked, id=22900, stack(0x00000097c5400000,0x00000097c5500000)]
  0x000002353b6c7ec0 JavaThread "Reference Handler" daemon [_thread_blocked, id=25500, stack(0x00000097c5b00000,0x00000097c5c00000)]
  0x000002353b6c8c50 JavaThread "Finalizer" daemon [_thread_blocked, id=21108, stack(0x00000097c5c00000,0x00000097c5d00000)]
  0x000002353b81e1d0 JavaThread "Signal Dispatcher" daemon [_thread_blocked, id=13932, stack(0x00000097c5d00000,0x00000097c5e00000)]
  0x000002353b869000 JavaThread "Attach Listener" daemon [_thread_blocked, id=20860, stack(0x00000097c5e00000,0x00000097c5f00000)]
  0x000002353b86bce0 JavaThread "Service Thread" daemon [_thread_blocked, id=17352, stack(0x00000097c5f00000,0x00000097c6000000)]
  0x000002353b86c5b0 JavaThread "Monitor Deflation Thread" daemon [_thread_blocked, id=1064, stack(0x00000097c6000000,0x00000097c6100000)]
  0x000002353b86d1b0 JavaThread "C2 CompilerThread0" daemon [_thread_in_native, id=12512, stack(0x00000097c6100000,0x00000097c6200000)]
  0x000002353b86dac0 JavaThread "C1 CompilerThread0" daemon [_thread_in_native, id=4864, stack(0x00000097c6200000,0x00000097c6300000)]
  0x000002353b870b80 JavaThread "Sweeper thread" daemon [_thread_blocked, id=19828, stack(0x00000097c6300000,0x00000097c6400000)]
  0x000002353ba03020 JavaThread "Common-Cleaner" daemon [_thread_blocked, id=26472, stack(0x00000097c6400000,0x00000097c6500000)]
  0x000002353ba0d940 JavaThread "Notification Thread" daemon [_thread_blocked, id=24848, stack(0x00000097c6500000,0x00000097c6600000)]
  0x0000023541713b20 JavaThread "Daemon health stats" [_thread_blocked, id=24916, stack(0x00000097c6b00000,0x00000097c6c00000)]
  0x0000023541857450 JavaThread "Incoming local TCP Connector on port 53279" [_thread_in_native, id=10952, stack(0x00000097c6c00000,0x00000097c6d00000)]
  0x0000023541b21340 JavaThread "Daemon periodic checks" [_thread_blocked, id=13832, stack(0x00000097c6d00000,0x00000097c6e00000)]
  0x00000235410013d0 JavaThread "Daemon" [_thread_blocked, id=23772, stack(0x00000097c6e00000,0x00000097c6f00000)]
  0x0000023541eaa4a0 JavaThread "Handler for socket connection from /127.0.0.1:53279 to /127.0.0.1:53280" [_thread_in_native, id=19772, stack(0x00000097c6f00000,0x00000097c7000000)]
  0x0000023541da8540 JavaThread "Cancel handler" [_thread_blocked, id=10652, stack(0x00000097c7000000,0x00000097c7100000)]
  0x0000023541b3bfb0 JavaThread "Daemon worker" [_thread_blocked, id=26520, stack(0x00000097c7100000,0x00000097c7200000)]
  0x0000023541b3d900 JavaThread "Asynchronous log dispatcher for DefaultDaemonConnection: socket connection from /127.0.0.1:53279 to /127.0.0.1:53280" [_thread_blocked, id=3460, stack(0x00000097c7200000,0x00000097c7300000)]
  0x0000023541b3e830 JavaThread "Stdin handler" [_thread_blocked, id=21348, stack(0x00000097c7300000,0x00000097c7400000)]
  0x0000023541b3cee0 JavaThread "Daemon client event forwarder" [_thread_blocked, id=7512, stack(0x00000097c7400000,0x00000097c7500000)]
  0x0000023541b3b590 JavaThread "Cache worker for journal cache (C:\Users\Gandharv\.gradle\caches\journal-1)" [_thread_blocked, id=19584, stack(0x00000097c7500000,0x00000097c7600000)]
  0x0000023541b3baa0 JavaThread "File lock request listener" [_thread_in_native, id=24800, stack(0x00000097c7600000,0x00000097c7700000)]
  0x0000023541b3b080 JavaThread "Cache worker for file hash cache (C:\Users\Gandharv\.gradle\caches\7.6.3\fileHashes)" [_thread_blocked, id=26336, stack(0x00000097c7b00000,0x00000097c7c00000)]
  0x0000023541b3e320 JavaThread "File watcher server" daemon [_thread_in_native, id=25828, stack(0x00000097c7c00000,0x00000097c7d00000)]
  0x0000023541b3c9d0 JavaThread "File watcher consumer" daemon [_thread_blocked, id=15504, stack(0x00000097c7d00000,0x00000097c7e00000)]
  0x0000023541b3c4c0 JavaThread "jar transforms" [_thread_blocked, id=20276, stack(0x00000097c7e00000,0x00000097c7f00000)]
  0x0000023541b3d3f0 JavaThread "jar transforms Thread 2" [_thread_blocked, id=14276, stack(0x00000097c7f00000,0x00000097c8000000)]
  0x00000235430c0b20 JavaThread "jar transforms Thread 3" [_thread_blocked, id=25888, stack(0x00000097c8000000,0x00000097c8100000)]
  0x00000235430c1030 JavaThread "Cache worker for checksums cache (C:\Users\Gandharv\Desktop\messify\messify_flutter\messify_owner\android\.gradle\7.6.3\checksums)" [_thread_blocked, id=24808, stack(0x00000097c8100000,0x00000097c8200000)]
  0x00000235430be2a0 JavaThread "Cache worker for cache directory md-rule (C:\Users\Gandharv\.gradle\caches\7.6.3\md-rule)" [_thread_blocked, id=16424, stack(0x00000097c8200000,0x00000097c8300000)]
  0x00000235430c2e90 JavaThread "Cache worker for file content cache (C:\Users\Gandharv\.gradle\caches\7.6.3\fileContent)" [_thread_blocked, id=21972, stack(0x00000097c8300000,0x00000097c8400000)]
  0x00000235430c1f60 JavaThread "Cache worker for file hash cache (C:\Users\Gandharv\Desktop\messify\messify_flutter\messify_owner\android\.gradle\7.6.3\fileHashes)" [_thread_blocked, id=1316, stack(0x00000097c8400000,0x00000097c8500000)]
  0x00000235430c47e0 JavaThread "Cache worker for cache directory md-supplier (C:\Users\Gandharv\.gradle\caches\7.6.3\md-supplier)" [_thread_blocked, id=2012, stack(0x00000097c8500000,0x00000097c8600000)]
  0x00000235430c33a0 JavaThread "Cache worker for execution history cache (C:\Users\Gandharv\.gradle\caches\7.6.3\executionHistory)" [_thread_blocked, id=25004, stack(0x00000097c8600000,0x00000097c8700000)]
  0x00000235430c2470 JavaThread "jar transforms Thread 4" [_thread_blocked, id=23796, stack(0x00000097c8700000,0x00000097c8800000)]
  0x00000235430c38b0 JavaThread "jar transforms Thread 5" [_thread_blocked, id=25104, stack(0x00000097c8800000,0x00000097c8900000)]
  0x00000235430bdd90 JavaThread "jar transforms Thread 6" [_thread_blocked, id=7628, stack(0x00000097c8900000,0x00000097c8a00000)]
  0x00000235430c4cf0 JavaThread "jar transforms Thread 7" [_thread_blocked, id=25072, stack(0x00000097c8a00000,0x00000097c8b00000)]
  0x00000235430c1540 JavaThread "jar transforms Thread 8" [_thread_blocked, id=4956, stack(0x00000097c8b00000,0x00000097c8c00000)]
  0x00000235430be7b0 JavaThread "Cache worker for kotlin-dsl (C:\Users\Gandharv\.gradle\caches\7.6.3\kotlin-dsl)" [_thread_blocked, id=10716, stack(0x00000097c8c00000,0x00000097c8d00000)]
  0x00000235430c0610 JavaThread "Cache worker for dependencies-accessors (C:\Users\Gandharv\Desktop\messify\messify_flutter\messify_owner\android\.gradle\7.6.3\dependencies-accessors)" [_thread_blocked, id=21500, stack(0x00000097c8d00000,0x00000097c8e00000)]
  0x00000235430becc0 JavaThread "Cache worker for Build Output Cleanup Cache (C:\src\flutter\packages\flutter_tools\gradle\.gradle\buildOutputCleanup)" [_thread_blocked, id=14576, stack(0x00000097c8e00000,0x00000097c8f00000)]
  0x00000235430bf1d0 JavaThread "Memory manager" [_thread_blocked, id=25876, stack(0x00000097c8f00000,0x00000097c9000000)]
=>0x0000023543b92980 JavaThread "C2 CompilerThread1" daemon [_thread_in_native, id=25200, stack(0x00000097c9000000,0x00000097c9100000)]
  0x00000235430bf6e0 JavaThread "included builds" [_thread_blocked, id=23076, stack(0x00000097c9100000,0x00000097c9200000)]
  0x00000235430c0100 JavaThread "Execution worker" [_thread_blocked, id=3404, stack(0x00000097c9200000,0x00000097c9300000)]
  0x00000235430c1a50 JavaThread "Execution worker Thread 2" [_thread_blocked, id=24016, stack(0x00000097c9300000,0x00000097c9400000)]
  0x00000235430c2980 JavaThread "Execution worker Thread 3" [_thread_blocked, id=152, stack(0x00000097c9400000,0x00000097c9500000)]
  0x0000023543f31c60 JavaThread "Execution worker Thread 4" [_thread_blocked, id=13692, stack(0x00000097c9500000,0x00000097c9600000)]
  0x0000023543f2e9c0 JavaThread "Execution worker Thread 5" [_thread_blocked, id=9432, stack(0x00000097c9600000,0x00000097c9700000)]
  0x0000023543f330a0 JavaThread "Execution worker Thread 6" [_thread_blocked, id=24460, stack(0x00000097c9700000,0x00000097c9800000)]
  0x0000023543f30d30 JavaThread "Execution worker Thread 7" [_thread_blocked, id=23660, stack(0x00000097c9800000,0x00000097c9900000)]
  0x0000023543f349f0 JavaThread "Cache worker for execution history cache (C:\src\flutter\packages\flutter_tools\gradle\.gradle\7.6.3\executionHistory)" [_thread_blocked, id=21424, stack(0x00000097c9900000,0x00000097c9a00000)]
  0x0000023543f35920 JavaThread "Unconstrained build operations" [_thread_blocked, id=21192, stack(0x00000097c9a00000,0x00000097c9b00000)]
  0x0000023543f2eed0 JavaThread "Unconstrained build operations Thread 2" [_thread_blocked, id=11960, stack(0x00000097c9b00000,0x00000097c9c00000)]
  0x0000023543f33fd0 JavaThread "Unconstrained build operations Thread 3" [_thread_blocked, id=26108, stack(0x00000097c9c00000,0x00000097c9d00000)]
  0x0000023543f2f3e0 JavaThread "Unconstrained build operations Thread 4" [_thread_blocked, id=15224, stack(0x00000097c9d00000,0x00000097c9e00000)]
  0x0000023543f2f8f0 JavaThread "Unconstrained build operations Thread 5" [_thread_blocked, id=24344, stack(0x00000097c9e00000,0x00000097c9f00000)]
  0x0000023543f32680 JavaThread "Unconstrained build operations Thread 6" [_thread_blocked, id=14192, stack(0x00000097c9f00000,0x00000097ca000000)]
  0x0000023543f2e4b0 JavaThread "Unconstrained build operations Thread 7" [_thread_blocked, id=20864, stack(0x00000097ca000000,0x00000097ca100000)]
  0x0000023543f31240 JavaThread "Unconstrained build operations Thread 8" [_thread_blocked, id=23608, stack(0x00000097ca100000,0x00000097ca200000)]
  0x0000023543f31750 JavaThread "Unconstrained build operations Thread 9" [_thread_blocked, id=24436, stack(0x00000097ca200000,0x00000097ca300000)]
  0x0000023543f33ac0 JavaThread "Unconstrained build operations Thread 10" [_thread_blocked, id=23984, stack(0x00000097ca300000,0x00000097ca400000)]
  0x0000023543f35e30 JavaThread "Unconstrained build operations Thread 11" [_thread_blocked, id=20948, stack(0x00000097ca400000,0x00000097ca500000)]
  0x0000023543f32b90 JavaThread "Unconstrained build operations Thread 12" [_thread_blocked, id=25096, stack(0x00000097ca500000,0x00000097ca600000)]
  0x0000023543f344e0 JavaThread "Unconstrained build operations Thread 13" [_thread_blocked, id=26480, stack(0x00000097ca600000,0x00000097ca700000)]
  0x0000023543f30820 JavaThread "Unconstrained build operations Thread 14" [_thread_blocked, id=12696, stack(0x00000097ca700000,0x00000097ca800000)]
  0x0000023543f34f00 JavaThread "Unconstrained build operations Thread 15" [_thread_blocked, id=17904, stack(0x00000097ca800000,0x00000097ca900000)]
  0x0000023543f2fe00 JavaThread "Unconstrained build operations Thread 16" [_thread_blocked, id=4896, stack(0x00000097ca900000,0x00000097caa00000)]
  0x0000023543f30310 JavaThread "Unconstrained build operations Thread 17" [_thread_blocked, id=24728, stack(0x00000097caa00000,0x00000097cab00000)]
  0x0000023543f35410 JavaThread "Unconstrained build operations Thread 18" [_thread_blocked, id=7792, stack(0x00000097cab00000,0x00000097cac00000)]
  0x00000235446ed5b0 JavaThread "Unconstrained build operations Thread 19" [_thread_blocked, id=25020, stack(0x00000097cac00000,0x00000097cad00000)]
  0x00000235446e8ed0 JavaThread "Unconstrained build operations Thread 20" [_thread_blocked, id=4132, stack(0x00000097cad00000,0x00000097cae00000)]
  0x00000235446ecb90 JavaThread "Unconstrained build operations Thread 21" [_thread_blocked, id=23536, stack(0x00000097cae00000,0x00000097caf00000)]
  0x00000235446ea820 JavaThread "Unconstrained build operations Thread 22" [_thread_blocked, id=20540, stack(0x00000097caf00000,0x00000097cb000000)]
  0x00000235446ea310 JavaThread "Unconstrained build operations Thread 23" [_thread_blocked, id=1576, stack(0x00000097cb000000,0x00000097cb100000)]
  0x00000235446e89c0 JavaThread "Unconstrained build operations Thread 24" [_thread_blocked, id=23176, stack(0x00000097cb100000,0x00000097cb200000)]
  0x00000235446e7070 JavaThread "Unconstrained build operations Thread 25" [_thread_blocked, id=14768, stack(0x00000097cb200000,0x00000097cb300000)]
  0x00000235446e84b0 JavaThread "Unconstrained build operations Thread 26" [_thread_blocked, id=11308, stack(0x00000097cb300000,0x00000097cb400000)]
  0x00000235446e98f0 JavaThread "Unconstrained build operations Thread 27" [_thread_blocked, id=25420, stack(0x00000097cb400000,0x00000097cb500000)]
  0x00000235446ead30 JavaThread "Unconstrained build operations Thread 28" [_thread_blocked, id=24280, stack(0x00000097cb500000,0x00000097cb600000)]
  0x00000235446e9e00 JavaThread "Unconstrained build operations Thread 29" [_thread_blocked, id=17272, stack(0x00000097cb600000,0x00000097cb700000)]
  0x00000235446ec680 JavaThread "Unconstrained build operations Thread 30" [_thread_blocked, id=10884, stack(0x00000097cb700000,0x00000097cb800000)]
  0x00000235446eb240 JavaThread "Unconstrained build operations Thread 31" [_thread_blocked, id=6836, stack(0x00000097cb800000,0x00000097cb900000)]
  0x00000235446e7580 JavaThread "Unconstrained build operations Thread 32" [_thread_blocked, id=24508, stack(0x00000097cb900000,0x00000097cba00000)]
  0x00000235446eb750 JavaThread "Unconstrained build operations Thread 33" [_thread_blocked, id=26300, stack(0x00000097cba00000,0x00000097cbb00000)]
  0x00000235446edac0 JavaThread "Unconstrained build operations Thread 34" [_thread_blocked, id=14756, stack(0x00000097cbb00000,0x00000097cbc00000)]
  0x00000235446e7fa0 JavaThread "Unconstrained build operations Thread 35" [_thread_blocked, id=18024, stack(0x00000097cbc00000,0x00000097cbd00000)]
  0x00000235446ebc60 JavaThread "Unconstrained build operations Thread 36" [_thread_blocked, id=17132, stack(0x00000097cbd00000,0x00000097cbe00000)]
  0x00000235446ed0a0 JavaThread "Unconstrained build operations Thread 37" [_thread_blocked, id=23928, stack(0x00000097cbe00000,0x00000097cbf00000)]
  0x00000235446edfd0 JavaThread "Unconstrained build operations Thread 38" [_thread_blocked, id=26516, stack(0x00000097cbf00000,0x00000097cc000000)]
  0x00000235446ec170 JavaThread "Unconstrained build operations Thread 39" [_thread_blocked, id=12260, stack(0x00000097cc000000,0x00000097cc100000)]
  0x00000235446ee4e0 JavaThread "Unconstrained build operations Thread 40" [_thread_blocked, id=23152, stack(0x00000097cc100000,0x00000097cc200000)]
  0x00000235446ee9f0 JavaThread "Unconstrained build operations Thread 41" [_thread_blocked, id=17392, stack(0x00000097cc200000,0x00000097cc300000)]
  0x00000235446e7a90 JavaThread "Unconstrained build operations Thread 42" [_thread_blocked, id=20928, stack(0x00000097cc300000,0x00000097cc400000)]
  0x00000235446e93e0 JavaThread "Unconstrained build operations Thread 43" [_thread_blocked, id=10048, stack(0x00000097cc400000,0x00000097cc500000)]
  0x0000023544f018e0 JavaThread "Unconstrained build operations Thread 44" [_thread_blocked, id=12972, stack(0x00000097cc500000,0x00000097cc600000)]
  0x0000023544f02300 JavaThread "Unconstrained build operations Thread 45" [_thread_blocked, id=25292, stack(0x00000097cc600000,0x00000097cc700000)]
  0x0000023544f064d0 JavaThread "Unconstrained build operations Thread 46" [_thread_blocked, id=22792, stack(0x00000097cc700000,0x00000097cc800000)]
  0x0000023544f03c50 JavaThread "Unconstrained build operations Thread 47" [_thread_blocked, id=19260, stack(0x00000097cc800000,0x00000097cc900000)]
  0x0000023544eff060 JavaThread "Unconstrained build operations Thread 48" [_thread_blocked, id=16172, stack(0x00000097cc900000,0x00000097cca00000)]
  0x0000023544f004a0 JavaThread "Unconstrained build operations Thread 49" [_thread_blocked, id=19452, stack(0x00000097cca00000,0x00000097ccb00000)]
  0x0000023544f01df0 JavaThread "Unconstrained build operations Thread 50" [_thread_blocked, id=9988, stack(0x00000097ccb00000,0x00000097ccc00000)]
  0x0000023544f02810 JavaThread "Unconstrained build operations Thread 51" [_thread_blocked, id=23112, stack(0x00000097ccc00000,0x00000097ccd00000)]
  0x0000023544eff570 JavaThread "Unconstrained build operations Thread 52" [_thread_blocked, id=8264, stack(0x00000097ccd00000,0x00000097cce00000)]
  0x0000023544f069e0 JavaThread "Unconstrained build operations Thread 53" [_thread_blocked, id=12568, stack(0x00000097cce00000,0x00000097ccf00000)]
  0x0000023544effa80 JavaThread "Unconstrained build operations Thread 54" [_thread_blocked, id=23376, stack(0x00000097ccf00000,0x00000097cd000000)]
  0x0000023544f03230 JavaThread "Unconstrained build operations Thread 55" [_thread_blocked, id=22956, stack(0x00000097cd000000,0x00000097cd100000)]
  0x0000023544f04160 JavaThread "Unconstrained build operations Thread 56" [_thread_blocked, id=15916, stack(0x00000097cd100000,0x00000097cd200000)]
  0x0000023544f02d20 JavaThread "Unconstrained build operations Thread 57" [_thread_blocked, id=23296, stack(0x00000097cd200000,0x00000097cd300000)]
  0x0000023544f03740 JavaThread "Unconstrained build operations Thread 58" [_thread_blocked, id=16616, stack(0x00000097cd300000,0x00000097cd400000)]
  0x0000023544f04670 JavaThread "Unconstrained build operations Thread 59" [_thread_blocked, id=24036, stack(0x00000097cd400000,0x00000097cd500000)]
  0x0000023544f04b80 JavaThread "Unconstrained build operations Thread 60" [_thread_blocked, id=26104, stack(0x00000097cd500000,0x00000097cd600000)]
  0x0000023544f055a0 JavaThread "Unconstrained build operations Thread 61" [_thread_blocked, id=1076, stack(0x00000097cd600000,0x00000097cd700000)]
  0x0000023544f05090 JavaThread "Unconstrained build operations Thread 62" [_thread_blocked, id=19704, stack(0x00000097cd700000,0x00000097cd800000)]
  0x0000023544efff90 JavaThread "Unconstrained build operations Thread 63" [_thread_blocked, id=19712, stack(0x00000097cd800000,0x00000097cd900000)]
  0x0000023544f009b0 JavaThread "Unconstrained build operations Thread 64" [_thread_blocked, id=9624, stack(0x00000097cd900000,0x00000097cda00000)]
  0x0000023544f05ab0 JavaThread "Unconstrained build operations Thread 65" [_thread_blocked, id=13084, stack(0x00000097cda00000,0x00000097cdb00000)]
  0x0000023544f05fc0 JavaThread "Unconstrained build operations Thread 66" [_thread_blocked, id=23068, stack(0x00000097cdb00000,0x00000097cdc00000)]
  0x0000023544f00ec0 JavaThread "Unconstrained build operations Thread 67" [_thread_blocked, id=16864, stack(0x00000097cdc00000,0x00000097cdd00000)]
  0x0000023544f013d0 JavaThread "Unconstrained build operations Thread 68" [_thread_blocked, id=19416, stack(0x00000097cdd00000,0x00000097cde00000)]
  0x0000023543df7c90 JavaThread "Unconstrained build operations Thread 69" [_thread_blocked, id=23368, stack(0x00000097cde00000,0x00000097cdf00000)]
  0x0000023543dfb440 JavaThread "Unconstrained build operations Thread 70" [_thread_blocked, id=11612, stack(0x00000097cdf00000,0x00000097ce000000)]
  0x0000023543df7780 JavaThread "Unconstrained build operations Thread 71" [_thread_blocked, id=7276, stack(0x00000097ce000000,0x00000097ce100000)]
  0x0000023543df86b0 JavaThread "Unconstrained build operations Thread 72" [_thread_blocked, id=15880, stack(0x00000097ce100000,0x00000097ce200000)]
  0x0000023543dfb950 JavaThread "Unconstrained build operations Thread 73" [_thread_blocked, id=25152, stack(0x00000097ce200000,0x00000097ce300000)]
  0x0000023543dfbe60 JavaThread "Unconstrained build operations Thread 74" [_thread_blocked, id=16812, stack(0x00000097ce300000,0x00000097ce400000)]
  0x0000023543dfc370 JavaThread "Unconstrained build operations Thread 75" [_thread_blocked, id=13604, stack(0x00000097ce400000,0x00000097ce500000)]
  0x0000023543df7270 JavaThread "Unconstrained build operations Thread 76" [_thread_blocked, id=24600, stack(0x00000097ce500000,0x00000097ce600000)]
  0x0000023543dfa510 JavaThread "Unconstrained build operations Thread 77" [_thread_blocked, id=4708, stack(0x00000097ce600000,0x00000097ce700000)]
  0x0000023543df6340 JavaThread "Unconstrained build operations Thread 78" [_thread_blocked, id=24656, stack(0x00000097ce700000,0x00000097ce800000)]
  0x0000023543dfcd90 JavaThread "Unconstrained build operations Thread 79" [_thread_blocked, id=16696, stack(0x00000097ce800000,0x00000097ce900000)]
  0x0000023543df6d60 JavaThread "Unconstrained build operations Thread 80" [_thread_blocked, id=23752, stack(0x00000097ce900000,0x00000097cea00000)]

Other Threads:
  0x000002353b6e16a0 VMThread "VM Thread" [stack: 0x00000097c5a00000,0x00000097c5b00000] [id=25800]
  0x000002353ba0fe30 WatcherThread [stack: 0x00000097c6600000,0x00000097c6700000] [id=25760]
  0x000002351ad1e530 GCTaskThread "GC Thread#0" [stack: 0x00000097c5500000,0x00000097c5600000] [id=14688]
  0x0000023540895e70 GCTaskThread "GC Thread#1" [stack: 0x00000097c6700000,0x00000097c6800000] [id=10972]
  0x0000023540a2fb20 GCTaskThread "GC Thread#2" [stack: 0x00000097c6800000,0x00000097c6900000] [id=24064]
  0x000002354075d110 GCTaskThread "GC Thread#3" [stack: 0x00000097c6900000,0x00000097c6a00000] [id=13980]
  0x00000235408aded0 GCTaskThread "GC Thread#4" [stack: 0x00000097c6a00000,0x00000097c6b00000] [id=23624]
  0x0000023541de21f0 GCTaskThread "GC Thread#5" [stack: 0x00000097c7700000,0x00000097c7800000] [id=7544]
  0x0000023541da8f40 GCTaskThread "GC Thread#6" [stack: 0x00000097c7800000,0x00000097c7900000] [id=2928]
  0x0000023541da95a0 GCTaskThread "GC Thread#7" [stack: 0x00000097c7900000,0x00000097c7a00000] [id=404]
  0x000002351ad2f390 ConcurrentGCThread "G1 Main Marker" [stack: 0x00000097c5600000,0x00000097c5700000] [id=26212]
  0x000002351ad30cd0 ConcurrentGCThread "G1 Conc#0" [stack: 0x00000097c5700000,0x00000097c5800000] [id=12988]
  0x0000023541912d60 ConcurrentGCThread "G1 Conc#1" [stack: 0x00000097c7a00000,0x00000097c7b00000] [id=15660]
  0x000002351ad69540 ConcurrentGCThread "G1 Refine#0" [stack: 0x00000097c5800000,0x00000097c5900000] [id=25540]
  0x000002353b5420c0 ConcurrentGCThread "G1 Service" [stack: 0x00000097c5900000,0x00000097c5a00000] [id=24680]

Threads with active compile tasks:
C2 CompilerThread0    14790 7818       4       org.objectweb.asm.MethodVisitor::visitMethodInsn (80 bytes)
C2 CompilerThread1    14790 7535   !   4       java.io.ObjectOutputStream::writeObject0 (620 bytes)

VM state: not at safepoint (normal execution)

VM Mutex/Monitor currently owned by a thread: None

Heap address: 0x0000000700000000, size: 4096 MB, Compressed Oops mode: Zero based, Oop shift amount: 3

CDS archive(s) not mapped
Compressed class space mapped at: 0x0000000800000000-0x0000000840000000, reserved size: 1073741824
Narrow klass base: 0x0000000800000000, Narrow klass shift: 0, Narrow klass range: 0x40000000

GC Precious Log:
 CPUs: 8 total, 8 available
 Memory: 8029M
 Large Page Support: Disabled
 NUMA Support: Disabled
 Compressed Oops: Enabled (Zero based)
 Heap Region Size: 2M
 Heap Min Capacity: 8M
 Heap Initial Capacity: 126M
 Heap Max Capacity: 4G
 Pre-touch: Disabled
 Parallel Workers: 8
 Concurrent Workers: 2
 Concurrent Refinement Workers: 8
 Periodic GC: Disabled

Heap:
 garbage-first heap   total 96256K, used 52642K [0x0000000700000000, 0x0000000800000000)
  region size 2048K, 5 young (10240K), 2 survivors (4096K)
 Metaspace       used 69744K, committed 70336K, reserved 1114112K
  class space    used 9602K, committed 9856K, reserved 1048576K

Heap Regions: E=young(eden), S=young(survivor), O=old, HS=humongous(starts), HC=humongous(continues), CS=collection set, F=free, OA=open archive, CA=closed archive, TAMS=top-at-mark-start (previous, next)
|   0|0x0000000700000000, 0x0000000700200000, 0x0000000700200000|100%|HS|  |TAMS 0x0000000700200000, 0x0000000700000000| Complete 
|   1|0x0000000700200000, 0x0000000700400000, 0x0000000700400000|100%|HC|  |TAMS 0x0000000700400000, 0x0000000700200000| Complete 
|   2|0x0000000700400000, 0x0000000700600000, 0x0000000700600000|100%| O|  |TAMS 0x0000000700600000, 0x0000000700400000| Untracked 
|   3|0x0000000700600000, 0x0000000700800000, 0x0000000700800000|100%| O|  |TAMS 0x0000000700800000, 0x0000000700600000| Untracked 
|   4|0x0000000700800000, 0x00000007009e7600, 0x0000000700a00000| 95%| O|  |TAMS 0x00000007009e7600, 0x0000000700800000| Untracked 
|   5|0x0000000700a00000, 0x0000000700c00000, 0x0000000700c00000|100%| O|  |TAMS 0x0000000700c00000, 0x0000000700a00000| Untracked 
|   6|0x0000000700c00000, 0x0000000700e00000, 0x0000000700e00000|100%| O|  |TAMS 0x0000000700e00000, 0x0000000700c00000| Untracked 
|   7|0x0000000700e00000, 0x0000000701000000, 0x0000000701000000|100%| O|  |TAMS 0x0000000701000000, 0x0000000700e00000| Untracked 
|   8|0x0000000701000000, 0x0000000701200000, 0x0000000701200000|100%| O|  |TAMS 0x0000000701200000, 0x0000000701000000| Untracked 
|   9|0x0000000701200000, 0x0000000701400000, 0x0000000701400000|100%| O|  |TAMS 0x0000000701400000, 0x0000000701200000| Untracked 
|  10|0x0000000701400000, 0x0000000701600000, 0x0000000701600000|100%| O|  |TAMS 0x0000000701600000, 0x0000000701400000| Untracked 
|  11|0x0000000701600000, 0x0000000701800000, 0x0000000701800000|100%| O|  |TAMS 0x0000000701800000, 0x0000000701600000| Untracked 
|  12|0x0000000701800000, 0x0000000701a00000, 0x0000000701a00000|100%| O|  |TAMS 0x0000000701a00000, 0x0000000701800000| Untracked 
|  13|0x0000000701a00000, 0x0000000701c00000, 0x0000000701c00000|100%| O|  |TAMS 0x0000000701c00000, 0x0000000701a00000| Untracked 
|  14|0x0000000701c00000, 0x0000000701e00000, 0x0000000701e00000|100%| O|  |TAMS 0x0000000701e00000, 0x0000000701c00000| Untracked 
|  15|0x0000000701e00000, 0x0000000702000000, 0x0000000702000000|100%| O|  |TAMS 0x0000000702000000, 0x0000000701e00000| Untracked 
|  16|0x0000000702000000, 0x0000000702200000, 0x0000000702200000|100%| O|  |TAMS 0x0000000702200000, 0x0000000702000000| Untracked 
|  17|0x0000000702200000, 0x0000000702400000, 0x0000000702400000|100%| O|  |TAMS 0x0000000702400000, 0x0000000702200000| Untracked 
|  18|0x0000000702400000, 0x0000000702600000, 0x0000000702600000|100%| O|  |TAMS 0x0000000702600000, 0x0000000702400000| Untracked 
|  19|0x0000000702600000, 0x0000000702800000, 0x0000000702800000|100%| O|  |TAMS 0x00000007027d2800, 0x0000000702600000| Untracked 
|  20|0x0000000702800000, 0x0000000702a00000, 0x0000000702a00000|100%| O|  |TAMS 0x0000000702800000, 0x0000000702800000| Untracked 
|  21|0x0000000702a00000, 0x0000000702b81200, 0x0000000702c00000| 75%| O|  |TAMS 0x0000000702a00000, 0x0000000702a00000| Untracked 
|  22|0x0000000702c00000, 0x0000000702c00000, 0x0000000702e00000|  0%| F|  |TAMS 0x0000000702c00000, 0x0000000702c00000| Untracked 
|  23|0x0000000702e00000, 0x0000000702e00000, 0x0000000703000000|  0%| F|  |TAMS 0x0000000702e00000, 0x0000000702e00000| Untracked 
|  24|0x0000000703000000, 0x0000000703000000, 0x0000000703200000|  0%| F|  |TAMS 0x0000000703000000, 0x0000000703000000| Untracked 
|  25|0x0000000703200000, 0x0000000703200000, 0x0000000703400000|  0%| F|  |TAMS 0x0000000703200000, 0x0000000703200000| Untracked 
|  26|0x0000000703400000, 0x0000000703400000, 0x0000000703600000|  0%| F|  |TAMS 0x0000000703400000, 0x0000000703400000| Untracked 
|  27|0x0000000703600000, 0x0000000703800000, 0x0000000703800000|100%| S|CS|TAMS 0x0000000703600000, 0x0000000703600000| Complete 
|  28|0x0000000703800000, 0x0000000703800000, 0x0000000703a00000|  0%| F|  |TAMS 0x0000000703800000, 0x0000000703800000| Untracked 
|  29|0x0000000703a00000, 0x0000000703a00000, 0x0000000703c00000|  0%| F|  |TAMS 0x0000000703a00000, 0x0000000703a00000| Untracked 
|  30|0x0000000703c00000, 0x0000000703c00000, 0x0000000703e00000|  0%| F|  |TAMS 0x0000000703c00000, 0x0000000703c00000| Untracked 
|  31|0x0000000703e00000, 0x0000000704000000, 0x0000000704000000|100%| S|CS|TAMS 0x0000000703e00000, 0x0000000703e00000| Complete 
|  32|0x0000000704000000, 0x0000000704000000, 0x0000000704200000|  0%| F|  |TAMS 0x0000000704000000, 0x0000000704000000| Untracked 
|  33|0x0000000704200000, 0x0000000704200000, 0x0000000704400000|  0%| F|  |TAMS 0x0000000704200000, 0x0000000704200000| Untracked 
|  34|0x0000000704400000, 0x0000000704400000, 0x0000000704600000|  0%| F|  |TAMS 0x0000000704400000, 0x0000000704400000| Untracked 
|  35|0x0000000704600000, 0x0000000704600000, 0x0000000704800000|  0%| F|  |TAMS 0x0000000704600000, 0x0000000704600000| Untracked 
|  36|0x0000000704800000, 0x0000000704800000, 0x0000000704a00000|  0%| F|  |TAMS 0x0000000704800000, 0x0000000704800000| Untracked 
|  37|0x0000000704a00000, 0x0000000704a00000, 0x0000000704c00000|  0%| F|  |TAMS 0x0000000704a00000, 0x0000000704a00000| Untracked 
|  38|0x0000000704c00000, 0x0000000704c00000, 0x0000000704e00000|  0%| F|  |TAMS 0x0000000704c00000, 0x0000000704c00000| Untracked 
|  39|0x0000000704e00000, 0x0000000704e00000, 0x0000000705000000|  0%| F|  |TAMS 0x0000000704e00000, 0x0000000704e00000| Untracked 
|  40|0x0000000705000000, 0x0000000705000000, 0x0000000705200000|  0%| F|  |TAMS 0x0000000705000000, 0x0000000705000000| Untracked 
|  41|0x0000000705200000, 0x0000000705200000, 0x0000000705400000|  0%| F|  |TAMS 0x0000000705200000, 0x0000000705200000| Untracked 
|  42|0x0000000705400000, 0x0000000705400000, 0x0000000705600000|  0%| F|  |TAMS 0x0000000705400000, 0x0000000705400000| Untracked 
|  43|0x0000000705600000, 0x0000000705600000, 0x0000000705800000|  0%| F|  |TAMS 0x0000000705600000, 0x0000000705600000| Untracked 
|  44|0x0000000705800000, 0x00000007058d8740, 0x0000000705a00000| 42%| E|  |TAMS 0x0000000705800000, 0x0000000705800000| Complete 
|  45|0x0000000705a00000, 0x0000000705c00000, 0x0000000705c00000|100%| E|CS|TAMS 0x0000000705a00000, 0x0000000705a00000| Complete 
|  62|0x0000000707c00000, 0x0000000707e00000, 0x0000000707e00000|100%| E|CS|TAMS 0x0000000707c00000, 0x0000000707c00000| Complete 

Card table byte_map: [0x000002352fbe0000,0x00000235303e0000] _byte_map_base: 0x000002352c3e0000

Marking Bits (Prev, Next): (CMBitMap*) 0x000002351ad1ea60, (CMBitMap*) 0x000002351ad1eaa0
 Prev Bits: [0x0000023530be0000, 0x0000023534be0000)
 Next Bits: [0x0000023534be0000, 0x0000023538be0000)

Polling page: 0x000002351ad70000

Metaspace:

Usage:
  Non-class:     58.73 MB used.
      Class:      9.38 MB used.
       Both:     68.11 MB used.

Virtual space:
  Non-class space:       64.00 MB reserved,      59.06 MB ( 92%) committed,  1 nodes.
      Class space:        1.00 GB reserved,       9.62 MB ( <1%) committed,  1 nodes.
             Both:        1.06 GB reserved,      68.69 MB (  6%) committed. 

Chunk freelists:
   Non-Class:  4.83 MB
       Class:  6.39 MB
        Both:  11.22 MB

MaxMetaspaceSize: unlimited
CompressedClassSpaceSize: 1.00 GB
Initial GC threshold: 21.00 MB
Current GC threshold: 107.50 MB
CDS: off
MetaspaceReclaimPolicy: balanced
 - commit_granule_bytes: 65536.
 - commit_granule_words: 8192.
 - virtual_space_node_default_size: 8388608.
 - enlarge_chunks_in_place: 1.
 - new_chunks_are_fully_committed: 0.
 - uncommit_free_chunks: 1.
 - use_allocation_guard: 0.
 - handle_deallocations: 1.


Internal statistics:

num_allocs_failed_limit: 6.
num_arena_births: 792.
num_arena_deaths: 0.
num_vsnodes_births: 2.
num_vsnodes_deaths: 0.
num_space_committed: 1099.
num_space_uncommitted: 0.
num_chunks_returned_to_freelist: 6.
num_chunks_taken_from_freelist: 3244.
num_chunk_merges: 6.
num_chunk_splits: 2103.
num_chunks_enlarged: 1375.
num_inconsistent_stats: 0.

CodeHeap 'non-profiled nmethods': size=120000Kb used=3560Kb max_used=3560Kb free=116440Kb
 bounds [0x0000023527430000, 0x00000235277b0000, 0x000002352e960000]
CodeHeap 'profiled nmethods': size=120000Kb used=13656Kb max_used=13656Kb free=106344Kb
 bounds [0x000002351f960000, 0x00000235206c0000, 0x0000023526e90000]
CodeHeap 'non-nmethods': size=5760Kb used=2362Kb max_used=2444Kb free=3398Kb
 bounds [0x0000023526e90000, 0x0000023527110000, 0x0000023527430000]
 total_blobs=7886 nmethods=7000 adapters=798
 compilation: enabled
              stopped_count=0, restarted_count=0
 full_count=0

Compilation events (20 events):
Event: 14.737 Thread 0x000002353b86dac0 7853       1       org.apache.tools.zip.ZipEntry::getInternalAttributes (5 bytes)
Event: 14.737 Thread 0x000002353b86dac0 nmethod 7853 0x00000235277a9a10 code [0x00000235277a9ba0, 0x00000235277a9c78]
Event: 14.737 Thread 0x000002353b86dac0 7854       1       org.apache.tools.zip.ZipEntry::getExternalAttributes (5 bytes)
Event: 14.737 Thread 0x000002353b86dac0 nmethod 7854 0x00000235277a9d10 code [0x00000235277a9ea0, 0x00000235277a9f78]
Event: 14.737 Thread 0x000002353b86dac0 7855       3       org.apache.tools.zip.ZipEntry::hashCode (8 bytes)
Event: 14.737 Thread 0x000002353b86dac0 nmethod 7855 0x00000235206af310 code [0x00000235206af4c0, 0x00000235206af6e8]
Event: 14.737 Thread 0x000002353b86dac0 7856       3       org.apache.tools.zip.ZipOutputStream::getName (15 bytes)
Event: 14.738 Thread 0x000002353b86dac0 nmethod 7856 0x00000235206af810 code [0x00000235206afae0, 0x00000235206b0828]
Event: 14.738 Thread 0x000002353b86dac0 7857       3       org.apache.tools.zip.ZipOutputStream::versionNeededToExtract (23 bytes)
Event: 14.738 Thread 0x000002353b86dac0 nmethod 7857 0x00000235206b0e10 code [0x00000235206b0fc0, 0x00000235206b12b8]
Event: 14.738 Thread 0x000002353b86dac0 7858       3       org.apache.tools.zip.ZipOutputStream::getGeneralPurposeBits (43 bytes)
Event: 14.738 Thread 0x000002353b86dac0 nmethod 7858 0x00000235206b1390 code [0x00000235206b1540, 0x00000235206b1958]
Event: 14.738 Thread 0x000002353b86dac0 7859       3       org.apache.tools.zip.GeneralPurposeBit::encode (61 bytes)
Event: 14.739 Thread 0x000002353b86dac0 nmethod 7859 0x00000235206b1a90 code [0x00000235206b1c40, 0x00000235206b1f78]
Event: 14.739 Thread 0x000002353b86dac0 7860       3       org.apache.tools.zip.ZipUtil::toDosTime (108 bytes)
Event: 14.739 Thread 0x000002353b86dac0 nmethod 7860 0x00000235206b2090 code [0x00000235206b2340, 0x00000235206b3408]
Event: 14.739 Thread 0x000002353b86dac0 7861       3       java.io.OutputStream::write (9 bytes)
Event: 14.739 Thread 0x000002353b86dac0 nmethod 7861 0x00000235206b3a10 code [0x00000235206b3bc0, 0x00000235206b3da8]
Event: 14.745 Thread 0x000002353b86dac0 7862   !   3       org.gradle.internal.UncheckedException::unchecked (13 bytes)
Event: 14.746 Thread 0x000002353b86dac0 nmethod 7862 0x00000235206b3e90 code [0x00000235206b4040, 0x00000235206b42b8]

GC Heap History (20 events):
Event: 9.018 GC heap before
{Heap before GC invocations=12 (full 0):
 garbage-first heap   total 75776K, used 55922K [0x0000000700000000, 0x0000000800000000)
  region size 2048K, 13 young (26624K), 2 survivors (4096K)
 Metaspace       used 49317K, committed 49856K, reserved 1114112K
  class space    used 6496K, committed 6720K, reserved 1048576K
}
Event: 9.022 GC heap after
{Heap after GC invocations=13 (full 0):
 garbage-first heap   total 75776K, used 37220K [0x0000000700000000, 0x0000000800000000)
  region size 2048K, 2 young (4096K), 2 survivors (4096K)
 Metaspace       used 49317K, committed 49856K, reserved 1114112K
  class space    used 6496K, committed 6720K, reserved 1048576K
}
Event: 9.598 GC heap before
{Heap before GC invocations=13 (full 0):
 garbage-first heap   total 75776K, used 57700K [0x0000000700000000, 0x0000000800000000)
  region size 2048K, 12 young (24576K), 2 survivors (4096K)
 Metaspace       used 51266K, committed 51840K, reserved 1114112K
  class space    used 6807K, committed 7040K, reserved 1048576K
}
Event: 9.602 GC heap after
{Heap after GC invocations=14 (full 0):
 garbage-first heap   total 75776K, used 38187K [0x0000000700000000, 0x0000000800000000)
  region size 2048K, 2 young (4096K), 2 survivors (4096K)
 Metaspace       used 51266K, committed 51840K, reserved 1114112K
  class space    used 6807K, committed 7040K, reserved 1048576K
}
Event: 10.243 GC heap before
{Heap before GC invocations=15 (full 0):
 garbage-first heap   total 75776K, used 58667K [0x0000000700000000, 0x0000000800000000)
  region size 2048K, 12 young (24576K), 2 survivors (4096K)
 Metaspace       used 54444K, committed 55104K, reserved 1114112K
  class space    used 7307K, committed 7616K, reserved 1048576K
}
Event: 10.246 GC heap after
{Heap after GC invocations=16 (full 0):
 garbage-first heap   total 75776K, used 39493K [0x0000000700000000, 0x0000000800000000)
  region size 2048K, 2 young (4096K), 2 survivors (4096K)
 Metaspace       used 54444K, committed 55104K, reserved 1114112K
  class space    used 7307K, committed 7616K, reserved 1048576K
}
Event: 10.669 GC heap before
{Heap before GC invocations=16 (full 0):
 garbage-first heap   total 75776K, used 57925K [0x0000000700000000, 0x0000000800000000)
  region size 2048K, 11 young (22528K), 2 survivors (4096K)
 Metaspace       used 56388K, committed 56960K, reserved 1114112K
  class space    used 7625K, committed 7872K, reserved 1048576K
}
Event: 10.672 GC heap after
{Heap after GC invocations=17 (full 0):
 garbage-first heap   total 75776K, used 40197K [0x0000000700000000, 0x0000000800000000)
  region size 2048K, 2 young (4096K), 2 survivors (4096K)
 Metaspace       used 56388K, committed 56960K, reserved 1114112K
  class space    used 7625K, committed 7872K, reserved 1048576K
}
Event: 11.078 GC heap before
{Heap before GC invocations=18 (full 0):
 garbage-first heap   total 75776K, used 58629K [0x0000000700000000, 0x0000000800000000)
  region size 2048K, 11 young (22528K), 2 survivors (4096K)
 Metaspace       used 58919K, committed 59520K, reserved 1114112K
  class space    used 7965K, committed 8256K, reserved 1048576K
}
Event: 11.082 GC heap after
{Heap after GC invocations=19 (full 0):
 garbage-first heap   total 75776K, used 40762K [0x0000000700000000, 0x0000000800000000)
  region size 2048K, 2 young (4096K), 2 survivors (4096K)
 Metaspace       used 58919K, committed 59520K, reserved 1114112K
  class space    used 7965K, committed 8256K, reserved 1048576K
}
Event: 11.513 GC heap before
{Heap before GC invocations=19 (full 0):
 garbage-first heap   total 75776K, used 59194K [0x0000000700000000, 0x0000000800000000)
  region size 2048K, 12 young (24576K), 2 survivors (4096K)
 Metaspace       used 61079K, committed 61696K, reserved 1114112K
  class space    used 8231K, committed 8512K, reserved 1048576K
}
Event: 11.517 GC heap after
{Heap after GC invocations=20 (full 0):
 garbage-first heap   total 75776K, used 42468K [0x0000000700000000, 0x0000000800000000)
  region size 2048K, 2 young (4096K), 2 survivors (4096K)
 Metaspace       used 61079K, committed 61696K, reserved 1114112K
  class space    used 8231K, committed 8512K, reserved 1048576K
}
Event: 11.932 GC heap before
{Heap before GC invocations=21 (full 0):
 garbage-first heap   total 79872K, used 58852K [0x0000000700000000, 0x0000000800000000)
  region size 2048K, 11 young (22528K), 2 survivors (4096K)
 Metaspace       used 63059K, committed 63616K, reserved 1114112K
  class space    used 8542K, committed 8768K, reserved 1048576K
}
Event: 11.938 GC heap after
{Heap after GC invocations=22 (full 0):
 garbage-first heap   total 79872K, used 43461K [0x0000000700000000, 0x0000000800000000)
  region size 2048K, 2 young (4096K), 2 survivors (4096K)
 Metaspace       used 63059K, committed 63616K, reserved 1114112K
  class space    used 8542K, committed 8768K, reserved 1048576K
}
Event: 12.607 GC heap before
{Heap before GC invocations=22 (full 0):
 garbage-first heap   total 79872K, used 63941K [0x0000000700000000, 0x0000000800000000)
  region size 2048K, 12 young (24576K), 2 survivors (4096K)
 Metaspace       used 65344K, committed 65920K, reserved 1114112K
  class space    used 8915K, committed 9152K, reserved 1048576K
}
Event: 12.612 GC heap after
{Heap after GC invocations=23 (full 0):
 garbage-first heap   total 96256K, used 44700K [0x0000000700000000, 0x0000000800000000)
  region size 2048K, 2 young (4096K), 2 survivors (4096K)
 Metaspace       used 65344K, committed 65920K, reserved 1114112K
  class space    used 8915K, committed 9152K, reserved 1048576K
}
Event: 13.591 GC heap before
{Heap before GC invocations=24 (full 0):
 garbage-first heap   total 96256K, used 77468K [0x0000000700000000, 0x0000000800000000)
  region size 2048K, 18 young (36864K), 2 survivors (4096K)
 Metaspace       used 68640K, committed 69312K, reserved 1114112K
  class space    used 9512K, committed 9792K, reserved 1048576K
}
Event: 13.595 GC heap after
{Heap after GC invocations=25 (full 0):
 garbage-first heap   total 96256K, used 46934K [0x0000000700000000, 0x0000000800000000)
  region size 2048K, 3 young (6144K), 3 survivors (6144K)
 Metaspace       used 68640K, committed 69312K, reserved 1114112K
  class space    used 9512K, committed 9792K, reserved 1048576K
}
Event: 14.518 GC heap before
{Heap before GC invocations=25 (full 0):
 garbage-first heap   total 96256K, used 75606K [0x0000000700000000, 0x0000000800000000)
  region size 2048K, 18 young (36864K), 3 survivors (6144K)
 Metaspace       used 69692K, committed 70336K, reserved 1114112K
  class space    used 9600K, committed 9856K, reserved 1048576K
}
Event: 14.523 GC heap after
{Heap after GC invocations=26 (full 0):
 garbage-first heap   total 96256K, used 48546K [0x0000000700000000, 0x0000000800000000)
  region size 2048K, 2 young (4096K), 2 survivors (4096K)
 Metaspace       used 69692K, committed 70336K, reserved 1114112K
  class space    used 9600K, committed 9856K, reserved 1048576K
}

Dll operation events (2 events):
Event: 0.079 Loaded shared library C:\Program Files\Android\Android Studio\jbr\bin\java.dll
Event: 0.993 Loaded shared library C:\Program Files\Android\Android Studio\jbr\bin\verify.dll

Deoptimization events (20 events):
Event: 14.213 Thread 0x0000023543f30310 DEOPT PACKING pc=0x00000235200fbccc sp=0x00000097caafda40
Event: 14.213 Thread 0x0000023543f30310 DEOPT UNPACKING pc=0x0000023526ee7143 sp=0x00000097caafcf98 mode 0
Event: 14.251 Thread 0x0000023543f35410 DEOPT PACKING pc=0x00000235200fbccc sp=0x00000097cabfdc70
Event: 14.251 Thread 0x0000023543f35410 DEOPT UNPACKING pc=0x0000023526ee7143 sp=0x00000097cabfd1c8 mode 0
Event: 14.293 Thread 0x00000235446e98f0 DEOPT PACKING pc=0x00000235200fbccc sp=0x00000097cb4fcd20
Event: 14.293 Thread 0x00000235446e98f0 DEOPT UNPACKING pc=0x0000023526ee7143 sp=0x00000097cb4fc278 mode 0
Event: 14.356 Thread 0x0000023541b3bfb0 Uncommon trap: trap_request=0xffffff45 fr.pc=0x00000235276f6fb4 relative=0x00000000000002f4
Event: 14.356 Thread 0x0000023541b3bfb0 Uncommon trap: reason=unstable_if action=reinterpret pc=0x00000235276f6fb4 method=org.gradle.internal.snapshot.PathUtil.equalChars(CCLorg/gradle/internal/snapshot/CaseSensitivity;)Z @ 11 c2
Event: 14.356 Thread 0x0000023541b3bfb0 DEOPT PACKING pc=0x00000235276f6fb4 sp=0x00000097c71f6e00
Event: 14.357 Thread 0x0000023541b3bfb0 DEOPT UNPACKING pc=0x0000023526ee69a3 sp=0x00000097c71f6d98 mode 2
Event: 14.429 Thread 0x00000235430c2470 DEOPT PACKING pc=0x000002351f9db59a sp=0x00000097c87feaa0
Event: 14.429 Thread 0x00000235430c2470 DEOPT UNPACKING pc=0x0000023526ee7143 sp=0x00000097c87fdfe0 mode 0
Event: 14.447 Thread 0x00000235430bdd90 Uncommon trap: trap_request=0xffffffdc fr.pc=0x00000235277971f0 relative=0x00000000000002d0
Event: 14.447 Thread 0x00000235430bdd90 Uncommon trap: reason=class_check action=make_not_entrant pc=0x00000235277971f0 method=java.util.ArrayList.toArray([Ljava/lang/Object;)[Ljava/lang/Object; @ 21 c2
Event: 14.447 Thread 0x00000235430bdd90 DEOPT PACKING pc=0x00000235277971f0 sp=0x00000097c89fe7d0
Event: 14.447 Thread 0x00000235430bdd90 DEOPT UNPACKING pc=0x0000023526ee69a3 sp=0x00000097c89fe7a0 mode 2
Event: 14.455 Thread 0x00000235430bdd90 Uncommon trap: trap_request=0xffffff45 fr.pc=0x000002352773e410 relative=0x00000000000003d0
Event: 14.455 Thread 0x00000235430bdd90 Uncommon trap: reason=unstable_if action=reinterpret pc=0x000002352773e410 method=org.objectweb.asm.MethodWriter.visitVarInsn(II)V @ 116 c2
Event: 14.455 Thread 0x00000235430bdd90 DEOPT PACKING pc=0x000002352773e410 sp=0x00000097c89fe1a0
Event: 14.455 Thread 0x00000235430bdd90 DEOPT UNPACKING pc=0x0000023526ee69a3 sp=0x00000097c89fe148 mode 2

Classes unloaded (0 events):
No events

Classes redefined (0 events):
No events

Internal exceptions (20 events):
Event: 12.791 Thread 0x0000023541b3bfb0 Exception <a 'java/lang/NoSuchMethodError'{0x0000000705701318}: 'java.lang.Object java.lang.invoke.DirectMethodHandle$Holder.newInvokeSpecial(java.lang.Object, java.lang.Object, java.lang.Object, java.lang.Object, java.lang.Object, java.lang.Object, java.lang.Object, java.lang.Object, java.lang.Object)'> (0x0000000705701318) 
thrown [s\src\hotspot\share\interpreter\linkResolver.cpp, line 771]
Event: 12.791 Thread 0x0000023541b3bfb0 Exception <a 'java/lang/NoSuchMethodError'{0x0000000705706d58}: 'java.lang.Object java.lang.invoke.Invokers$Holder.linkToTargetMethod(java.lang.Object, java.lang.Object, java.lang.Object, java.lang.Object, java.lang.Object, java.lang.Object, java.lang.Object, java.lang.Object, java.lang.Object)'> (0x0000000705706d58) 
thrown [s\src\hotspot\share\interpreter\linkResolver.cpp, line 771]
Event: 12.884 Thread 0x0000023541b3bfb0 Exception <a 'java/lang/NoSuchMethodError'{0x00000007052952f0}: 'int java.lang.invoke.DirectMethodHandle$Holder.invokeInterface(java.lang.Object, java.lang.Object, java.lang.Object, java.lang.Object)'> (0x00000007052952f0) 
thrown [s\src\hotspot\share\interpreter\linkResolver.cpp, line 771]
Event: 12.948 Thread 0x0000023541b21340 Implicit null exception at 0x0000023527490055 to 0x0000023527490660
Event: 12.948 Thread 0x0000023541b21340 Implicit null exception at 0x0000023527468572 to 0x0000023527468bec
Event: 13.094 Thread 0x00000235430c0100 Exception <a 'java/lang/NoSuchMethodError'{0x0000000704ab3ec0}: 'java.lang.Object java.lang.invoke.DirectMethodHandle$Holder.newInvokeSpecial(java.lang.Object, java.lang.Object, java.lang.Object, java.lang.Object, int, java.lang.Object)'> (0x0000000704ab3ec0) 
thrown [s\src\hotspot\share\interpreter\linkResolver.cpp, line 771]
Event: 13.094 Thread 0x00000235430c0100 Exception <a 'java/lang/NoSuchMethodError'{0x0000000704ab7f80}: 'java.lang.Object java.lang.invoke.Invokers$Holder.linkToTargetMethod(java.lang.Object, java.lang.Object, java.lang.Object, int, java.lang.Object, java.lang.Object)'> (0x0000000704ab7f80) 
thrown [s\src\hotspot\share\interpreter\linkResolver.cpp, line 771]
Event: 13.110 Thread 0x00000235430bf6e0 Exception <a 'java/lang/NoSuchMethodError'{0x0000000704b23eb0}: 'void java.lang.invoke.DirectMethodHandle$Holder.invokeInterface(java.lang.Object, java.lang.Object, java.lang.Object, java.lang.Object)'> (0x0000000704b23eb0) 
thrown [s\src\hotspot\share\interpreter\linkResolver.cpp, line 771]
Event: 13.135 Thread 0x0000023541b3cee0 Exception <a 'java/lang/NoSuchMethodError'{0x000000070483e588}: static Lorg/gradle/internal/build/event/types/DefaultTaskStartedProgressEvent;.<clinit>()V> (0x000000070483e588) 
thrown [s\src\hotspot\share\prims\jni.cpp, line 1127]
Event: 13.137 Thread 0x0000023541b3cee0 Exception <a 'java/lang/NoSuchMethodError'{0x00000007048520d0}: static Lorg/gradle/internal/build/event/types/DefaultTaskDescriptor;.<clinit>()V> (0x00000007048520d0) 
thrown [s\src\hotspot\share\prims\jni.cpp, line 1127]
Event: 13.160 Thread 0x00000235430bf6e0 Exception <a 'java/lang/NoSuchMethodError'{0x00000007048d70f0}: 'int java.lang.invoke.DirectMethodHandle$Holder.invokeSpecial(java.lang.Object, java.lang.Object, java.lang.Object, java.lang.Object, java.lang.Object)'> (0x00000007048d70f0) 
thrown [s\src\hotspot\share\interpreter\linkResolver.cpp, line 771]
Event: 13.175 Thread 0x0000023541b3cee0 Exception <a 'java/lang/NoSuchMethodError'{0x000000070496b770}: static Lorg/gradle/internal/build/event/types/DefaultTaskFinishedProgressEvent;.<clinit>()V> (0x000000070496b770) 
thrown [s\src\hotspot\share\prims\jni.cpp, line 1127]
Event: 13.176 Thread 0x0000023541b3cee0 Exception <a 'java/lang/NoSuchMethodError'{0x00000007049991f0}: static Lorg/gradle/internal/build/event/types/DefaultTaskSkippedResult;.<clinit>()V> (0x00000007049991f0) 
thrown [s\src\hotspot\share\prims\jni.cpp, line 1127]
Event: 13.176 Thread 0x0000023541b3cee0 Exception <a 'java/lang/NoSuchMethodError'{0x000000070499a4f0}: static Lorg/gradle/internal/build/event/types/AbstractTaskResult;.<clinit>()V> (0x000000070499a4f0) 
thrown [s\src\hotspot\share\prims\jni.cpp, line 1127]
Event: 13.410 Thread 0x0000023541b3cee0 Exception <a 'java/lang/NoSuchMethodError'{0x00000007040cb9e8}: static Lorg/gradle/internal/build/event/types/DefaultTaskSuccessResult;.<clinit>()V> (0x00000007040cb9e8) 
thrown [s\src\hotspot\share\prims\jni.cpp, line 1127]
Event: 13.446 Thread 0x00000235430c0100 Exception <a 'java/lang/NoSuchMethodError'{0x00000007041602a0}: 'void java.lang.invoke.DirectMethodHandle$Holder.invokeVirtual(java.lang.Object, java.lang.Object)'> (0x00000007041602a0) 
thrown [s\src\hotspot\share\interpreter\linkResolver.cpp, line 771]
Event: 13.598 Thread 0x0000023541b3cee0 Exception <a 'java/lang/NoSuchMethodError'{0x0000000707c931c8}: static [Ljava/lang/Object;.<clinit>()V> (0x0000000707c931c8) 
thrown [s\src\hotspot\share\prims\jni.cpp, line 1127]
Event: 14.434 Thread 0x00000235430bdd90 Exception <a 'sun/nio/fs/WindowsException'{0x0000000704413d10}> (0x0000000704413d10) 
thrown [s\src\hotspot\share\prims\jni.cpp, line 531]
Event: 14.741 Thread 0x00000235430bdd90 Exception <a 'sun/nio/fs/WindowsException'{0x000000070581d110}> (0x000000070581d110) 
thrown [s\src\hotspot\share\prims\jni.cpp, line 531]
Event: 14.743 Thread 0x00000235430bdd90 Exception <a 'sun/nio/fs/WindowsException'{0x000000070581d340}> (0x000000070581d340) 
thrown [s\src\hotspot\share\prims\jni.cpp, line 531]

VM Operations (20 events):
Event: 13.385 Executing VM operation: ICBufferFull
Event: 13.385 Executing VM operation: ICBufferFull done
Event: 13.587 Executing VM operation: HandshakeAllThreads
Event: 13.587 Executing VM operation: HandshakeAllThreads done
Event: 13.591 Executing VM operation: G1CollectForAllocation
Event: 13.595 Executing VM operation: G1CollectForAllocation done
Event: 13.994 Executing VM operation: ICBufferFull
Event: 13.994 Executing VM operation: ICBufferFull done
Event: 14.056 Executing VM operation: HandshakeAllThreads
Event: 14.056 Executing VM operation: HandshakeAllThreads done
Event: 14.275 Executing VM operation: ICBufferFull
Event: 14.275 Executing VM operation: ICBufferFull done
Event: 14.413 Executing VM operation: HandshakeAllThreads
Event: 14.413 Executing VM operation: HandshakeAllThreads done
Event: 14.419 Executing VM operation: HandshakeAllThreads
Event: 14.419 Executing VM operation: HandshakeAllThreads done
Event: 14.435 Executing VM operation: HandshakeAllThreads
Event: 14.435 Executing VM operation: HandshakeAllThreads done
Event: 14.517 Executing VM operation: G1CollectForAllocation
Event: 14.524 Executing VM operation: G1CollectForAllocation done

Events (20 events):
Event: 14.145 Thread 0x0000023544f00ec0 Thread added: 0x0000023544f00ec0
Event: 14.145 Thread 0x0000023544f013d0 Thread added: 0x0000023544f013d0
Event: 14.145 Thread 0x0000023543df7c90 Thread added: 0x0000023543df7c90
Event: 14.145 Thread 0x0000023543dfb440 Thread added: 0x0000023543dfb440
Event: 14.146 Thread 0x0000023543df7780 Thread added: 0x0000023543df7780
Event: 14.146 Thread 0x0000023543df86b0 Thread added: 0x0000023543df86b0
Event: 14.146 Thread 0x0000023543dfb950 Thread added: 0x0000023543dfb950
Event: 14.147 Thread 0x0000023543dfbe60 Thread added: 0x0000023543dfbe60
Event: 14.147 Thread 0x0000023543dfc370 Thread added: 0x0000023543dfc370
Event: 14.147 Thread 0x0000023543df7270 Thread added: 0x0000023543df7270
Event: 14.148 Thread 0x0000023543dfa510 Thread added: 0x0000023543dfa510
Event: 14.148 Thread 0x0000023543df6340 Thread added: 0x0000023543df6340
Event: 14.148 Thread 0x0000023543dfcd90 Thread added: 0x0000023543dfcd90
Event: 14.148 Thread 0x0000023543df6d60 Thread added: 0x0000023543df6d60
Event: 14.434 loading class sun/nio/fs/WindowsException
Event: 14.434 loading class sun/nio/fs/WindowsException done
Event: 14.739 loading class java/nio/file/StandardCopyOption
Event: 14.739 loading class java/nio/file/StandardCopyOption done
Event: 14.739 loading class sun/nio/fs/WindowsFileCopy
Event: 14.740 loading class sun/nio/fs/WindowsFileCopy done


Dynamic libraries:
0x00007ff6e40f0000 - 0x00007ff6e40fa000 	C:\Program Files\Android\Android Studio\jbr\bin\java.exe
0x00007ffa86370000 - 0x00007ffa86568000 	C:\Windows\SYSTEM32\ntdll.dll
0x00007ffa85e90000 - 0x00007ffa85f4d000 	C:\Windows\System32\KERNEL32.DLL
0x00007ffa83be0000 - 0x00007ffa83ed6000 	C:\Windows\System32\KERNELBASE.dll
0x00007ffa84110000 - 0x00007ffa84210000 	C:\Windows\System32\ucrtbase.dll
0x00007ffa71c90000 - 0x00007ffa71cab000 	C:\Program Files\Android\Android Studio\jbr\bin\VCRUNTIME140.dll
0x00007ffa72930000 - 0x00007ffa72947000 	C:\Program Files\Android\Android Studio\jbr\bin\jli.dll
0x00007ffa85ff0000 - 0x00007ffa8618e000 	C:\Windows\System32\USER32.dll
0x00007ffa83a50000 - 0x00007ffa83a72000 	C:\Windows\System32\win32u.dll
0x00007ffa854d0000 - 0x00007ffa854fb000 	C:\Windows\System32\GDI32.dll
0x00007ffa6ce30000 - 0x00007ffa6d0ca000 	C:\Windows\WinSxS\amd64_microsoft.windows.common-controls_6595b64144ccf1df_6.0.19041.3636_none_60b6a03d71f818d5\COMCTL32.dll
0x00007ffa84210000 - 0x00007ffa84327000 	C:\Windows\System32\gdi32full.dll
0x00007ffa85f50000 - 0x00007ffa85fee000 	C:\Windows\System32\msvcrt.dll
0x00007ffa83fe0000 - 0x00007ffa8407d000 	C:\Windows\System32\msvcp_win.dll
0x00007ffa85500000 - 0x00007ffa85532000 	C:\Windows\System32\IMM32.DLL
0x00007ffa7efb0000 - 0x00007ffa7efbc000 	C:\Program Files\Android\Android Studio\jbr\bin\vcruntime140_1.dll
0x00007ffa55390000 - 0x00007ffa5541d000 	C:\Program Files\Android\Android Studio\jbr\bin\msvcp140.dll
0x00007ffa19b40000 - 0x00007ffa1a7c3000 	C:\Program Files\Android\Android Studio\jbr\bin\server\jvm.dll
0x00007ffa86280000 - 0x00007ffa86330000 	C:\Windows\System32\ADVAPI32.dll
0x00007ffa85a60000 - 0x00007ffa85b00000 	C:\Windows\System32\sechost.dll
0x00007ffa857f0000 - 0x00007ffa85915000 	C:\Windows\System32\RPCRT4.dll
0x00007ffa83a20000 - 0x00007ffa83a47000 	C:\Windows\System32\bcrypt.dll
0x00007ffa82f90000 - 0x00007ffa82fdb000 	C:\Windows\SYSTEM32\POWRPROF.dll
0x00007ffa6f5c0000 - 0x00007ffa6f5c9000 	C:\Windows\SYSTEM32\WSOCK32.dll
0x00007ffa725f0000 - 0x00007ffa72617000 	C:\Windows\SYSTEM32\WINMM.dll
0x00007ffa81820000 - 0x00007ffa8182a000 	C:\Windows\SYSTEM32\VERSION.dll
0x00007ffa85cf0000 - 0x00007ffa85d5b000 	C:\Windows\System32\WS2_32.dll
0x00007ffa82e00000 - 0x00007ffa82e12000 	C:\Windows\SYSTEM32\UMPDC.dll
0x00007ffa82220000 - 0x00007ffa82232000 	C:\Windows\SYSTEM32\kernel.appcore.dll
0x00007ffa7ee20000 - 0x00007ffa7ee2a000 	C:\Program Files\Android\Android Studio\jbr\bin\jimage.dll
0x00007ffa80dd0000 - 0x00007ffa80fb4000 	C:\Windows\SYSTEM32\DBGHELP.DLL
0x00007ffa6ed90000 - 0x00007ffa6edc4000 	C:\Windows\SYSTEM32\dbgcore.DLL
0x00007ffa84080000 - 0x00007ffa84102000 	C:\Windows\System32\bcryptPrimitives.dll
0x00007ffa71650000 - 0x00007ffa71675000 	C:\Program Files\Android\Android Studio\jbr\bin\java.dll
0x00007ffa71400000 - 0x00007ffa71418000 	C:\Program Files\Android\Android Studio\jbr\bin\zip.dll
0x00007ffa84700000 - 0x00007ffa84e6b000 	C:\Windows\System32\SHELL32.dll
0x00007ffa81a70000 - 0x00007ffa8220e000 	C:\Windows\SYSTEM32\windows.storage.dll
0x00007ffa843a0000 - 0x00007ffa846f3000 	C:\Windows\System32\combase.dll
0x00007ffa83450000 - 0x00007ffa8347e000 	C:\Windows\SYSTEM32\Wldp.dll
0x00007ffa84f90000 - 0x00007ffa8505d000 	C:\Windows\System32\OLEAUT32.dll
0x00007ffa85b60000 - 0x00007ffa85c0d000 	C:\Windows\System32\SHCORE.dll
0x00007ffa85770000 - 0x00007ffa857c5000 	C:\Windows\System32\shlwapi.dll
0x00007ffa83950000 - 0x00007ffa83975000 	C:\Windows\SYSTEM32\profapi.dll
0x00007ffa6f8b0000 - 0x00007ffa6f8c9000 	C:\Program Files\Android\Android Studio\jbr\bin\net.dll
0x00007ffa7b4b0000 - 0x00007ffa7b5ba000 	C:\Windows\SYSTEM32\WINHTTP.dll
0x00007ffa83170000 - 0x00007ffa831da000 	C:\Windows\system32\mswsock.dll
0x00007ffa6ef00000 - 0x00007ffa6ef16000 	C:\Program Files\Android\Android Studio\jbr\bin\nio.dll
0x00007ffa7edd0000 - 0x00007ffa7ede0000 	C:\Program Files\Android\Android Studio\jbr\bin\verify.dll
0x00007ffa56200000 - 0x00007ffa56227000 	C:\Users\Gandharv\.gradle\native\c067742578af261105cb4f569cf0c3c89f3d7b1fecec35dd04571415982c5e48\windows-amd64\native-platform.dll
0x00007ffa35f10000 - 0x00007ffa36054000 	C:\Users\Gandharv\.gradle\native\38dada09dfb8b06ba9b0570ebf7e218e3eb74d4ef43ca46872605cf95ebc2f47\windows-amd64\native-platform-file-events.dll
0x00007ffa7d8f0000 - 0x00007ffa7d8f9000 	C:\Program Files\Android\Android Studio\jbr\bin\management.dll
0x00007ffa729b0000 - 0x00007ffa729bb000 	C:\Program Files\Android\Android Studio\jbr\bin\management_ext.dll
0x00007ffa85920000 - 0x00007ffa85928000 	C:\Windows\System32\PSAPI.DLL
0x00007ffa83380000 - 0x00007ffa83398000 	C:\Windows\SYSTEM32\CRYPTSP.dll
0x00007ffa82a30000 - 0x00007ffa82a64000 	C:\Windows\system32\rsaenh.dll
0x00007ffa83910000 - 0x00007ffa8393e000 	C:\Windows\SYSTEM32\USERENV.dll
0x00007ffa833a0000 - 0x00007ffa833ac000 	C:\Windows\SYSTEM32\CRYPTBASE.dll
0x00007ffa82e20000 - 0x00007ffa82e5b000 	C:\Windows\SYSTEM32\IPHLPAPI.DLL
0x00007ffa85760000 - 0x00007ffa85768000 	C:\Windows\System32\NSI.dll
0x00007ffa7c100000 - 0x00007ffa7c117000 	C:\Windows\SYSTEM32\dhcpcsvc6.DLL
0x00007ffa7c320000 - 0x00007ffa7c33d000 	C:\Windows\SYSTEM32\dhcpcsvc.DLL
0x00007ffa82e70000 - 0x00007ffa82f3b000 	C:\Windows\SYSTEM32\DNSAPI.dll
0x00007ffa71240000 - 0x00007ffa71249000 	C:\Program Files\Android\Android Studio\jbr\bin\extnet.dll
0x00007ffa718e0000 - 0x00007ffa718e7000 	C:\Windows\system32\wshunix.dll

dbghelp: loaded successfully - version: 4.0.5 - missing functions: none
symbol engine: initialized successfully - sym options: 0x614 - pdb path: .;C:\Program Files\Android\Android Studio\jbr\bin;C:\Windows\SYSTEM32;C:\Windows\WinSxS\amd64_microsoft.windows.common-controls_6595b64144ccf1df_6.0.19041.3636_none_60b6a03d71f818d5;C:\Program Files\Android\Android Studio\jbr\bin\server;C:\Users\Gandharv\.gradle\native\c067742578af261105cb4f569cf0c3c89f3d7b1fecec35dd04571415982c5e48\windows-amd64;C:\Users\Gandharv\.gradle\native\38dada09dfb8b06ba9b0570ebf7e218e3eb74d4ef43ca46872605cf95ebc2f47\windows-amd64

VM Arguments:
jvm_args: -XX:+HeapDumpOnOutOfMemoryError --add-opens=java.base/java.util=ALL-UNNAMED --add-opens=java.base/java.lang=ALL-UNNAMED --add-opens=java.base/java.lang.invoke=ALL-UNNAMED --add-opens=java.prefs/java.util.prefs=ALL-UNNAMED --add-opens=java.base/java.nio.charset=ALL-UNNAMED --add-opens=java.base/java.net=ALL-UNNAMED --add-opens=java.base/java.util.concurrent.atomic=ALL-UNNAMED -Xmx4G -Dfile.encoding=utf8 -Duser.country=IN -Duser.language=en -Duser.variant 
java_command: org.gradle.launcher.daemon.bootstrap.GradleDaemon 7.6.3
java_class_path (initial): C:\Users\Gandharv\.gradle\wrapper\dists\gradle-7.6.3-all\aocdy2d2z8kodnny3rsumj8i8\gradle-7.6.3\lib\gradle-launcher-7.6.3.jar
Launcher Type: SUN_STANDARD

[Global flags]
     intx CICompilerCount                          = 4                                         {product} {ergonomic}
     uint ConcGCThreads                            = 2                                         {product} {ergonomic}
     uint G1ConcRefinementThreads                  = 8                                         {product} {ergonomic}
   size_t G1HeapRegionSize                         = 2097152                                   {product} {ergonomic}
    uintx GCDrainStackTargetSize                   = 64                                        {product} {ergonomic}
     bool HeapDumpOnOutOfMemoryError               = true                                   {manageable} {command line}
   size_t InitialHeapSize                          = 132120576                                 {product} {ergonomic}
   size_t MarkStackSize                            = 4194304                                   {product} {ergonomic}
   size_t MaxHeapSize                              = 4294967296                                {product} {command line}
   size_t MaxNewSize                               = 2575302656                                {product} {ergonomic}
   size_t MinHeapDeltaBytes                        = 2097152                                   {product} {ergonomic}
   size_t MinHeapSize                              = 8388608                                   {product} {ergonomic}
    uintx NonNMethodCodeHeapSize                   = 5839372                                {pd product} {ergonomic}
    uintx NonProfiledCodeHeapSize                  = 122909434                              {pd product} {ergonomic}
    uintx ProfiledCodeHeapSize                     = 122909434                              {pd product} {ergonomic}
    uintx ReservedCodeCacheSize                    = 251658240                              {pd product} {ergonomic}
     bool SegmentedCodeCache                       = true                                      {product} {ergonomic}
   size_t SoftMaxHeapSize                          = 4294967296                             {manageable} {ergonomic}
     bool UseCompressedClassPointers               = true                           {product lp64_product} {ergonomic}
     bool UseCompressedOops                        = true                           {product lp64_product} {ergonomic}
     bool UseG1GC                                  = true                                      {product} {ergonomic}
     bool UseLargePagesIndividualAllocation        = false                                  {pd product} {ergonomic}

Logging:
Log output configuration:
 #0: stdout all=warning uptime,level,tags
 #1: stderr all=off uptime,level,tags

Environment Variables:
JAVA_HOME=C:\Program Files\Android\Android Studio\jbr
PATH=C:\oraclexe\app\oracle\product\10.2.0\server\bin;C:\Users\Gandharv\Downloads\apache-maven-3.9.8\bin;C:\Program Files (x86)\Common Files\Oracle\Java\javapath;C:\Program Files\Java\jdk1.8.0_202\bin;C:\app\Gandharv\product\21c\dbhomeXE\bin;C:\Windows\system32;C:\Windows;C:\Windows\System32\Wbem;C:\Windows\System32\WindowsPowerShell\v1.0\;C:\Windows\System32\OpenSSH\;C:\Program Files (x86)\NVIDIA Corporation\PhysX\Common;C:\Program Files\NVIDIA Corporation\NVIDIA NvDLISR;C:\MinGW\bin;C:\Program Files\Microsoft SQL Server\Client SDK\ODBC\170\Tools\Binn\;C:\Program Files (x86)\Microsoft SQL Server\150\Tools\Binn\;C:\Program Files\Microsoft SQL Server\150\Tools\Binn\;C:\Program Files\Microsoft SQL Server\150\DTS\Binn\;C:\Program Files\dotnet\;C:\Program Files\Microsoft SQL Server\130\Tools\Binn\;C:\Android;C:\xampp\php;C:\ProgramData\ComposerSetup\bin;C:\Users\Gandharv\Downloads\apache-maven-3.9.7-bin\apache-maven-3.9.7\bin;C:\src\flutter\bin;C:\Users\Gandharv\AppData\Local\Android\Sdk;C:\Program Files\Git\cmd;C:\Program Files\Java\jdk-17.0.12;C:\Program Files\MongoDB\Server\8.0\bin;C:\Program Files\nodejs\;C:\Users\Gandharv\Downloads\apache-maven-3.9.8\bin;C:\Users\Gandharv\AppData\Local\Programs\Python\Python310\Scripts\;C:\Users\Gandharv\AppData\Local\Programs\Python\Python310\;C:\Program Files (x86)\Microsoft Visual Studio\Common\Tools\WinNT;C:\Program Files (x86)\Microsoft Visual Studio\Common\MSDev98\Bin;C:\Program Files (x86)\Microsoft Visual Studio\Common\Tools;C:\Program Files (x86)\Microsoft Visual Studio\VC98\bin;C:\Users\Gandharv\AppData\Local\Microsoft\WindowsApps;C:\Users\Gandharv\AppData\Local\Programs\Fiddler;C:\Program Files\JetBrains\IntelliJ IDEA Community Edition 2023.3.3\bin;;C:\Users\Gandharv\.dotnet\tools;C:\Users\Gandharv\AppData\Roaming\Composer\vendor\bin;C:\JAVA\javafx-sdk-21.0.2\bin;C:\Users\Gandharv\Downloads\apache-maven-3.9.7-bin\apache-maven-3.9.7\bin;C:\src\flutter\bin;C:\Users\Gandharv\AppData\Local\Programs\Microsoft VS Code\bin;C:\User
USERNAME=Gandharv
OS=Windows_NT
PROCESSOR_IDENTIFIER=Intel64 Family 6 Model 165 Stepping 2, GenuineIntel
TMP=C:\Users\Gandharv\AppData\Local\Temp
TEMP=C:\Users\Gandharv\AppData\Local\Temp



Periodic native trim disabled

JNI global refs:
JNI global refs: 26, weak refs: 6

JNI global refs memory usage: 843, weak refs: 841

Process memory usage:
Resident Set Size: 311948K (3% of 8221700K total physical memory with 299980K free physical memory)

OOME stack traces (most recent first):
Classloader memory used:
Loader org.gradle.internal.classloader.VisitableURLClassLoader                         : 4434K
Loader bootstrap                                                                       : 2800K
Loader org.gradle.initialization.MixInLegacyTypesClassLoader                           : 1302K
Loader jdk.internal.loader.ClassLoaders$PlatformClassLoader                            : 66988B
Loader jdk.internal.reflect.DelegatingClassLoader                                      : 39398B
Loader org.gradle.internal.classloader.VisitableURLClassLoader                         : 32032B
Loader jdk.internal.loader.ClassLoaders$AppClassLoader                                 : 26016B
Loader org.gradle.groovy.scripts.internal.DefaultScriptCompilationHandler$ScriptClassLoader: 16497B
Loader org.codehaus.groovy.runtime.callsite.CallSiteClassLoader                        : 3990B
Loader sun.reflect.misc.MethodUtil                                                     : 373B

Classes loaded by more than one classloader:
Class Program                                                                         : loaded 3 times (x 70B)
Class org.gradle.api.GradleException                                                  : loaded 3 times (x 80B)
Class org.gradle.api.Action                                                           : loaded 3 times (x 68B)
Class org.gradle.api.internal.classpath.DefaultModuleRegistry                         : loaded 2 times (x 84B)
Class org.gradle.internal.classpath.ClassPath                                         : loaded 2 times (x 68B)
Class org.gradle.api.internal.DefaultClassPathProvider                                : loaded 2 times (x 74B)
Class org.gradle.internal.installation.GradleInstallation$1                           : loaded 2 times (x 73B)
Class org.gradle.internal.exceptions.DefaultMultiCauseException                       : loaded 2 times (x 93B)
Class org.gradle.internal.time.MonotonicClock                                         : loaded 2 times (x 75B)
Class org.gradle.util.GradleVersion                                                   : loaded 2 times (x 81B)
Class org.gradle.internal.classpath.DefaultClassPath$ImmutableUniqueList$Builder      : loaded 2 times (x 73B)
Class org.gradle.internal.classloader.ClassLoaderVisitor                              : loaded 2 times (x 74B)
Class org.gradle.internal.time.DefaultCountdownTimer                                  : loaded 2 times (x 86B)
Class org.gradle.internal.service.DefaultServiceLocator                               : loaded 2 times (x 81B)
Class org.gradle.internal.service.UnknownServiceException                             : loaded 2 times (x 81B)
Class org.gradle.internal.classloader.DefaultClassLoaderFactory                       : loaded 2 times (x 80B)
Class org.gradle.internal.classloader.VisitableURLClassLoader$Spec                    : loaded 2 times (x 72B)
Class org.gradle.tooling.model.ProjectModel                                           : loaded 2 times (x 68B)
Class org.gradle.internal.classloader.FilteringClassLoader                            : loaded 2 times (x 103B)
Class org.gradle.api.internal.classpath.ModuleRegistry                                : loaded 2 times (x 68B)
Class org.gradle.api.internal.ClassPathProvider                                       : loaded 2 times (x 68B)
Class org.gradle.internal.classloader.ClasspathUtil$1                                 : loaded 2 times (x 74B)
Class org.gradle.internal.classloader.ClassLoaderFactory                              : loaded 2 times (x 68B)
Class org.gradle.api.internal.classpath.ManifestUtil                                  : loaded 2 times (x 69B)
Class org.gradle.api.specs.Spec                                                       : loaded 2 times (x 68B)
Class org.gradle.internal.IoActions                                                   : loaded 2 times (x 69B)
Class org.gradle.api.internal.classpath.EffectiveClassPath                            : loaded 2 times (x 88B)
Class org.gradle.internal.installation.CurrentGradleInstallation                      : loaded 2 times (x 71B)
Class org.gradle.internal.installation.CurrentGradleInstallationLocator               : loaded 2 times (x 69B)
Class org.gradle.api.internal.classpath.Module                                        : loaded 2 times (x 68B)
Class org.gradle.internal.service.CachingServiceLocator                               : loaded 2 times (x 80B)
Class org.gradle.internal.time.Timer                                                  : loaded 2 times (x 68B)
Class org.gradle.internal.classpath.DefaultClassPath                                  : loaded 2 times (x 88B)
Class org.gradle.api.Transformer                                                      : loaded 2 times (x 68B)
Class org.gradle.internal.time.Time                                                   : loaded 2 times (x 69B)
Class org.gradle.internal.time.TimeSource$1                                           : loaded 2 times (x 75B)
Class org.gradle.internal.classloader.SystemClassLoaderSpec                           : loaded 2 times (x 69B)
Class org.gradle.api.UncheckedIOException                                             : loaded 2 times (x 80B)
Class org.gradle.internal.installation.GradleInstallation                             : loaded 2 times (x 73B)
Class org.gradle.internal.time.CountdownTimer                                         : loaded 2 times (x 68B)
Class org.gradle.internal.time.Clock                                                  : loaded 2 times (x 68B)
Class org.gradle.internal.classloader.ClasspathUtil                                   : loaded 2 times (x 69B)
Class org.gradle.api.internal.DefaultClassPathRegistry                                : loaded 2 times (x 74B)
Class org.gradle.api.internal.classpath.DefaultModuleRegistry$DefaultModule           : loaded 2 times (x 84B)
Class org.gradle.internal.time.TimeSource                                             : loaded 2 times (x 68B)
Class org.gradle.api.internal.classpath.UnknownModuleException                        : loaded 2 times (x 80B)
Class org.gradle.internal.service.ServiceLookupException                              : loaded 2 times (x 80B)
Class org.gradle.cache.GlobalCache                                                    : loaded 2 times (x 68B)
Class [Lorg.gradle.api.internal.ClassPathProvider;                                    : loaded 2 times (x 67B)
Class org.gradle.internal.operations.MultipleBuildOperationFailures                   : loaded 2 times (x 93B)
Class org.gradle.util.internal.GUtil                                                  : loaded 2 times (x 69B)
Class org.gradle.internal.classloader.ClassLoaderSpec                                 : loaded 2 times (x 69B)
Class org.gradle.internal.classloader.VisitableURLClassLoader                         : loaded 2 times (x 115B)
Class org.gradle.internal.Cast                                                        : loaded 2 times (x 69B)
Class Build_gradle                                                                    : loaded 2 times (x 128B)
Class org.gradle.api.internal.ClassPathRegistry                                       : loaded 2 times (x 68B)
Class org.gradle.internal.classloader.ClassLoaderHierarchy                            : loaded 2 times (x 68B)
Class org.gradle.internal.exceptions.MultiCauseException                              : loaded 2 times (x 68B)
Class org.gradle.internal.service.ServiceLocator                                      : loaded 2 times (x 68B)
Class org.gradle.internal.classpath.DefaultClassPath$ImmutableUniqueList              : loaded 2 times (x 159B)
Class org.gradle.internal.time.DefaultTimer                                           : loaded 2 times (x 78B)


---------------  S Y S T E M  ---------------

OS:
 Windows 10 , 64 bit Build 19041 (10.0.19041.3636)
OS uptime: 3 days 9:22 hours
Hyper-V role detected

CPU: total 8 (initial active 8) (4 cores per cpu, 2 threads per core) family 6 model 165 stepping 2 microcode 0xc8, cx8, cmov, fxsr, ht, mmx, 3dnowpref, sse, sse2, sse3, ssse3, sse4.1, sse4.2, popcnt, lzcnt, tsc, tscinvbit, avx, avx2, aes, erms, clmul, bmi1, bmi2, adx, fma, vzeroupper, clflush, clflushopt, hv
Processor Information for all 8 processors :
  Max Mhz: 2496, Current Mhz: 2496, Mhz Limit: 2496

Memory: 4k page, system-wide physical 8029M (289M free)
TotalPageFile size 25528M (AvailPageFile size 7M)
current process WorkingSet (physical memory assigned to process): 304M, peak: 307M
current process commit charge ("private bytes"): 340M, peak: 344M

vm_info: OpenJDK 64-Bit Server VM (17.0.11+0--11852314) for windows-amd64 JRE (17.0.11+0--11852314), built on May 16 2024 21:29:20 by "androidbuild" with MS VC++ 16.10 / 16.11 (VS2019)

END.
