#
# There is insufficient memory for the Java Runtime Environment to continue.
# Native memory allocation (malloc) failed to allocate 1141616 bytes. Error detail: Chunk::new
# Possible reasons:
#   The system is out of physical RAM or swap space
#   This process is running with CompressedOops enabled, and the Java Heap may be blocking the growth of the native heap
# Possible solutions:
#   Reduce memory load on the system
#   Increase physical memory or swap space
#   Check if swap backing store is full
#   Decrease Java heap size (-Xmx/-Xms)
#   Decrease number of Java threads
#   Decrease Java thread stack sizes (-Xss)
#   Set larger code cache with -XX:ReservedCodeCacheSize=
#   JVM is running with Unscaled Compressed Oops mode in which the Java heap is
#     placed in the first 4GB address space. The Java Heap base address is the
#     maximum limit for the native heap growth. Please use -XX:HeapBaseMinAddress
#     to set the Java Heap base and to place the Java Heap above 4GB virtual address.
# This output file may be truncated or incomplete.
#
#  Out of Memory Error (arena.cpp:191), pid=19024, tid=16184
#
# JRE version: OpenJDK Runtime Environment Temurin-17.0.13+11 (17.0.13+11) (build 17.0.13+11)
# Java VM: OpenJDK 64-Bit Server VM Temurin-17.0.13+11 (17.0.13+11, mixed mode, tiered, compressed oops, compressed class ptrs, parallel gc, windows-amd64)
# No core dump will be written. Minidumps are not enabled by default on client versions of Windows
#

---------------  S U M M A R Y ------------

Command Line: --add-modules=ALL-SYSTEM --add-opens=java.base/java.util=ALL-UNNAMED --add-opens=java.base/java.lang=ALL-UNNAMED --add-opens=java.base/sun.nio.fs=ALL-UNNAMED -Declipse.application=org.eclipse.jdt.ls.core.id1 -Dosgi.bundles.defaultStartLevel=4 -Declipse.product=org.eclipse.jdt.ls.core.product -Djava.import.generatesMetadataFilesAtProjectRoot=false -DDetectVMInstallationsJob.disabled=true -Dfile.encoding=utf8 -XX:+UseParallelGC -XX:GCTimeRatio=4 -XX:AdaptiveSizePolicyWeight=90 -Dsun.zip.disableMemoryMapping=true -Xmx1G -Xms100m -Xlog:disable -javaagent:c:\Users\Gandharv\.vscode\extensions\redhat.java-1.38.0-win32-x64\lombok\lombok-1.18.34.jar -XX:+HeapDumpOnOutOfMemoryError -XX:HeapDumpPath=c:\Users\Gandharv\AppData\Roaming\Code\User\workspaceStorage\ec3f738dfd68fd79c8ae90a3d04fbd98\redhat.java -Daether.dependencyCollector.impl=bf c:\Users\Gandharv\.vscode\extensions\redhat.java-1.38.0-win32-x64\server\plugins\org.eclipse.equinox.launcher_1.6.900.v20240613-2009.jar -configuration c:\Users\Gandharv\AppData\Roaming\Code\User\globalStorage\redhat.java\1.38.0\config_win -data c:\Users\Gandharv\AppData\Roaming\Code\User\workspaceStorage\ec3f738dfd68fd79c8ae90a3d04fbd98\redhat.java\jdt_ws --pipe=\\.\pipe\lsp-03588b16203d18a62729bf2eb38df094-sock

Host: Intel(R) Core(TM) i5-10300H CPU @ 2.50GHz, 8 cores, 7G,  Windows 10 , 64 bit Build 19041 (10.0.19041.3636)
Time: Wed Jan 15 19:14:51 2025 India Standard Time elapsed time: 18.589111 seconds (0d 0h 0m 18s)

---------------  T H R E A D  ---------------

Current thread (0x0000024d605afc90):  JavaThread "C2 CompilerThread0" daemon [_thread_in_native, id=16184, stack(0x000000ac04200000,0x000000ac04300000)]


Current CompileTask:
C2:  18589 8002       4       org.eclipse.jdt.internal.core.search.indexing.BinaryIndexer::extractReferenceFromConstantPool (358 bytes)

Stack: [0x000000ac04200000,0x000000ac04300000]
Native frames: (J=compiled Java code, j=interpreted, Vv=VM code, C=native code)
V  [jvm.dll+0x682a19]
V  [jvm.dll+0x839538]
V  [jvm.dll+0x83afe3]
V  [jvm.dll+0x83b653]
V  [jvm.dll+0x24704f]
V  [jvm.dll+0xace34]
V  [jvm.dll+0xad4cc]
V  [jvm.dll+0x36592f]
V  [jvm.dll+0x32fbd8]
V  [jvm.dll+0x32f05a]
V  [jvm.dll+0x21804f]
V  [jvm.dll+0x21748f]
V  [jvm.dll+0x1a3070]
V  [jvm.dll+0x22788c]
V  [jvm.dll+0x2259eb]
V  [jvm.dll+0x7eec98]
V  [jvm.dll+0x7e8ffc]
V  [jvm.dll+0x6818f7]
C  [ucrtbase.dll+0x21bb2]
C  [KERNEL32.DLL+0x17344]
C  [ntdll.dll+0x526b1]


---------------  P R O C E S S  ---------------

Threads class SMR info:
_java_thread_list=0x0000024d69c76710, length=62, elements={
0x0000024d474514c0, 0x0000024d47508750, 0x0000024d5b2ea7e0, 0x0000024d4750d200,
0x0000024d4750df90, 0x0000024d605a37a0, 0x0000024d605ae150, 0x0000024d605afc90,
0x0000024d605b0df0, 0x0000024d605b1ee0, 0x0000024d60690450, 0x0000024d608e1d50,
0x0000024d61c72b80, 0x0000024d61edfa50, 0x0000024d61f285a0, 0x0000024d61f69160,
0x0000024d6239f4f0, 0x0000024d62489640, 0x0000024d62488710, 0x0000024d62486dc0,
0x0000024d62485e90, 0x0000024d624872d0, 0x0000024d624877e0, 0x0000024d62487cf0,
0x0000024d62488200, 0x0000024d62488c20, 0x0000024d62489130, 0x0000024d636b1830,
0x0000024d636b2250, 0x0000024d636b0900, 0x0000024d636af4c0, 0x0000024d636b0e10,
0x0000024d636b1320, 0x0000024d636b40b0, 0x0000024d636b2760, 0x0000024d636b45c0,
0x0000024d636afee0, 0x0000024d636b1d40, 0x0000024d636b2c70, 0x0000024d636b3180,
0x0000024d636b3690, 0x0000024d636b4ad0, 0x0000024d636b4fe0, 0x0000024d636b54f0,
0x0000024d636ae080, 0x0000024d636aefb0, 0x0000024d636af9d0, 0x0000024d624868b0,
0x0000024d65319680, 0x0000024d65314fa0, 0x0000024d65314580, 0x0000024d65314a90,
0x0000024d653154b0, 0x0000024d6531a5b0, 0x0000024d65314070, 0x0000024d65315ed0,
0x0000024d65313140, 0x0000024d65317820, 0x0000024d65313b60, 0x0000024d65313650,
0x0000024d653168f0, 0x0000024d65316e00
}

Java Threads: ( => current thread )
  0x0000024d474514c0 JavaThread "main" [_thread_blocked, id=25716, stack(0x000000ac03900000,0x000000ac03a00000)]
  0x0000024d47508750 JavaThread "Reference Handler" daemon [_thread_blocked, id=26248, stack(0x000000ac03c00000,0x000000ac03d00000)]
  0x0000024d5b2ea7e0 JavaThread "Finalizer" daemon [_thread_blocked, id=14944, stack(0x000000ac03d00000,0x000000ac03e00000)]
  0x0000024d4750d200 JavaThread "Signal Dispatcher" daemon [_thread_blocked, id=5760, stack(0x000000ac03e00000,0x000000ac03f00000)]
  0x0000024d4750df90 JavaThread "Attach Listener" daemon [_thread_blocked, id=14432, stack(0x000000ac03f00000,0x000000ac04000000)]
  0x0000024d605a37a0 JavaThread "Service Thread" daemon [_thread_blocked, id=4876, stack(0x000000ac04000000,0x000000ac04100000)]
  0x0000024d605ae150 JavaThread "Monitor Deflation Thread" daemon [_thread_blocked, id=24940, stack(0x000000ac04100000,0x000000ac04200000)]
=>0x0000024d605afc90 JavaThread "C2 CompilerThread0" daemon [_thread_in_native, id=16184, stack(0x000000ac04200000,0x000000ac04300000)]
  0x0000024d605b0df0 JavaThread "C1 CompilerThread0" daemon [_thread_in_native, id=22036, stack(0x000000ac04300000,0x000000ac04400000)]
  0x0000024d605b1ee0 JavaThread "Sweeper thread" daemon [_thread_blocked, id=26584, stack(0x000000ac04400000,0x000000ac04500000)]
  0x0000024d60690450 JavaThread "Common-Cleaner" daemon [_thread_blocked, id=26536, stack(0x000000ac04500000,0x000000ac04600000)]
  0x0000024d608e1d50 JavaThread "Notification Thread" daemon [_thread_blocked, id=14704, stack(0x000000ac04600000,0x000000ac04700000)]
  0x0000024d61c72b80 JavaThread "Active Thread: Equinox Container: 22d2e79a-db6e-4993-b889-0c5337b3c44e" [_thread_blocked, id=20240, stack(0x000000ac04f00000,0x000000ac05000000)]
  0x0000024d61edfa50 JavaThread "Refresh Thread: Equinox Container: 22d2e79a-db6e-4993-b889-0c5337b3c44e" daemon [_thread_blocked, id=7900, stack(0x000000ac05100000,0x000000ac05200000)]
  0x0000024d61f285a0 JavaThread "Framework Event Dispatcher: Equinox Container: 22d2e79a-db6e-4993-b889-0c5337b3c44e" daemon [_thread_blocked, id=18656, stack(0x000000ac05200000,0x000000ac05300000)]
  0x0000024d61f69160 JavaThread "Start Level: Equinox Container: 22d2e79a-db6e-4993-b889-0c5337b3c44e" daemon [_thread_blocked, id=13528, stack(0x000000ac05300000,0x000000ac05400000)]
  0x0000024d6239f4f0 JavaThread "Bundle File Closer" daemon [_thread_blocked, id=21072, stack(0x000000ac05400000,0x000000ac05500000)]
  0x0000024d62489640 JavaThread "SCR Component Actor" daemon [_thread_blocked, id=9064, stack(0x000000ac04e00000,0x000000ac04f00000)]
  0x0000024d62488710 JavaThread "Worker-JM" [_thread_blocked, id=19056, stack(0x000000ac05700000,0x000000ac05800000)]
  0x0000024d62486dc0 JavaThread "JNA Cleaner" daemon [_thread_blocked, id=25288, stack(0x000000ac05800000,0x000000ac05900000)]
  0x0000024d62485e90 JavaThread "Worker-0" [_thread_blocked, id=23336, stack(0x000000ac05900000,0x000000ac05a00000)]
  0x0000024d624872d0 JavaThread "Worker-1: Initialize Workspace" [_thread_in_Java, id=18404, stack(0x000000ac05a00000,0x000000ac05b00000)]
  0x0000024d624877e0 JavaThread "Worker-2: Synchronize Gradle projects with workspace" [_thread_blocked, id=11764, stack(0x000000ac05b00000,0x000000ac05c00000)]
  0x0000024d62487cf0 JavaThread "Java indexing" daemon [_thread_in_Java, id=21472, stack(0x000000ac05d00000,0x000000ac05e00000)]
  0x0000024d62488200 JavaThread "Worker-3" [_thread_blocked, id=26032, stack(0x000000ac05e00000,0x000000ac05f00000)]
  0x0000024d62488c20 JavaThread "Worker-4" [_thread_blocked, id=17476, stack(0x000000ac05f00000,0x000000ac06000000)]
  0x0000024d62489130 JavaThread "Worker-5: Java indexing... " [_thread_blocked, id=25676, stack(0x000000ac06000000,0x000000ac06100000)]
  0x0000024d636b1830 JavaThread "Thread-2" daemon [_thread_in_native, id=26252, stack(0x000000ac06100000,0x000000ac06200000)]
  0x0000024d636b2250 JavaThread "Thread-3" daemon [_thread_in_native, id=25872, stack(0x000000ac06200000,0x000000ac06300000)]
  0x0000024d636b0900 JavaThread "Thread-4" daemon [_thread_in_native, id=2688, stack(0x000000ac06300000,0x000000ac06400000)]
  0x0000024d636af4c0 JavaThread "Thread-5" daemon [_thread_in_native, id=21564, stack(0x000000ac06400000,0x000000ac06500000)]
  0x0000024d636b0e10 JavaThread "Thread-6" daemon [_thread_in_native, id=17728, stack(0x000000ac06500000,0x000000ac06600000)]
  0x0000024d636b1320 JavaThread "Thread-7" daemon [_thread_in_native, id=26120, stack(0x000000ac06600000,0x000000ac06700000)]
  0x0000024d636b40b0 JavaThread "Thread-8" daemon [_thread_in_native, id=24192, stack(0x000000ac06700000,0x000000ac06800000)]
  0x0000024d636b2760 JavaThread "Thread-9" daemon [_thread_in_native, id=22880, stack(0x000000ac06800000,0x000000ac06900000)]
  0x0000024d636b45c0 JavaThread "Thread-10" daemon [_thread_in_native, id=23084, stack(0x000000ac06900000,0x000000ac06a00000)]
  0x0000024d636afee0 JavaThread "pool-2-thread-1" [_thread_blocked, id=2800, stack(0x000000ac06a00000,0x000000ac06b00000)]
  0x0000024d636b1d40 JavaThread "WorkspaceEventsHandler" [_thread_blocked, id=17884, stack(0x000000ac06b00000,0x000000ac06c00000)]
  0x0000024d636b2c70 JavaThread "pool-1-thread-1" [_thread_blocked, id=7256, stack(0x000000ac06c00000,0x000000ac06d00000)]
  0x0000024d636b3180 JavaThread "Worker-6: Synchronize Gradle projects with workspace" [_thread_blocked, id=14344, stack(0x000000ac06d00000,0x000000ac06e00000)]
  0x0000024d636b3690 JavaThread "Worker-7" [_thread_blocked, id=16132, stack(0x000000ac06e00000,0x000000ac06f00000)]
  0x0000024d636b4ad0 JavaThread "Timer-0" [_thread_blocked, id=21912, stack(0x000000ac06f00000,0x000000ac07000000)]
  0x0000024d636b4fe0 JavaThread "Timer-1" [_thread_blocked, id=25508, stack(0x000000ac07000000,0x000000ac07100000)]
  0x0000024d636b54f0 JavaThread "Timer-2" [_thread_blocked, id=21892, stack(0x000000ac07100000,0x000000ac07200000)]
  0x0000024d636ae080 JavaThread "Timer-3" [_thread_blocked, id=9744, stack(0x000000ac07200000,0x000000ac07300000)]
  0x0000024d636aefb0 JavaThread "LocalFile Deleter" daemon [_thread_blocked, id=9432, stack(0x000000ac07500000,0x000000ac07600000)]
  0x0000024d636af9d0 JavaThread "LocalFile Deleter" daemon [_thread_blocked, id=21192, stack(0x000000ac07600000,0x000000ac07700000)]
  0x0000024d624868b0 JavaThread "LocalFile Deleter" daemon [_thread_blocked, id=11960, stack(0x000000ac07700000,0x000000ac07800000)]
  0x0000024d65319680 JavaThread "Compiler Source File Reader" daemon [_thread_blocked, id=26108, stack(0x000000ac07800000,0x000000ac07900000)]
  0x0000024d65314fa0 JavaThread "Compiler Source File Reader" daemon [_thread_blocked, id=21524, stack(0x000000ac05500000,0x000000ac05600000)]
  0x0000024d65314580 JavaThread "Compiler Processing Task" daemon [_thread_blocked, id=22480, stack(0x000000ac07900000,0x000000ac07a00000)]
  0x0000024d65314a90 JavaThread "Compiler Class File Writer" daemon [_thread_blocked, id=26072, stack(0x000000ac07a00000,0x000000ac07b00000)]
  0x0000024d653154b0 JavaThread "Exec process" [_thread_blocked, id=21692, stack(0x000000ac07b00000,0x000000ac07c00000)]
  0x0000024d6531a5b0 JavaThread "Exec process Thread 2" [_thread_blocked, id=26196, stack(0x000000ac07c00000,0x000000ac07d00000)]
  0x0000024d65314070 JavaThread "Exec process Thread 3" [_thread_blocked, id=10508, stack(0x000000ac07d00000,0x000000ac07e00000)]
  0x0000024d65315ed0 JavaThread "Timer-4" [_thread_blocked, id=8524, stack(0x000000ac07e00000,0x000000ac07f00000)]
  0x0000024d65313140 JavaThread "Timer-5" [_thread_blocked, id=23980, stack(0x000000ac07300000,0x000000ac07400000)]
  0x0000024d65317820 JavaThread "Timer-6" [_thread_blocked, id=3744, stack(0x000000ac08000000,0x000000ac08100000)]
  0x0000024d65313b60 JavaThread "Timer-7" [_thread_blocked, id=11592, stack(0x000000ac07400000,0x000000ac07500000)]
  0x0000024d65313650 JavaThread "Timer-8" [_thread_blocked, id=19232, stack(0x000000ac08100000,0x000000ac08200000)]
  0x0000024d653168f0 JavaThread "Timer-9" [_thread_blocked, id=21604, stack(0x000000ac07f00000,0x000000ac08000000)]
  0x0000024d65316e00 JavaThread "Timer-10" [_thread_blocked, id=3748, stack(0x000000ac08300000,0x000000ac08400000)]

Other Threads:
  0x0000024d60570cf0 VMThread "VM Thread" [stack: 0x000000ac03b00000,0x000000ac03c00000] [id=2724]
  0x0000024d608e1020 WatcherThread [stack: 0x000000ac04700000,0x000000ac04800000] [id=6288]
  0x0000024d474675e0 GCTaskThread "GC Thread#0" [stack: 0x000000ac03a00000,0x000000ac03b00000] [id=23888]
  0x0000024d615d3260 GCTaskThread "GC Thread#1" [stack: 0x000000ac04800000,0x000000ac04900000] [id=20128]
  0x0000024d61b77040 GCTaskThread "GC Thread#2" [stack: 0x000000ac04900000,0x000000ac04a00000] [id=11268]
  0x0000024d6175f6c0 GCTaskThread "GC Thread#3" [stack: 0x000000ac04a00000,0x000000ac04b00000] [id=25316]
  0x0000024d6175f980 GCTaskThread "GC Thread#4" [stack: 0x000000ac04b00000,0x000000ac04c00000] [id=1384]
  0x0000024d61bc51f0 GCTaskThread "GC Thread#5" [stack: 0x000000ac04c00000,0x000000ac04d00000] [id=1712]
  0x0000024d61bc54b0 GCTaskThread "GC Thread#6" [stack: 0x000000ac04d00000,0x000000ac04e00000] [id=18004]
  0x0000024d61f493a0 GCTaskThread "GC Thread#7" [stack: 0x000000ac05000000,0x000000ac05100000] [id=22604]

Threads with active compile tasks:
C2 CompilerThread0    18610 8002       4       org.eclipse.jdt.internal.core.search.indexing.BinaryIndexer::extractReferenceFromConstantPool (358 bytes)

VM state: not at safepoint (normal execution)

VM Mutex/Monitor currently owned by a thread: None

Heap address: 0x00000000c0000000, size: 1024 MB, Compressed Oops mode: 32-bit

CDS archive(s) not mapped
Compressed class space mapped at: 0x0000000100000000-0x0000000140000000, reserved size: 1073741824
Narrow klass base: 0x0000000000000000, Narrow klass shift: 3, Narrow klass range: 0x140000000

GC Precious Log:
 CPUs: 8 total, 8 available
 Memory: 8029M
 Large Page Support: Disabled
 NUMA Support: Disabled
 Compressed Oops: Enabled (32-bit)
 Alignments: Space 512K, Generation 512K, Heap 2M
 Heap Min Capacity: 100M
 Heap Initial Capacity: 100M
 Heap Max Capacity: 1G
 Pre-touch: Disabled
 Parallel Workers: 8

Heap:
 PSYoungGen      total 11776K, used 4931K [0x00000000eab00000, 0x00000000ebb00000, 0x0000000100000000)
  eden space 9728K, 33% used [0x00000000eab00000,0x00000000eae240d8,0x00000000eb480000)
  from space 2048K, 83% used [0x00000000eb480000,0x00000000eb62ce80,0x00000000eb680000)
  to   space 2560K, 0% used [0x00000000eb880000,0x00000000eb880000,0x00000000ebb00000)
 ParOldGen       total 92160K, used 83366K [0x00000000c0000000, 0x00000000c5a00000, 0x00000000eab00000)
  object space 92160K, 90% used [0x00000000c0000000,0x00000000c5169918,0x00000000c5a00000)
 Metaspace       used 76100K, committed 77312K, reserved 1179648K
  class space    used 9204K, committed 9728K, reserved 1048576K

Card table byte_map: [0x0000024d46df0000,0x0000024d47000000] _byte_map_base: 0x0000024d467f0000

Marking Bits: (ParMarkBitMap*) 0x00007ffa0a576940
 Begin Bits: [0x0000024d590f0000, 0x0000024d5a0f0000)
 End Bits:   [0x0000024d5a0f0000, 0x0000024d5b0f0000)

Polling page: 0x0000024d45430000

Metaspace:

Usage:
  Non-class:     65.33 MB used.
      Class:      8.99 MB used.
       Both:     74.32 MB used.

Virtual space:
  Non-class space:      128.00 MB reserved,      66.00 MB ( 52%) committed,  2 nodes.
      Class space:        1.00 GB reserved,       9.50 MB ( <1%) committed,  1 nodes.
             Both:        1.12 GB reserved,      75.50 MB (  7%) committed. 

Chunk freelists:
   Non-Class:  13.97 MB
       Class:  6.42 MB
        Both:  20.39 MB

MaxMetaspaceSize: unlimited
CompressedClassSpaceSize: 1.00 GB
Initial GC threshold: 21.00 MB
Current GC threshold: 123.75 MB
CDS: off
MetaspaceReclaimPolicy: balanced
 - commit_granule_bytes: 65536.
 - commit_granule_words: 8192.
 - virtual_space_node_default_size: 8388608.
 - enlarge_chunks_in_place: 1.
 - new_chunks_are_fully_committed: 0.
 - uncommit_free_chunks: 1.
 - use_allocation_guard: 0.
 - handle_deallocations: 1.


Internal statistics:

num_allocs_failed_limit: 13.
num_arena_births: 730.
num_arena_deaths: 28.
num_vsnodes_births: 3.
num_vsnodes_deaths: 0.
num_space_committed: 1208.
num_space_uncommitted: 0.
num_chunks_returned_to_freelist: 44.
num_chunks_taken_from_freelist: 3996.
num_chunk_merges: 18.
num_chunk_splits: 2396.
num_chunks_enlarged: 1268.
num_inconsistent_stats: 0.

CodeHeap 'non-profiled nmethods': size=120000Kb used=5436Kb max_used=5436Kb free=114563Kb
 bounds [0x0000024d51bc0000, 0x0000024d52110000, 0x0000024d590f0000]
CodeHeap 'profiled nmethods': size=120000Kb used=12327Kb max_used=14187Kb free=107672Kb
 bounds [0x0000024d4a0f0000, 0x0000024d4aed0000, 0x0000024d51620000]
CodeHeap 'non-nmethods': size=5760Kb used=1359Kb max_used=1476Kb free=4400Kb
 bounds [0x0000024d51620000, 0x0000024d51890000, 0x0000024d51bc0000]
 total_blobs=7289 nmethods=6582 adapters=620
 compilation: enabled
              stopped_count=0, restarted_count=0
 full_count=0

Compilation events (20 events):
Event: 18.483 Thread 0x0000024d605b0df0 8003       3       java.util.concurrent.locks.AbstractQueuedSynchronizer$Node::<init> (5 bytes)
Event: 18.484 Thread 0x0000024d605b0df0 nmethod 8003 0x0000024d4a4a4a10 code [0x0000024d4a4a4ba0, 0x0000024d4a4a4cf8]
Event: 18.486 Thread 0x0000024d605b0df0 8004       3       java.util.regex.Pattern$$Lambda$24/0x00000001000b43a0::is (5 bytes)
Event: 18.486 Thread 0x0000024d605b0df0 nmethod 8004 0x0000024d4a408610 code [0x0000024d4a4087c0, 0x0000024d4a408a38]
Event: 18.486 Thread 0x0000024d605b0df0 8006       3       java.lang.Character::codePointAt (51 bytes)
Event: 18.486 Thread 0x0000024d605b0df0 nmethod 8006 0x0000024d4a6de890 code [0x0000024d4a6dea80, 0x0000024d4a6df0c8]
Event: 18.486 Thread 0x0000024d605b0df0 8005       3       java.util.regex.Pattern::lambda$DOT$4 (34 bytes)
Event: 18.486 Thread 0x0000024d605b0df0 nmethod 8005 0x0000024d4a469190 code [0x0000024d4a469320, 0x0000024d4a469518]
Event: 18.486 Thread 0x0000024d605b0df0 8007       3       java.util.regex.Matcher::getTextLength (10 bytes)
Event: 18.486 Thread 0x0000024d605b0df0 nmethod 8007 0x0000024d4a35a810 code [0x0000024d4a35a9c0, 0x0000024d4a35ab88]
Event: 18.539 Thread 0x0000024d605b0df0 8009   !   3       org.eclipse.jdt.internal.core.search.indexing.BinaryIndexer::indexDocument (1157 bytes)
Event: 18.546 Thread 0x0000024d605b0df0 nmethod 8009 0x0000024d4a50d610 code [0x0000024d4a50de80, 0x0000024d4a5130f8]
Event: 18.581 Thread 0x0000024d605b0df0 8011       3       java.util.Formatter$FixedString::<init> (26 bytes)
Event: 18.581 Thread 0x0000024d605b0df0 nmethod 8011 0x0000024d4a4cb710 code [0x0000024d4a4cb8a0, 0x0000024d4a4cba38]
Event: 18.581 Thread 0x0000024d605b0df0 8012       3       java.util.Formatter$FixedString::print (26 bytes)
Event: 18.581 Thread 0x0000024d605b0df0 nmethod 8012 0x0000024d4a42ce90 code [0x0000024d4a42d040, 0x0000024d4a42d228]
Event: 18.582 Thread 0x0000024d605b0df0 8013       3       java.lang.StringBuilder::append (8 bytes)
Event: 18.582 Thread 0x0000024d605b0df0 nmethod 8013 0x0000024d4a43d490 code [0x0000024d4a43d640, 0x0000024d4a43d7e8]
Event: 18.582 Thread 0x0000024d605b0df0 8014       3       java.util.concurrent.locks.AbstractQueuedSynchronizer$Node::setPrevRelaxed (12 bytes)
Event: 18.582 Thread 0x0000024d605b0df0 nmethod 8014 0x0000024d4a4bf910 code [0x0000024d4a4bfaa0, 0x0000024d4a4bfbd8]

GC Heap History (20 events):
Event: 17.501 GC heap before
{Heap before GC invocations=60 (full 4):
 PSYoungGen      total 19456K, used 15360K [0x00000000eab00000, 0x00000000ec200000, 0x0000000100000000)
  eden space 15360K, 100% used [0x00000000eab00000,0x00000000eba00000,0x00000000eba00000)
  from space 4096K, 0% used [0x00000000ebe00000,0x00000000ebe00000,0x00000000ec200000)
  to   space 4096K, 0% used [0x00000000eba00000,0x00000000eba00000,0x00000000ebe00000)
 ParOldGen       total 92160K, used 65097K [0x00000000c0000000, 0x00000000c5a00000, 0x00000000eab00000)
  object space 92160K, 70% used [0x00000000c0000000,0x00000000c3f92518,0x00000000c5a00000)
 Metaspace       used 74912K, committed 76032K, reserved 1179648K
  class space    used 9033K, committed 9536K, reserved 1048576K
}
Event: 17.503 GC heap after
{Heap after GC invocations=60 (full 4):
 PSYoungGen      total 17408K, used 2010K [0x00000000eab00000, 0x00000000ec000000, 0x0000000100000000)
  eden space 15360K, 0% used [0x00000000eab00000,0x00000000eab00000,0x00000000eba00000)
  from space 2048K, 98% used [0x00000000eba00000,0x00000000ebbf6a88,0x00000000ebc00000)
  to   space 3072K, 0% used [0x00000000ebd00000,0x00000000ebd00000,0x00000000ec000000)
 ParOldGen       total 92160K, used 65097K [0x00000000c0000000, 0x00000000c5a00000, 0x00000000eab00000)
  object space 92160K, 70% used [0x00000000c0000000,0x00000000c3f92518,0x00000000c5a00000)
 Metaspace       used 74912K, committed 76032K, reserved 1179648K
  class space    used 9033K, committed 9536K, reserved 1048576K
}
Event: 17.546 GC heap before
{Heap before GC invocations=61 (full 4):
 PSYoungGen      total 17408K, used 17370K [0x00000000eab00000, 0x00000000ec000000, 0x0000000100000000)
  eden space 15360K, 100% used [0x00000000eab00000,0x00000000eba00000,0x00000000eba00000)
  from space 2048K, 98% used [0x00000000eba00000,0x00000000ebbf6a88,0x00000000ebc00000)
  to   space 3072K, 0% used [0x00000000ebd00000,0x00000000ebd00000,0x00000000ec000000)
 ParOldGen       total 92160K, used 65097K [0x00000000c0000000, 0x00000000c5a00000, 0x00000000eab00000)
  object space 92160K, 70% used [0x00000000c0000000,0x00000000c3f92518,0x00000000c5a00000)
 Metaspace       used 74912K, committed 76032K, reserved 1179648K
  class space    used 9033K, committed 9536K, reserved 1048576K
}
Event: 17.547 GC heap after
{Heap after GC invocations=61 (full 4):
 PSYoungGen      total 17408K, used 1912K [0x00000000eab00000, 0x00000000ebf00000, 0x0000000100000000)
  eden space 15360K, 0% used [0x00000000eab00000,0x00000000eab00000,0x00000000eba00000)
  from space 2048K, 93% used [0x00000000ebd00000,0x00000000ebede388,0x00000000ebf00000)
  to   space 2560K, 0% used [0x00000000eba00000,0x00000000eba00000,0x00000000ebc80000)
 ParOldGen       total 92160K, used 66756K [0x00000000c0000000, 0x00000000c5a00000, 0x00000000eab00000)
  object space 92160K, 72% used [0x00000000c0000000,0x00000000c41310a8,0x00000000c5a00000)
 Metaspace       used 74912K, committed 76032K, reserved 1179648K
  class space    used 9033K, committed 9536K, reserved 1048576K
}
Event: 17.596 GC heap before
{Heap before GC invocations=62 (full 4):
 PSYoungGen      total 17408K, used 17272K [0x00000000eab00000, 0x00000000ebf00000, 0x0000000100000000)
  eden space 15360K, 100% used [0x00000000eab00000,0x00000000eba00000,0x00000000eba00000)
  from space 2048K, 93% used [0x00000000ebd00000,0x00000000ebede388,0x00000000ebf00000)
  to   space 2560K, 0% used [0x00000000eba00000,0x00000000eba00000,0x00000000ebc80000)
 ParOldGen       total 92160K, used 66756K [0x00000000c0000000, 0x00000000c5a00000, 0x00000000eab00000)
  object space 92160K, 72% used [0x00000000c0000000,0x00000000c41310a8,0x00000000c5a00000)
 Metaspace       used 74912K, committed 76032K, reserved 1179648K
  class space    used 9033K, committed 9536K, reserved 1048576K
}
Event: 17.598 GC heap after
{Heap after GC invocations=62 (full 4):
 PSYoungGen      total 17408K, used 1537K [0x00000000eab00000, 0x00000000ebe00000, 0x0000000100000000)
  eden space 15360K, 0% used [0x00000000eab00000,0x00000000eab00000,0x00000000eba00000)
  from space 2048K, 75% used [0x00000000eba00000,0x00000000ebb80640,0x00000000ebc00000)
  to   space 2048K, 0% used [0x00000000ebc00000,0x00000000ebc00000,0x00000000ebe00000)
 ParOldGen       total 92160K, used 68145K [0x00000000c0000000, 0x00000000c5a00000, 0x00000000eab00000)
  object space 92160K, 73% used [0x00000000c0000000,0x00000000c428c4e8,0x00000000c5a00000)
 Metaspace       used 74912K, committed 76032K, reserved 1179648K
  class space    used 9033K, committed 9536K, reserved 1048576K
}
Event: 17.651 GC heap before
{Heap before GC invocations=63 (full 4):
 PSYoungGen      total 17408K, used 16897K [0x00000000eab00000, 0x00000000ebe00000, 0x0000000100000000)
  eden space 15360K, 100% used [0x00000000eab00000,0x00000000eba00000,0x00000000eba00000)
  from space 2048K, 75% used [0x00000000eba00000,0x00000000ebb80640,0x00000000ebc00000)
  to   space 2048K, 0% used [0x00000000ebc00000,0x00000000ebc00000,0x00000000ebe00000)
 ParOldGen       total 92160K, used 68145K [0x00000000c0000000, 0x00000000c5a00000, 0x00000000eab00000)
  object space 92160K, 73% used [0x00000000c0000000,0x00000000c428c4e8,0x00000000c5a00000)
 Metaspace       used 75039K, committed 76160K, reserved 1179648K
  class space    used 9058K, committed 9536K, reserved 1048576K
}
Event: 17.654 GC heap after
{Heap after GC invocations=63 (full 4):
 PSYoungGen      total 16896K, used 2046K [0x00000000eab00000, 0x00000000ebf00000, 0x0000000100000000)
  eden space 14848K, 0% used [0x00000000eab00000,0x00000000eab00000,0x00000000eb980000)
  from space 2048K, 99% used [0x00000000ebc00000,0x00000000ebdffab8,0x00000000ebe00000)
  to   space 2560K, 0% used [0x00000000eb980000,0x00000000eb980000,0x00000000ebc00000)
 ParOldGen       total 92160K, used 69557K [0x00000000c0000000, 0x00000000c5a00000, 0x00000000eab00000)
  object space 92160K, 75% used [0x00000000c0000000,0x00000000c43ed5a0,0x00000000c5a00000)
 Metaspace       used 75039K, committed 76160K, reserved 1179648K
  class space    used 9058K, committed 9536K, reserved 1048576K
}
Event: 17.717 GC heap before
{Heap before GC invocations=64 (full 4):
 PSYoungGen      total 16896K, used 16894K [0x00000000eab00000, 0x00000000ebf00000, 0x0000000100000000)
  eden space 14848K, 100% used [0x00000000eab00000,0x00000000eb980000,0x00000000eb980000)
  from space 2048K, 99% used [0x00000000ebc00000,0x00000000ebdffab8,0x00000000ebe00000)
  to   space 2560K, 0% used [0x00000000eb980000,0x00000000eb980000,0x00000000ebc00000)
 ParOldGen       total 92160K, used 69557K [0x00000000c0000000, 0x00000000c5a00000, 0x00000000eab00000)
  object space 92160K, 75% used [0x00000000c0000000,0x00000000c43ed5a0,0x00000000c5a00000)
 Metaspace       used 75282K, committed 76416K, reserved 1179648K
  class space    used 9105K, committed 9600K, reserved 1048576K
}
Event: 17.719 GC heap after
{Heap after GC invocations=64 (full 4):
 PSYoungGen      total 17408K, used 2112K [0x00000000eab00000, 0x00000000ebe80000, 0x0000000100000000)
  eden space 14848K, 0% used [0x00000000eab00000,0x00000000eab00000,0x00000000eb980000)
  from space 2560K, 82% used [0x00000000eb980000,0x00000000ebb90000,0x00000000ebc00000)
  to   space 2560K, 0% used [0x00000000ebc00000,0x00000000ebc00000,0x00000000ebe80000)
 ParOldGen       total 92160K, used 71447K [0x00000000c0000000, 0x00000000c5a00000, 0x00000000eab00000)
  object space 92160K, 77% used [0x00000000c0000000,0x00000000c45c5e50,0x00000000c5a00000)
 Metaspace       used 75282K, committed 76416K, reserved 1179648K
  class space    used 9105K, committed 9600K, reserved 1048576K
}
Event: 17.862 GC heap before
{Heap before GC invocations=65 (full 4):
 PSYoungGen      total 17408K, used 16960K [0x00000000eab00000, 0x00000000ebe80000, 0x0000000100000000)
  eden space 14848K, 100% used [0x00000000eab00000,0x00000000eb980000,0x00000000eb980000)
  from space 2560K, 82% used [0x00000000eb980000,0x00000000ebb90000,0x00000000ebc00000)
  to   space 2560K, 0% used [0x00000000ebc00000,0x00000000ebc00000,0x00000000ebe80000)
 ParOldGen       total 92160K, used 71447K [0x00000000c0000000, 0x00000000c5a00000, 0x00000000eab00000)
  object space 92160K, 77% used [0x00000000c0000000,0x00000000c45c5e50,0x00000000c5a00000)
 Metaspace       used 75416K, committed 76544K, reserved 1179648K
  class space    used 9116K, committed 9600K, reserved 1048576K
}
Event: 17.866 GC heap after
{Heap after GC invocations=65 (full 4):
 PSYoungGen      total 13824K, used 2541K [0x00000000eab00000, 0x00000000ec580000, 0x0000000100000000)
  eden space 11264K, 0% used [0x00000000eab00000,0x00000000eab00000,0x00000000eb600000)
  from space 2560K, 99% used [0x00000000ebc00000,0x00000000ebe7b4e0,0x00000000ebe80000)
  to   space 6144K, 0% used [0x00000000eb600000,0x00000000eb600000,0x00000000ebc00000)
 ParOldGen       total 92160K, used 74087K [0x00000000c0000000, 0x00000000c5a00000, 0x00000000eab00000)
  object space 92160K, 80% used [0x00000000c0000000,0x00000000c4859dd8,0x00000000c5a00000)
 Metaspace       used 75416K, committed 76544K, reserved 1179648K
  class space    used 9116K, committed 9600K, reserved 1048576K
}
Event: 18.040 GC heap before
{Heap before GC invocations=66 (full 4):
 PSYoungGen      total 13824K, used 13805K [0x00000000eab00000, 0x00000000ec580000, 0x0000000100000000)
  eden space 11264K, 100% used [0x00000000eab00000,0x00000000eb600000,0x00000000eb600000)
  from space 2560K, 99% used [0x00000000ebc00000,0x00000000ebe7b4e0,0x00000000ebe80000)
  to   space 6144K, 0% used [0x00000000eb600000,0x00000000eb600000,0x00000000ebc00000)
 ParOldGen       total 92160K, used 74087K [0x00000000c0000000, 0x00000000c5a00000, 0x00000000eab00000)
  object space 92160K, 80% used [0x00000000c0000000,0x00000000c4859dd8,0x00000000c5a00000)
 Metaspace       used 75941K, committed 77120K, reserved 1179648K
  class space    used 9181K, committed 9664K, reserved 1048576K
}
Event: 18.045 GC heap after
{Heap after GC invocations=66 (full 4):
 PSYoungGen      total 12800K, used 1267K [0x00000000eab00000, 0x00000000ebc80000, 0x0000000100000000)
  eden space 11264K, 0% used [0x00000000eab00000,0x00000000eab00000,0x00000000eb600000)
  from space 1536K, 82% used [0x00000000eb600000,0x00000000eb73ce00,0x00000000eb780000)
  to   space 3072K, 0% used [0x00000000eb980000,0x00000000eb980000,0x00000000ebc80000)
 ParOldGen       total 92160K, used 76617K [0x00000000c0000000, 0x00000000c5a00000, 0x00000000eab00000)
  object space 92160K, 83% used [0x00000000c0000000,0x00000000c4ad25b8,0x00000000c5a00000)
 Metaspace       used 75941K, committed 77120K, reserved 1179648K
  class space    used 9181K, committed 9664K, reserved 1048576K
}
Event: 18.100 GC heap before
{Heap before GC invocations=67 (full 4):
 PSYoungGen      total 12800K, used 12531K [0x00000000eab00000, 0x00000000ebc80000, 0x0000000100000000)
  eden space 11264K, 100% used [0x00000000eab00000,0x00000000eb600000,0x00000000eb600000)
  from space 1536K, 82% used [0x00000000eb600000,0x00000000eb73ce00,0x00000000eb780000)
  to   space 3072K, 0% used [0x00000000eb980000,0x00000000eb980000,0x00000000ebc80000)
 ParOldGen       total 92160K, used 76617K [0x00000000c0000000, 0x00000000c5a00000, 0x00000000eab00000)
  object space 92160K, 83% used [0x00000000c0000000,0x00000000c4ad25b8,0x00000000c5a00000)
 Metaspace       used 76012K, committed 77120K, reserved 1179648K
  class space    used 9188K, committed 9664K, reserved 1048576K
}
Event: 18.103 GC heap after
{Heap after GC invocations=67 (full 4):
 PSYoungGen      total 13312K, used 1940K [0x00000000eab00000, 0x00000000ebb80000, 0x0000000100000000)
  eden space 11264K, 0% used [0x00000000eab00000,0x00000000eab00000,0x00000000eb600000)
  from space 2048K, 94% used [0x00000000eb980000,0x00000000ebb65080,0x00000000ebb80000)
  to   space 2560K, 0% used [0x00000000eb680000,0x00000000eb680000,0x00000000eb900000)
 ParOldGen       total 92160K, used 77780K [0x00000000c0000000, 0x00000000c5a00000, 0x00000000eab00000)
  object space 92160K, 84% used [0x00000000c0000000,0x00000000c4bf51e0,0x00000000c5a00000)
 Metaspace       used 76012K, committed 77120K, reserved 1179648K
  class space    used 9188K, committed 9664K, reserved 1048576K
}
Event: 18.158 GC heap before
{Heap before GC invocations=68 (full 4):
 PSYoungGen      total 13312K, used 13167K [0x00000000eab00000, 0x00000000ebb80000, 0x0000000100000000)
  eden space 11264K, 99% used [0x00000000eab00000,0x00000000eb5f6c18,0x00000000eb600000)
  from space 2048K, 94% used [0x00000000eb980000,0x00000000ebb65080,0x00000000ebb80000)
  to   space 2560K, 0% used [0x00000000eb680000,0x00000000eb680000,0x00000000eb900000)
 ParOldGen       total 92160K, used 77780K [0x00000000c0000000, 0x00000000c5a00000, 0x00000000eab00000)
  object space 92160K, 84% used [0x00000000c0000000,0x00000000c4bf51e0,0x00000000c5a00000)
 Metaspace       used 76012K, committed 77120K, reserved 1179648K
  class space    used 9188K, committed 9664K, reserved 1048576K
}
Event: 18.161 GC heap after
{Heap after GC invocations=68 (full 4):
 PSYoungGen      total 13824K, used 2097K [0x00000000eab00000, 0x00000000ebb00000, 0x0000000100000000)
  eden space 11264K, 0% used [0x00000000eab00000,0x00000000eab00000,0x00000000eb600000)
  from space 2560K, 81% used [0x00000000eb680000,0x00000000eb88c528,0x00000000eb900000)
  to   space 2048K, 0% used [0x00000000eb900000,0x00000000eb900000,0x00000000ebb00000)
 ParOldGen       total 92160K, used 79543K [0x00000000c0000000, 0x00000000c5a00000, 0x00000000eab00000)
  object space 92160K, 86% used [0x00000000c0000000,0x00000000c4dadf48,0x00000000c5a00000)
 Metaspace       used 76012K, committed 77120K, reserved 1179648K
  class space    used 9188K, committed 9664K, reserved 1048576K
}
Event: 18.223 GC heap before
{Heap before GC invocations=69 (full 4):
 PSYoungGen      total 13824K, used 13361K [0x00000000eab00000, 0x00000000ebb00000, 0x0000000100000000)
  eden space 11264K, 100% used [0x00000000eab00000,0x00000000eb600000,0x00000000eb600000)
  from space 2560K, 81% used [0x00000000eb680000,0x00000000eb88c528,0x00000000eb900000)
  to   space 2048K, 0% used [0x00000000eb900000,0x00000000eb900000,0x00000000ebb00000)
 ParOldGen       total 92160K, used 79543K [0x00000000c0000000, 0x00000000c5a00000, 0x00000000eab00000)
  object space 92160K, 86% used [0x00000000c0000000,0x00000000c4dadf48,0x00000000c5a00000)
 Metaspace       used 76012K, committed 77120K, reserved 1179648K
  class space    used 9188K, committed 9664K, reserved 1048576K
}
Event: 18.225 GC heap after
{Heap after GC invocations=69 (full 4):
 PSYoungGen      total 11776K, used 2033K [0x00000000eab00000, 0x00000000ebf00000, 0x0000000100000000)
  eden space 9728K, 0% used [0x00000000eab00000,0x00000000eab00000,0x00000000eb480000)
  from space 2048K, 99% used [0x00000000eb900000,0x00000000ebafc5a8,0x00000000ebb00000)
  to   space 4608K, 0% used [0x00000000eb480000,0x00000000eb480000,0x00000000eb900000)
 ParOldGen       total 92160K, used 81445K [0x00000000c0000000, 0x00000000c5a00000, 0x00000000eab00000)
  object space 92160K, 88% used [0x00000000c0000000,0x00000000c4f89400,0x00000000c5a00000)
 Metaspace       used 76012K, committed 77120K, reserved 1179648K
  class space    used 9188K, committed 9664K, reserved 1048576K
}

Dll operation events (14 events):
Event: 0.014 Loaded shared library c:\Users\Gandharv\.vscode\extensions\redhat.java-1.38.0-win32-x64\jre\17.0.13-win32-x86_64\bin\java.dll
Event: 0.212 Loaded shared library c:\Users\Gandharv\.vscode\extensions\redhat.java-1.38.0-win32-x64\jre\17.0.13-win32-x86_64\bin\zip.dll
Event: 0.220 Loaded shared library C:\Users\Gandharv\.vscode\extensions\redhat.java-1.38.0-win32-x64\jre\17.0.13-win32-x86_64\bin\instrument.dll
Event: 0.233 Loaded shared library C:\Users\Gandharv\.vscode\extensions\redhat.java-1.38.0-win32-x64\jre\17.0.13-win32-x86_64\bin\net.dll
Event: 0.236 Loaded shared library C:\Users\Gandharv\.vscode\extensions\redhat.java-1.38.0-win32-x64\jre\17.0.13-win32-x86_64\bin\nio.dll
Event: 0.244 Loaded shared library C:\Users\Gandharv\.vscode\extensions\redhat.java-1.38.0-win32-x64\jre\17.0.13-win32-x86_64\bin\zip.dll
Event: 0.277 Loaded shared library C:\Users\Gandharv\.vscode\extensions\redhat.java-1.38.0-win32-x64\jre\17.0.13-win32-x86_64\bin\jimage.dll
Event: 0.510 Loaded shared library c:\Users\Gandharv\.vscode\extensions\redhat.java-1.38.0-win32-x64\jre\17.0.13-win32-x86_64\bin\verify.dll
Event: 2.284 Loaded shared library C:\Users\Gandharv\AppData\Roaming\Code\User\globalStorage\redhat.java\1.38.0\config_win\org.eclipse.equinox.launcher\org.eclipse.equinox.launcher.win32.win32.x86_64_1.2.1100.v20240722-2106\eclipse_11904.dll
Event: 4.924 Loaded shared library C:\Users\Gandharv\AppData\Local\Temp\jna--1676220115\jna14007036070332803974.dll
Event: 10.172 Loaded shared library C:\Users\Gandharv\.gradle\native\c067742578af261105cb4f569cf0c3c89f3d7b1fecec35dd04571415982c5e48\windows-amd64\native-platform.dll
Event: 12.300 Loaded shared library C:\Users\Gandharv\.vscode\extensions\redhat.java-1.38.0-win32-x64\jre\17.0.13-win32-x86_64\bin\management.dll
Event: 12.306 Loaded shared library C:\Users\Gandharv\.vscode\extensions\redhat.java-1.38.0-win32-x64\jre\17.0.13-win32-x86_64\bin\management_ext.dll
Event: 17.869 Loaded shared library C:\Users\Gandharv\.vscode\extensions\redhat.java-1.38.0-win32-x64\jre\17.0.13-win32-x86_64\bin\extnet.dll

Deoptimization events (20 events):
Event: 18.486 Thread 0x0000024d636b5a00 Uncommon trap: trap_request=0xffffffbe fr.pc=0x0000024d51efa758 relative=0x0000000000000318
Event: 18.486 Thread 0x0000024d636b5a00 Uncommon trap: reason=profile_predicate action=maybe_recompile pc=0x0000024d51efa758 method=java.util.regex.Pattern$Slice.match(Ljava/util/regex/Matcher;ILjava/lang/CharSequence;)Z @ 18 c2
Event: 18.486 Thread 0x0000024d636b5a00 DEOPT PACKING pc=0x0000024d51efa758 sp=0x000000ac05cfe860
Event: 18.486 Thread 0x0000024d636b5a00 DEOPT UNPACKING pc=0x0000024d516766a3 sp=0x000000ac05cfe800 mode 2
Event: 18.486 Thread 0x0000024d636b5a00 Uncommon trap: trap_request=0xffffffbe fr.pc=0x0000024d51efa758 relative=0x0000000000000318
Event: 18.486 Thread 0x0000024d636b5a00 Uncommon trap: reason=profile_predicate action=maybe_recompile pc=0x0000024d51efa758 method=java.util.regex.Pattern$Slice.match(Ljava/util/regex/Matcher;ILjava/lang/CharSequence;)Z @ 18 c2
Event: 18.486 Thread 0x0000024d636b5a00 DEOPT PACKING pc=0x0000024d51efa758 sp=0x000000ac05cfe860
Event: 18.486 Thread 0x0000024d636b5a00 DEOPT UNPACKING pc=0x0000024d516766a3 sp=0x000000ac05cfe800 mode 2
Event: 18.486 Thread 0x0000024d636b5a00 Uncommon trap: trap_request=0xffffffbe fr.pc=0x0000024d51efa758 relative=0x0000000000000318
Event: 18.486 Thread 0x0000024d636b5a00 Uncommon trap: reason=profile_predicate action=maybe_recompile pc=0x0000024d51efa758 method=java.util.regex.Pattern$Slice.match(Ljava/util/regex/Matcher;ILjava/lang/CharSequence;)Z @ 18 c2
Event: 18.486 Thread 0x0000024d636b5a00 DEOPT PACKING pc=0x0000024d51efa758 sp=0x000000ac05cfe860
Event: 18.486 Thread 0x0000024d636b5a00 DEOPT UNPACKING pc=0x0000024d516766a3 sp=0x000000ac05cfe800 mode 2
Event: 18.497 Thread 0x0000024d62487cf0 DEOPT PACKING pc=0x0000024d4abf66bb sp=0x000000ac05dfe630
Event: 18.497 Thread 0x0000024d62487cf0 DEOPT UNPACKING pc=0x0000024d51676e43 sp=0x000000ac05dfdbb0 mode 0
Event: 18.547 Thread 0x0000024d62487cf0 DEOPT PACKING pc=0x0000024d4abf66bb sp=0x000000ac05dfe510
Event: 18.547 Thread 0x0000024d62487cf0 DEOPT UNPACKING pc=0x0000024d51676e43 sp=0x000000ac05dfda78 mode 0
Event: 18.567 Thread 0x0000024d62487cf0 DEOPT PACKING pc=0x0000024d4abf673b sp=0x000000ac05dfe510
Event: 18.567 Thread 0x0000024d62487cf0 DEOPT UNPACKING pc=0x0000024d51676e43 sp=0x000000ac05dfda78 mode 0
Event: 18.584 Thread 0x0000024d62487cf0 DEOPT PACKING pc=0x0000024d4abf66bb sp=0x000000ac05dfe510
Event: 18.584 Thread 0x0000024d62487cf0 DEOPT UNPACKING pc=0x0000024d51676e43 sp=0x000000ac05dfda78 mode 0

Classes loaded (20 events):
Event: 17.912 Loading class sun/util/resources/TimeZoneNamesBundle done
Event: 17.912 Loading class sun/util/resources/cldr/TimeZoneNames done
Event: 17.913 Loading class sun/util/resources/cldr/TimeZoneNames_en
Event: 17.916 Loading class sun/util/resources/cldr/TimeZoneNames_en done
Event: 17.916 Loading class sun/util/resources/cldr/TimeZoneNames_en_US
Event: 17.916 Loading class sun/util/resources/cldr/TimeZoneNames_en_US done
Event: 17.917 Loading class sun/util/cldr/CLDRBaseLocaleDataMetaInfo$TZCanonicalIDMapHolder
Event: 17.919 Loading class sun/util/cldr/CLDRBaseLocaleDataMetaInfo$TZCanonicalIDMapHolder done
Event: 17.921 Loading class sun/util/resources/TimeZoneNames
Event: 17.923 Loading class sun/util/resources/TimeZoneNames done
Event: 17.923 Loading class sun/util/resources/TimeZoneNames_en
Event: 17.923 Loading class sun/util/resources/TimeZoneNames_en done
Event: 18.058 Loading class java/lang/ProcessBuilder$NullInputStream
Event: 18.058 Loading class java/lang/ProcessBuilder$NullInputStream done
Event: 18.060 Loading class java/util/Scanner
Event: 18.063 Loading class java/util/Scanner done
Event: 18.065 Loading class java/util/Scanner$PatternLRUCache
Event: 18.065 Loading class java/util/Scanner$PatternLRUCache done
Event: 18.485 Loading class java/util/regex/Matcher$ImmutableMatchResult
Event: 18.485 Loading class java/util/regex/Matcher$ImmutableMatchResult done

Classes unloaded (14 events):
Event: 6.212 Thread 0x0000024d60570cf0 Unloading class 0x0000000100258000 'java/lang/invoke/LambdaForm$MH+0x0000000100258000'
Event: 6.212 Thread 0x0000024d60570cf0 Unloading class 0x0000000100253c00 'java/lang/invoke/LambdaForm$MH+0x0000000100253c00'
Event: 6.212 Thread 0x0000024d60570cf0 Unloading class 0x0000000100253800 'java/lang/invoke/LambdaForm$MH+0x0000000100253800'
Event: 6.212 Thread 0x0000024d60570cf0 Unloading class 0x0000000100253400 'java/lang/invoke/LambdaForm$MH+0x0000000100253400'
Event: 6.212 Thread 0x0000024d60570cf0 Unloading class 0x0000000100253000 'java/lang/invoke/LambdaForm$BMH+0x0000000100253000'
Event: 6.212 Thread 0x0000024d60570cf0 Unloading class 0x0000000100252c00 'java/lang/invoke/LambdaForm$DMH+0x0000000100252c00'
Event: 6.212 Thread 0x0000024d60570cf0 Unloading class 0x0000000100250400 'java/lang/invoke/LambdaForm$DMH+0x0000000100250400'
Event: 10.484 Thread 0x0000024d60570cf0 Unloading class 0x0000000100418000 'java/lang/invoke/LambdaForm$MH+0x0000000100418000'
Event: 10.484 Thread 0x0000024d60570cf0 Unloading class 0x0000000100413400 'java/lang/invoke/LambdaForm$MH+0x0000000100413400'
Event: 10.484 Thread 0x0000024d60570cf0 Unloading class 0x0000000100412c00 'java/lang/invoke/LambdaForm$MH+0x0000000100412c00'
Event: 10.484 Thread 0x0000024d60570cf0 Unloading class 0x0000000100412800 'java/lang/invoke/LambdaForm$MH+0x0000000100412800'
Event: 10.484 Thread 0x0000024d60570cf0 Unloading class 0x0000000100412000 'java/lang/invoke/LambdaForm$DMH+0x0000000100412000'
Event: 10.484 Thread 0x0000024d60570cf0 Unloading class 0x0000000100411800 'java/lang/invoke/LambdaForm$MH+0x0000000100411800'
Event: 10.484 Thread 0x0000024d60570cf0 Unloading class 0x0000000100410c00 'java/lang/invoke/LambdaForm$MH+0x0000000100410c00'

Classes redefined (0 events):
No events

Internal exceptions (20 events):
Event: 12.984 Thread 0x0000024d624872d0 Exception <a 'sun/nio/fs/WindowsException'{0x00000000eb33ae48}> (0x00000000eb33ae48) 
thrown [s\src\hotspot\share\prims\jni.cpp, line 516]
Event: 12.984 Thread 0x0000024d624872d0 Exception <a 'sun/nio/fs/WindowsException'{0x00000000eb33b4d0}> (0x00000000eb33b4d0) 
thrown [s\src\hotspot\share\prims\jni.cpp, line 516]
Event: 12.984 Thread 0x0000024d624872d0 Exception <a 'sun/nio/fs/WindowsException'{0x00000000eb33bb58}> (0x00000000eb33bb58) 
thrown [s\src\hotspot\share\prims\jni.cpp, line 516]
Event: 12.984 Thread 0x0000024d624872d0 Exception <a 'sun/nio/fs/WindowsException'{0x00000000eb33c1f8}> (0x00000000eb33c1f8) 
thrown [s\src\hotspot\share\prims\jni.cpp, line 516]
Event: 12.985 Thread 0x0000024d624872d0 Exception <a 'sun/nio/fs/WindowsException'{0x00000000eb3a4880}> (0x00000000eb3a4880) 
thrown [s\src\hotspot\share\prims\jni.cpp, line 516]
Event: 12.985 Thread 0x0000024d624872d0 Exception <a 'sun/nio/fs/WindowsException'{0x00000000eb3a4f20}> (0x00000000eb3a4f20) 
thrown [s\src\hotspot\share\prims\jni.cpp, line 516]
Event: 12.985 Thread 0x0000024d624872d0 Exception <a 'sun/nio/fs/WindowsException'{0x00000000eb3a55d0}> (0x00000000eb3a55d0) 
thrown [s\src\hotspot\share\prims\jni.cpp, line 516]
Event: 12.985 Thread 0x0000024d624872d0 Exception <a 'sun/nio/fs/WindowsException'{0x00000000eb3a5c90}> (0x00000000eb3a5c90) 
thrown [s\src\hotspot\share\prims\jni.cpp, line 516]
Event: 12.986 Thread 0x0000024d624872d0 Exception <a 'sun/nio/fs/WindowsException'{0x00000000eb3ab6b0}> (0x00000000eb3ab6b0) 
thrown [s\src\hotspot\share\prims\jni.cpp, line 516]
Event: 12.986 Thread 0x0000024d624872d0 Exception <a 'sun/nio/fs/WindowsException'{0x00000000eb3abd48}> (0x00000000eb3abd48) 
thrown [s\src\hotspot\share\prims\jni.cpp, line 516]
Event: 12.986 Thread 0x0000024d624872d0 Exception <a 'sun/nio/fs/WindowsException'{0x00000000eb3ac3e0}> (0x00000000eb3ac3e0) 
thrown [s\src\hotspot\share\prims\jni.cpp, line 516]
Event: 12.986 Thread 0x0000024d624872d0 Exception <a 'sun/nio/fs/WindowsException'{0x00000000eb3aca98}> (0x00000000eb3aca98) 
thrown [s\src\hotspot\share\prims\jni.cpp, line 516]
Event: 12.987 Thread 0x0000024d624872d0 Exception <a 'sun/nio/fs/WindowsException'{0x00000000eb3d7a28}> (0x00000000eb3d7a28) 
thrown [s\src\hotspot\share\prims\jni.cpp, line 516]
Event: 12.987 Thread 0x0000024d624872d0 Exception <a 'sun/nio/fs/WindowsException'{0x00000000eb3d80f0}> (0x00000000eb3d80f0) 
thrown [s\src\hotspot\share\prims\jni.cpp, line 516]
Event: 12.987 Thread 0x0000024d624872d0 Exception <a 'sun/nio/fs/WindowsException'{0x00000000eb3d87b8}> (0x00000000eb3d87b8) 
thrown [s\src\hotspot\share\prims\jni.cpp, line 516]
Event: 12.987 Thread 0x0000024d624872d0 Exception <a 'sun/nio/fs/WindowsException'{0x00000000eb3d8ea0}> (0x00000000eb3d8ea0) 
thrown [s\src\hotspot\share\prims\jni.cpp, line 516]
Event: 12.988 Thread 0x0000024d624872d0 Exception <a 'sun/nio/fs/WindowsException'{0x00000000eb3de908}> (0x00000000eb3de908) 
thrown [s\src\hotspot\share\prims\jni.cpp, line 516]
Event: 12.988 Thread 0x0000024d624872d0 Exception <a 'sun/nio/fs/WindowsException'{0x00000000eb3defd0}> (0x00000000eb3defd0) 
thrown [s\src\hotspot\share\prims\jni.cpp, line 516]
Event: 12.988 Thread 0x0000024d624872d0 Exception <a 'sun/nio/fs/WindowsException'{0x00000000eb3df698}> (0x00000000eb3df698) 
thrown [s\src\hotspot\share\prims\jni.cpp, line 516]
Event: 12.988 Thread 0x0000024d624872d0 Exception <a 'sun/nio/fs/WindowsException'{0x00000000eb3dfd80}> (0x00000000eb3dfd80) 
thrown [s\src\hotspot\share\prims\jni.cpp, line 516]

VM Operations (20 events):
Event: 17.546 Executing VM operation: ParallelGCFailedAllocation
Event: 17.547 Executing VM operation: ParallelGCFailedAllocation done
Event: 17.596 Executing VM operation: ParallelGCFailedAllocation
Event: 17.598 Executing VM operation: ParallelGCFailedAllocation done
Event: 17.651 Executing VM operation: ParallelGCFailedAllocation
Event: 17.654 Executing VM operation: ParallelGCFailedAllocation done
Event: 17.717 Executing VM operation: ParallelGCFailedAllocation
Event: 17.720 Executing VM operation: ParallelGCFailedAllocation done
Event: 17.862 Executing VM operation: ParallelGCFailedAllocation
Event: 17.866 Executing VM operation: ParallelGCFailedAllocation done
Event: 18.040 Executing VM operation: ParallelGCFailedAllocation
Event: 18.045 Executing VM operation: ParallelGCFailedAllocation done
Event: 18.100 Executing VM operation: ParallelGCFailedAllocation
Event: 18.103 Executing VM operation: ParallelGCFailedAllocation done
Event: 18.158 Executing VM operation: ParallelGCFailedAllocation
Event: 18.161 Executing VM operation: ParallelGCFailedAllocation done
Event: 18.223 Executing VM operation: ParallelGCFailedAllocation
Event: 18.225 Executing VM operation: ParallelGCFailedAllocation done
Event: 18.584 Executing VM operation: HandshakeAllThreads
Event: 18.585 Executing VM operation: HandshakeAllThreads done

Memory protections (0 events):
No events

Nmethod flushes (20 events):
Event: 14.528 Thread 0x0000024d605b1ee0 flushing  nmethod 0x0000024d4adf5090
Event: 14.528 Thread 0x0000024d605b1ee0 flushing  nmethod 0x0000024d4adf5f90
Event: 14.528 Thread 0x0000024d605b1ee0 flushing  nmethod 0x0000024d4adf7490
Event: 14.528 Thread 0x0000024d605b1ee0 flushing  nmethod 0x0000024d4ae2c790
Event: 14.528 Thread 0x0000024d605b1ee0 flushing  nmethod 0x0000024d4ae35c10
Event: 14.528 Thread 0x0000024d605b1ee0 flushing  nmethod 0x0000024d4ae38210
Event: 14.528 Thread 0x0000024d605b1ee0 flushing  nmethod 0x0000024d4ae38e10
Event: 14.528 Thread 0x0000024d605b1ee0 flushing  nmethod 0x0000024d4ae42d10
Event: 14.528 Thread 0x0000024d605b1ee0 flushing  nmethod 0x0000024d4ae89e10
Event: 14.528 Thread 0x0000024d605b1ee0 flushing  nmethod 0x0000024d4ae8a210
Event: 14.528 Thread 0x0000024d605b1ee0 flushing  nmethod 0x0000024d4ae8a590
Event: 14.528 Thread 0x0000024d605b1ee0 flushing  nmethod 0x0000024d4ae8a910
Event: 14.528 Thread 0x0000024d605b1ee0 flushing  nmethod 0x0000024d4ae8bf10
Event: 14.528 Thread 0x0000024d605b1ee0 flushing  nmethod 0x0000024d4ae8cf90
Event: 14.528 Thread 0x0000024d605b1ee0 flushing  nmethod 0x0000024d4ae8d490
Event: 14.528 Thread 0x0000024d605b1ee0 flushing  nmethod 0x0000024d4ae8db90
Event: 14.529 Thread 0x0000024d605b1ee0 flushing  nmethod 0x0000024d4ae9f510
Event: 14.529 Thread 0x0000024d605b1ee0 flushing  nmethod 0x0000024d4aea1390
Event: 14.529 Thread 0x0000024d605b1ee0 flushing osr nmethod 0x0000024d4aea9e10
Event: 14.529 Thread 0x0000024d605b1ee0 flushing  nmethod 0x0000024d4aebb790

Events (20 events):
Event: 13.436 Thread 0x0000024d65317d30 Thread exited: 0x0000024d65317d30
Event: 13.441 Thread 0x0000024d624872d0 Thread added: 0x0000024d65313b60
Event: 13.444 Thread 0x0000024d624872d0 Thread added: 0x0000024d653163e0
Event: 13.473 Thread 0x0000024d624872d0 Thread added: 0x0000024d65313650
Event: 13.482 Thread 0x0000024d653163e0 Thread exited: 0x0000024d653163e0
Event: 13.524 Thread 0x0000024d624872d0 Thread added: 0x0000024d653168f0
Event: 13.527 Thread 0x0000024d624872d0 Thread added: 0x0000024d653163e0
Event: 13.565 Thread 0x0000024d653163e0 Thread exited: 0x0000024d653163e0
Event: 13.565 Thread 0x0000024d624872d0 Thread added: 0x0000024d65316e00
Event: 13.568 Thread 0x0000024d624872d0 Thread added: 0x0000024d653163e0
Event: 16.720 Thread 0x0000024d628d0fd0 Thread exited: 0x0000024d628d0fd0
Event: 17.065 Thread 0x0000024d6203f420 Thread exited: 0x0000024d6203f420
Event: 17.681 Thread 0x0000024d653163e0 Thread added: 0x0000024d636b3ba0
Event: 18.048 Thread 0x0000024d653163e0 Thread added: 0x0000024d636b5a00
Event: 18.060 Thread 0x0000024d636b5a00 Thread added: 0x0000024d636ae590
Event: 18.060 Thread 0x0000024d636b5a00 Thread added: 0x0000024d636aeaa0
Event: 18.063 Thread 0x0000024d636ae590 Thread exited: 0x0000024d636ae590
Event: 18.580 Thread 0x0000024d636b5a00 Thread exited: 0x0000024d636b5a00
Event: 18.580 Thread 0x0000024d636aeaa0 Thread exited: 0x0000024d636aeaa0
Event: 18.583 Thread 0x0000024d653163e0 Thread exited: 0x0000024d653163e0


Dynamic libraries:
0x00007ff79cc10000 - 0x00007ff79cc1e000 	c:\Users\Gandharv\.vscode\extensions\redhat.java-1.38.0-win32-x64\jre\17.0.13-win32-x86_64\bin\java.exe
0x00007ffa86370000 - 0x00007ffa86568000 	C:\Windows\SYSTEM32\ntdll.dll
0x00007ffa85e90000 - 0x00007ffa85f4d000 	C:\Windows\System32\KERNEL32.DLL
0x00007ffa83be0000 - 0x00007ffa83ed6000 	C:\Windows\System32\KERNELBASE.dll
0x00007ffa84110000 - 0x00007ffa84210000 	C:\Windows\System32\ucrtbase.dll
0x00007ffa66520000 - 0x00007ffa66537000 	c:\Users\Gandharv\.vscode\extensions\redhat.java-1.38.0-win32-x64\jre\17.0.13-win32-x86_64\bin\jli.dll
0x00007ffa85ff0000 - 0x00007ffa8618e000 	C:\Windows\System32\USER32.dll
0x00007ffa83a50000 - 0x00007ffa83a72000 	C:\Windows\System32\win32u.dll
0x00007ffa854d0000 - 0x00007ffa854fb000 	C:\Windows\System32\GDI32.dll
0x00007ffa84210000 - 0x00007ffa84327000 	C:\Windows\System32\gdi32full.dll
0x00007ffa83fe0000 - 0x00007ffa8407d000 	C:\Windows\System32\msvcp_win.dll
0x00007ffa49db0000 - 0x00007ffa49dce000 	c:\Users\Gandharv\.vscode\extensions\redhat.java-1.38.0-win32-x64\jre\17.0.13-win32-x86_64\bin\VCRUNTIME140.dll
0x00007ffa6ce30000 - 0x00007ffa6d0ca000 	C:\Windows\WinSxS\amd64_microsoft.windows.common-controls_6595b64144ccf1df_6.0.19041.3636_none_60b6a03d71f818d5\COMCTL32.dll
0x00007ffa85f50000 - 0x00007ffa85fee000 	C:\Windows\System32\msvcrt.dll
0x00007ffa85500000 - 0x00007ffa85532000 	C:\Windows\System32\IMM32.DLL
0x00007ffa71d70000 - 0x00007ffa71d7c000 	c:\Users\Gandharv\.vscode\extensions\redhat.java-1.38.0-win32-x64\jre\17.0.13-win32-x86_64\bin\vcruntime140_1.dll
0x00007ffa361b0000 - 0x00007ffa3623d000 	c:\Users\Gandharv\.vscode\extensions\redhat.java-1.38.0-win32-x64\jre\17.0.13-win32-x86_64\bin\msvcp140.dll
0x00007ffa099d0000 - 0x00007ffa0a63b000 	c:\Users\Gandharv\.vscode\extensions\redhat.java-1.38.0-win32-x64\jre\17.0.13-win32-x86_64\bin\server\jvm.dll
0x00007ffa86280000 - 0x00007ffa86330000 	C:\Windows\System32\ADVAPI32.dll
0x00007ffa85a60000 - 0x00007ffa85b00000 	C:\Windows\System32\sechost.dll
0x00007ffa857f0000 - 0x00007ffa85915000 	C:\Windows\System32\RPCRT4.dll
0x00007ffa83a20000 - 0x00007ffa83a47000 	C:\Windows\System32\bcrypt.dll
0x00007ffa85cf0000 - 0x00007ffa85d5b000 	C:\Windows\System32\WS2_32.dll
0x00007ffa82f90000 - 0x00007ffa82fdb000 	C:\Windows\SYSTEM32\POWRPROF.dll
0x00007ffa81820000 - 0x00007ffa8182a000 	C:\Windows\SYSTEM32\VERSION.dll
0x00007ffa725f0000 - 0x00007ffa72617000 	C:\Windows\SYSTEM32\WINMM.dll
0x00007ffa82e00000 - 0x00007ffa82e12000 	C:\Windows\SYSTEM32\UMPDC.dll
0x00007ffa82220000 - 0x00007ffa82232000 	C:\Windows\SYSTEM32\kernel.appcore.dll
0x00007ffa71bd0000 - 0x00007ffa71bda000 	c:\Users\Gandharv\.vscode\extensions\redhat.java-1.38.0-win32-x64\jre\17.0.13-win32-x86_64\bin\jimage.dll
0x00007ffa80dd0000 - 0x00007ffa80fb4000 	C:\Windows\SYSTEM32\DBGHELP.DLL
0x00007ffa6ed90000 - 0x00007ffa6edc4000 	C:\Windows\SYSTEM32\dbgcore.DLL
0x00007ffa84080000 - 0x00007ffa84102000 	C:\Windows\System32\bcryptPrimitives.dll
0x00007ffa71590000 - 0x00007ffa7159e000 	c:\Users\Gandharv\.vscode\extensions\redhat.java-1.38.0-win32-x64\jre\17.0.13-win32-x86_64\bin\instrument.dll
0x00007ffa48af0000 - 0x00007ffa48b15000 	c:\Users\Gandharv\.vscode\extensions\redhat.java-1.38.0-win32-x64\jre\17.0.13-win32-x86_64\bin\java.dll
0x00007ffa49b10000 - 0x00007ffa49b28000 	c:\Users\Gandharv\.vscode\extensions\redhat.java-1.38.0-win32-x64\jre\17.0.13-win32-x86_64\bin\zip.dll
0x00007ffa84700000 - 0x00007ffa84e6b000 	C:\Windows\System32\SHELL32.dll
0x00007ffa81a70000 - 0x00007ffa8220e000 	C:\Windows\SYSTEM32\windows.storage.dll
0x00007ffa843a0000 - 0x00007ffa846f3000 	C:\Windows\System32\combase.dll
0x00007ffa83450000 - 0x00007ffa8347e000 	C:\Windows\SYSTEM32\Wldp.dll
0x00007ffa84f90000 - 0x00007ffa8505d000 	C:\Windows\System32\OLEAUT32.dll
0x00007ffa85b60000 - 0x00007ffa85c0d000 	C:\Windows\System32\SHCORE.dll
0x00007ffa85770000 - 0x00007ffa857c5000 	C:\Windows\System32\shlwapi.dll
0x00007ffa83950000 - 0x00007ffa83975000 	C:\Windows\SYSTEM32\profapi.dll
0x00007ffa46680000 - 0x00007ffa46699000 	C:\Users\Gandharv\.vscode\extensions\redhat.java-1.38.0-win32-x64\jre\17.0.13-win32-x86_64\bin\net.dll
0x00007ffa7b4b0000 - 0x00007ffa7b5ba000 	C:\Windows\SYSTEM32\WINHTTP.dll
0x00007ffa83170000 - 0x00007ffa831da000 	C:\Windows\system32\mswsock.dll
0x00007ffa40490000 - 0x00007ffa404a6000 	C:\Users\Gandharv\.vscode\extensions\redhat.java-1.38.0-win32-x64\jre\17.0.13-win32-x86_64\bin\nio.dll
0x00007ffa6fef0000 - 0x00007ffa6ff00000 	c:\Users\Gandharv\.vscode\extensions\redhat.java-1.38.0-win32-x64\jre\17.0.13-win32-x86_64\bin\verify.dll
0x00007ffa36950000 - 0x00007ffa36995000 	C:\Users\Gandharv\AppData\Roaming\Code\User\globalStorage\redhat.java\1.38.0\config_win\org.eclipse.equinox.launcher\org.eclipse.equinox.launcher.win32.win32.x86_64_1.2.1100.v20240722-2106\eclipse_11904.dll
0x00007ffa85930000 - 0x00007ffa85a5b000 	C:\Windows\System32\ole32.dll
0x00007ffa83380000 - 0x00007ffa83398000 	C:\Windows\SYSTEM32\CRYPTSP.dll
0x00007ffa82a30000 - 0x00007ffa82a64000 	C:\Windows\system32\rsaenh.dll
0x00007ffa83910000 - 0x00007ffa8393e000 	C:\Windows\SYSTEM32\USERENV.dll
0x00007ffa833a0000 - 0x00007ffa833ac000 	C:\Windows\SYSTEM32\CRYPTBASE.dll
0x00007ffa82e20000 - 0x00007ffa82e5b000 	C:\Windows\SYSTEM32\IPHLPAPI.DLL
0x00007ffa85760000 - 0x00007ffa85768000 	C:\Windows\System32\NSI.dll
0x00007ffa7c100000 - 0x00007ffa7c117000 	C:\Windows\SYSTEM32\dhcpcsvc6.DLL
0x00007ffa7c320000 - 0x00007ffa7c33d000 	C:\Windows\SYSTEM32\dhcpcsvc.DLL
0x00007ffa82e70000 - 0x00007ffa82f3b000 	C:\Windows\SYSTEM32\DNSAPI.dll
0x00007ffa46b90000 - 0x00007ffa46bd9000 	C:\Users\Gandharv\AppData\Local\Temp\jna--1676220115\jna14007036070332803974.dll
0x00007ffa85920000 - 0x00007ffa85928000 	C:\Windows\System32\PSAPI.DLL
0x00007ffa56200000 - 0x00007ffa56227000 	C:\Users\Gandharv\.gradle\native\c067742578af261105cb4f569cf0c3c89f3d7b1fecec35dd04571415982c5e48\windows-amd64\native-platform.dll
0x00007ffa71840000 - 0x00007ffa7184a000 	C:\Users\Gandharv\.vscode\extensions\redhat.java-1.38.0-win32-x64\jre\17.0.13-win32-x86_64\bin\management.dll
0x00007ffa71780000 - 0x00007ffa7178b000 	C:\Users\Gandharv\.vscode\extensions\redhat.java-1.38.0-win32-x64\jre\17.0.13-win32-x86_64\bin\management_ext.dll
0x00007ffa6fec0000 - 0x00007ffa6fec9000 	C:\Users\Gandharv\.vscode\extensions\redhat.java-1.38.0-win32-x64\jre\17.0.13-win32-x86_64\bin\extnet.dll

dbghelp: loaded successfully - version: 4.0.5 - missing functions: none
symbol engine: initialized successfully - sym options: 0x614 - pdb path: .;c:\Users\Gandharv\.vscode\extensions\redhat.java-1.38.0-win32-x64\jre\17.0.13-win32-x86_64\bin;C:\Windows\SYSTEM32;C:\Windows\WinSxS\amd64_microsoft.windows.common-controls_6595b64144ccf1df_6.0.19041.3636_none_60b6a03d71f818d5;c:\Users\Gandharv\.vscode\extensions\redhat.java-1.38.0-win32-x64\jre\17.0.13-win32-x86_64\bin\server;C:\Users\Gandharv\AppData\Roaming\Code\User\globalStorage\redhat.java\1.38.0\config_win\org.eclipse.equinox.launcher\org.eclipse.equinox.launcher.win32.win32.x86_64_1.2.1100.v20240722-2106;C:\Users\Gandharv\AppData\Local\Temp\jna--1676220115;C:\Users\Gandharv\.gradle\native\c067742578af261105cb4f569cf0c3c89f3d7b1fecec35dd04571415982c5e48\windows-amd64

VM Arguments:
jvm_args: --add-modules=ALL-SYSTEM --add-opens=java.base/java.util=ALL-UNNAMED --add-opens=java.base/java.lang=ALL-UNNAMED --add-opens=java.base/sun.nio.fs=ALL-UNNAMED -Declipse.application=org.eclipse.jdt.ls.core.id1 -Dosgi.bundles.defaultStartLevel=4 -Declipse.product=org.eclipse.jdt.ls.core.product -Djava.import.generatesMetadataFilesAtProjectRoot=false -DDetectVMInstallationsJob.disabled=true -Dfile.encoding=utf8 -XX:+UseParallelGC -XX:GCTimeRatio=4 -XX:AdaptiveSizePolicyWeight=90 -Dsun.zip.disableMemoryMapping=true -Xmx1G -Xms100m -Xlog:disable -javaagent:c:\Users\Gandharv\.vscode\extensions\redhat.java-1.38.0-win32-x64\lombok\lombok-1.18.34.jar -XX:+HeapDumpOnOutOfMemoryError -XX:HeapDumpPath=c:\Users\Gandharv\AppData\Roaming\Code\User\workspaceStorage\ec3f738dfd68fd79c8ae90a3d04fbd98\redhat.java -Daether.dependencyCollector.impl=bf 
java_command: c:\Users\Gandharv\.vscode\extensions\redhat.java-1.38.0-win32-x64\server\plugins\org.eclipse.equinox.launcher_1.6.900.v20240613-2009.jar -configuration c:\Users\Gandharv\AppData\Roaming\Code\User\globalStorage\redhat.java\1.38.0\config_win -data c:\Users\Gandharv\AppData\Roaming\Code\User\workspaceStorage\ec3f738dfd68fd79c8ae90a3d04fbd98\redhat.java\jdt_ws --pipe=\\.\pipe\lsp-03588b16203d18a62729bf2eb38df094-sock
java_class_path (initial): c:\Users\Gandharv\.vscode\extensions\redhat.java-1.38.0-win32-x64\server\plugins\org.eclipse.equinox.launcher_1.6.900.v20240613-2009.jar
Launcher Type: SUN_STANDARD

[Global flags]
    uintx AdaptiveSizePolicyWeight                 = 90                                        {product} {command line}
     intx CICompilerCount                          = 4                                         {product} {ergonomic}
    uintx GCTimeRatio                              = 4                                         {product} {command line}
     bool HeapDumpOnOutOfMemoryError               = true                                   {manageable} {command line}
    ccstr HeapDumpPath                             = c:\Users\Gandharv\AppData\Roaming\Code\User\workspaceStorage\ec3f738dfd68fd79c8ae90a3d04fbd98\redhat.java         {manageable} {command line}
   size_t InitialHeapSize                          = 104857600                                 {product} {command line}
   size_t MaxHeapSize                              = 1073741824                                {product} {command line}
   size_t MaxNewSize                               = 357564416                                 {product} {ergonomic}
   size_t MinHeapDeltaBytes                        = 524288                                    {product} {ergonomic}
   size_t MinHeapSize                              = 104857600                                 {product} {command line}
   size_t NewSize                                  = 34603008                                  {product} {ergonomic}
    uintx NonNMethodCodeHeapSize                   = 5839372                                {pd product} {ergonomic}
    uintx NonProfiledCodeHeapSize                  = 122909434                              {pd product} {ergonomic}
   size_t OldSize                                  = 70254592                                  {product} {ergonomic}
    uintx ProfiledCodeHeapSize                     = 122909434                              {pd product} {ergonomic}
    uintx ReservedCodeCacheSize                    = 251658240                              {pd product} {ergonomic}
     bool SegmentedCodeCache                       = true                                      {product} {ergonomic}
   size_t SoftMaxHeapSize                          = 1073741824                             {manageable} {ergonomic}
     bool UseCompressedClassPointers               = true                           {product lp64_product} {ergonomic}
     bool UseCompressedOops                        = true                           {product lp64_product} {ergonomic}
     bool UseLargePagesIndividualAllocation        = false                                  {pd product} {ergonomic}
     bool UseParallelGC                            = true                                      {product} {command line}

Logging:
Log output configuration:
 #0: stdout all=off uptime,level,tags
 #1: stderr all=off uptime,level,tags

Environment Variables:
JAVA_HOME=C:\Program Files\Android\Android Studio\jbr
PATH=C:\oraclexe\app\oracle\product\10.2.0\server\bin;C:\Users\Gandharv\Downloads\apache-maven-3.9.8\bin;C:\Program Files (x86)\Common Files\Oracle\Java\javapath;C:\Program Files\Java\jdk1.8.0_202\bin;C:\app\Gandharv\product\21c\dbhomeXE\bin;C:\Windows\system32;C:\Windows;C:\Windows\System32\Wbem;C:\Windows\System32\WindowsPowerShell\v1.0\;C:\Windows\System32\OpenSSH\;C:\Program Files (x86)\NVIDIA Corporation\PhysX\Common;C:\Program Files\NVIDIA Corporation\NVIDIA NvDLISR;C:\MinGW\bin;C:\Program Files\Microsoft SQL Server\Client SDK\ODBC\170\Tools\Binn\;C:\Program Files (x86)\Microsoft SQL Server\150\Tools\Binn\;C:\Program Files\Microsoft SQL Server\150\Tools\Binn\;C:\Program Files\Microsoft SQL Server\150\DTS\Binn\;C:\Program Files\dotnet\;C:\Program Files\Microsoft SQL Server\130\Tools\Binn\;C:\Android;C:\xampp\php;C:\ProgramData\ComposerSetup\bin;C:\Users\Gandharv\Downloads\apache-maven-3.9.7-bin\apache-maven-3.9.7\bin;C:\src\flutter\bin;C:\Users\Gandharv\AppData\Local\Android\Sdk;C:\Program Files\Git\cmd;C:\Program Files\Java\jdk-17.0.12;C:\Program Files\MongoDB\Server\8.0\bin;C:\Program Files\nodejs\;C:\Users\Gandharv\Downloads\apache-maven-3.9.8\bin;C:\Users\Gandharv\AppData\Local\Programs\Python\Python310\Scripts\;C:\Users\Gandharv\AppData\Local\Programs\Python\Python310\;C:\Program Files (x86)\Microsoft Visual Studio\Common\Tools\WinNT;C:\Program Files (x86)\Microsoft Visual Studio\Common\MSDev98\Bin;C:\Program Files (x86)\Microsoft Visual Studio\Common\Tools;C:\Program Files (x86)\Microsoft Visual Studio\VC98\bin;C:\Users\Gandharv\AppData\Local\Microsoft\WindowsApps;C:\Users\Gandharv\AppData\Local\Programs\Fiddler;C:\Program Files\JetBrains\IntelliJ IDEA Community Edition 2023.3.3\bin;;C:\Users\Gandharv\.dotnet\tools;C:\Users\Gandharv\AppData\Roaming\Composer\vendor\bin;C:\JAVA\javafx-sdk-21.0.2\bin;C:\Users\Gandharv\Downloads\apache-maven-3.9.7-bin\apache-maven-3.9.7\bin;C:\src\flutter\bin;C:\Users\Gandharv\AppData\Local\Programs\Microsoft VS Code\bin;C:\User
USERNAME=Gandharv
OS=Windows_NT
PROCESSOR_IDENTIFIER=Intel64 Family 6 Model 165 Stepping 2, GenuineIntel
TMP=C:\Users\Gandharv\AppData\Local\Temp
TEMP=C:\Users\Gandharv\AppData\Local\Temp



Periodic native trim disabled


---------------  S Y S T E M  ---------------

OS:
 Windows 10 , 64 bit Build 19041 (10.0.19041.3636)
OS uptime: 3 days 9:23 hours
Hyper-V role detected

CPU: total 8 (initial active 8) (4 cores per cpu, 2 threads per core) family 6 model 165 stepping 2 microcode 0xc8, cx8, cmov, fxsr, ht, mmx, 3dnowpref, sse, sse2, sse3, ssse3, sse4.1, sse4.2, popcnt, lzcnt, tsc, tscinvbit, avx, avx2, aes, erms, clmul, bmi1, bmi2, adx, fma, vzeroupper, clflush, clflushopt, hv
Processor Information for all 8 processors :
  Max Mhz: 2496, Current Mhz: 2496, Mhz Limit: 2496

Memory: 4k page, system-wide physical 8029M (362M free)
TotalPageFile size 25528M (AvailPageFile size 274M)
current process WorkingSet (physical memory assigned to process): 332M, peak: 332M
current process commit charge ("private bytes"): 374M, peak: 386M

vm_info: OpenJDK 64-Bit Server VM (17.0.13+11) for windows-amd64 JRE (17.0.13+11), built on Oct 16 2024 00:10:08 by "admin" with MS VC++ 17.7 (VS2022)

END.
