#
# There is insufficient memory for the Java Runtime Environment to continue.
# Native memory allocation (malloc) failed to allocate 1778896 bytes. Error detail: Chunk::new
# Possible reasons:
#   The system is out of physical RAM or swap space
#   This process is running with CompressedOops enabled, and the Java Heap may be blocking the growth of the native heap
# Possible solutions:
#   Reduce memory load on the system
#   Increase physical memory or swap space
#   Check if swap backing store is full
#   Decrease Java heap size (-Xmx/-Xms)
#   Decrease number of Java threads
#   Decrease Java thread stack sizes (-Xss)
#   Set larger code cache with -XX:ReservedCodeCacheSize=
#   JVM is running with Unscaled Compressed Oops mode in which the Java heap is
#     placed in the first 4GB address space. The Java Heap base address is the
#     maximum limit for the native heap growth. Please use -XX:HeapBaseMinAddress
#     to set the Java Heap base and to place the Java Heap above 4GB virtual address.
# This output file may be truncated or incomplete.
#
#  Out of Memory Error (arena.cpp:191), pid=19480, tid=9100
#
# JRE version: OpenJDK Runtime Environment Temurin-17.0.13+11 (17.0.13+11) (build 17.0.13+11)
# Java VM: OpenJDK 64-Bit Server VM Temurin-17.0.13+11 (17.0.13+11, mixed mode, tiered, compressed oops, compressed class ptrs, parallel gc, windows-amd64)
# No core dump will be written. Minidumps are not enabled by default on client versions of Windows
#

---------------  S U M M A R Y ------------

Command Line: --add-modules=ALL-SYSTEM --add-opens=java.base/java.util=ALL-UNNAMED --add-opens=java.base/java.lang=ALL-UNNAMED --add-opens=java.base/sun.nio.fs=ALL-UNNAMED -Declipse.application=org.eclipse.jdt.ls.core.id1 -Dosgi.bundles.defaultStartLevel=4 -Declipse.product=org.eclipse.jdt.ls.core.product -Djava.import.generatesMetadataFilesAtProjectRoot=false -DDetectVMInstallationsJob.disabled=true -Dfile.encoding=utf8 -XX:+UseParallelGC -XX:GCTimeRatio=4 -XX:AdaptiveSizePolicyWeight=90 -Dsun.zip.disableMemoryMapping=true -Xmx1G -Xms100m -Xlog:disable -javaagent:c:\Users\Gandharv\.vscode\extensions\redhat.java-1.38.0-win32-x64\lombok\lombok-1.18.34.jar -XX:+HeapDumpOnOutOfMemoryError -XX:HeapDumpPath=c:\Users\Gandharv\AppData\Roaming\Code\User\workspaceStorage\ec3f738dfd68fd79c8ae90a3d04fbd98\redhat.java -Daether.dependencyCollector.impl=bf c:\Users\Gandharv\.vscode\extensions\redhat.java-1.38.0-win32-x64\server\plugins\org.eclipse.equinox.launcher_1.6.900.v20240613-2009.jar -configuration c:\Users\Gandharv\AppData\Roaming\Code\User\globalStorage\redhat.java\1.38.0\config_win -data c:\Users\Gandharv\AppData\Roaming\Code\User\workspaceStorage\ec3f738dfd68fd79c8ae90a3d04fbd98\redhat.java\jdt_ws --pipe=\\.\pipe\lsp-3529d5b7ea3ef71e11e1b1eeba5ff868-sock

Host: Intel(R) Core(TM) i5-10300H CPU @ 2.50GHz, 8 cores, 7G,  Windows 10 , 64 bit Build 19041 (10.0.19041.3636)
Time: Wed Jan 15 19:13:25 2025 India Standard Time elapsed time: 27.921835 seconds (0d 0h 0m 27s)

---------------  T H R E A D  ---------------

Current thread (0x000001d767068670):  JavaThread "C2 CompilerThread0" daemon [_thread_in_native, id=9100, stack(0x0000003956c00000,0x0000003956d00000)]


Current CompileTask:
C2:  27921 8484   !   4       org.eclipse.jdt.internal.core.search.indexing.BinaryIndexer::indexDocument (1157 bytes)

Stack: [0x0000003956c00000,0x0000003956d00000]
Native frames: (J=compiled Java code, j=interpreted, Vv=VM code, C=native code)
V  [jvm.dll+0x682a19]
V  [jvm.dll+0x839538]
V  [jvm.dll+0x83afe3]
V  [jvm.dll+0x83b653]
V  [jvm.dll+0x24704f]
V  [jvm.dll+0xace34]
V  [jvm.dll+0xad4cc]
V  [jvm.dll+0x36592f]
V  [jvm.dll+0x32fbd8]
V  [jvm.dll+0x32f05a]
V  [jvm.dll+0x21804f]
V  [jvm.dll+0x21748f]
V  [jvm.dll+0x1a3070]
V  [jvm.dll+0x22788c]
V  [jvm.dll+0x2259eb]
V  [jvm.dll+0x7eec98]
V  [jvm.dll+0x7e8ffc]
V  [jvm.dll+0x6818f7]
C  [ucrtbase.dll+0x21bb2]
C  [KERNEL32.DLL+0x17344]
C  [ntdll.dll+0x526b1]


---------------  P R O C E S S  ---------------

Threads class SMR info:
_java_thread_list=0x000001d7712cdea0, length=66, elements={
0x000001d74de30b60, 0x000001d761ccea30, 0x000001d74dee7f20, 0x000001d767062140,
0x000001d767062fc0, 0x000001d767063e40, 0x000001d767067980, 0x000001d767068670,
0x000001d7670cadf0, 0x000001d7670d7340, 0x000001d74de93100, 0x000001d7673a0dc0,
0x000001d7683f8ca0, 0x000001d7685cce50, 0x000001d768c4c010, 0x000001d768c4c8c0,
0x000001d768cd0c60, 0x000001d767308050, 0x000001d767308f80, 0x000001d76730a3c0,
0x000001d767306c10, 0x000001d767308a70, 0x000001d767309490, 0x000001d7673099a0,
0x000001d767307630, 0x000001d767307b40, 0x000001d767309eb0, 0x000001d76e6bb380,
0x000001d76e6b9a30, 0x000001d76e6be620, 0x000001d76e6b9520, 0x000001d76e6bd6f0,
0x000001d76e6b9010, 0x000001d76e6be110, 0x000001d76e6b9f40, 0x000001d76e6bbda0,
0x000001d76e6bdc00, 0x000001d76e6ba450, 0x000001d76e6bb890, 0x000001d76e6bccd0,
0x000001d76e6ba960, 0x000001d76e6bae70, 0x000001d76e6beb30, 0x000001d76e6bc2b0,
0x000001d76e6bf040, 0x000001d76e6b85f0, 0x000001d76e6b8b00, 0x000001d76e6bfa60,
0x000001d76e6bc7c0, 0x000001d76e721680, 0x000001d76e722ac0, 0x000001d76e720750,
0x000001d76e722fd0, 0x000001d76e6bd1e0, 0x000001d767308560, 0x000001d76f83c9f0,
0x000001d76f839750, 0x000001d76f83b5b0, 0x000001d76f83ab90, 0x000001d76f83c4e0,
0x000001d76f83b0a0, 0x000001d76f83bfd0, 0x000001d76f83bac0, 0x000001d76f83cf00,
0x000001d76f839c60, 0x000001d76f83a680
}

Java Threads: ( => current thread )
  0x000001d74de30b60 JavaThread "main" [_thread_blocked, id=21544, stack(0x0000003956300000,0x0000003956400000)]
  0x000001d761ccea30 JavaThread "Reference Handler" daemon [_thread_blocked, id=25872, stack(0x0000003956600000,0x0000003956700000)]
  0x000001d74dee7f20 JavaThread "Finalizer" daemon [_thread_blocked, id=14944, stack(0x0000003956700000,0x0000003956800000)]
  0x000001d767062140 JavaThread "Signal Dispatcher" daemon [_thread_blocked, id=4552, stack(0x0000003956800000,0x0000003956900000)]
  0x000001d767062fc0 JavaThread "Attach Listener" daemon [_thread_blocked, id=6140, stack(0x0000003956900000,0x0000003956a00000)]
  0x000001d767063e40 JavaThread "Service Thread" daemon [_thread_blocked, id=14192, stack(0x0000003956a00000,0x0000003956b00000)]
  0x000001d767067980 JavaThread "Monitor Deflation Thread" daemon [_thread_blocked, id=20276, stack(0x0000003956b00000,0x0000003956c00000)]
=>0x000001d767068670 JavaThread "C2 CompilerThread0" daemon [_thread_in_native, id=9100, stack(0x0000003956c00000,0x0000003956d00000)]
  0x000001d7670cadf0 JavaThread "C1 CompilerThread0" daemon [_thread_blocked, id=14680, stack(0x0000003956d00000,0x0000003956e00000)]
  0x000001d7670d7340 JavaThread "Sweeper thread" daemon [_thread_blocked, id=25108, stack(0x0000003956e00000,0x0000003956f00000)]
  0x000001d74de93100 JavaThread "Common-Cleaner" daemon [_thread_blocked, id=26120, stack(0x0000003956f00000,0x0000003957000000)]
  0x000001d7673a0dc0 JavaThread "Notification Thread" daemon [_thread_blocked, id=22688, stack(0x0000003957000000,0x0000003957100000)]
  0x000001d7683f8ca0 JavaThread "Active Thread: Equinox Container: 4e3c18cf-ae5f-411a-920d-3bd4214826ad" [_thread_blocked, id=25288, stack(0x0000003957800000,0x0000003957900000)]
  0x000001d7685cce50 JavaThread "Refresh Thread: Equinox Container: 4e3c18cf-ae5f-411a-920d-3bd4214826ad" daemon [_thread_blocked, id=26472, stack(0x0000003957900000,0x0000003957a00000)]
  0x000001d768c4c010 JavaThread "Framework Event Dispatcher: Equinox Container: 4e3c18cf-ae5f-411a-920d-3bd4214826ad" daemon [_thread_blocked, id=4880, stack(0x0000003957a00000,0x0000003957b00000)]
  0x000001d768c4c8c0 JavaThread "Start Level: Equinox Container: 4e3c18cf-ae5f-411a-920d-3bd4214826ad" daemon [_thread_blocked, id=2688, stack(0x0000003957b00000,0x0000003957c00000)]
  0x000001d768cd0c60 JavaThread "Bundle File Closer" daemon [_thread_blocked, id=11072, stack(0x0000003957d00000,0x0000003957e00000)]
  0x000001d767308050 JavaThread "SCR Component Actor" daemon [_thread_blocked, id=26204, stack(0x0000003957e00000,0x0000003957f00000)]
  0x000001d767308f80 JavaThread "Worker-JM" [_thread_blocked, id=9528, stack(0x0000003958000000,0x0000003958100000)]
  0x000001d76730a3c0 JavaThread "JNA Cleaner" daemon [_thread_blocked, id=25448, stack(0x0000003958100000,0x0000003958200000)]
  0x000001d767306c10 JavaThread "Worker-0" [_thread_blocked, id=5308, stack(0x0000003958200000,0x0000003958300000)]
  0x000001d767308a70 JavaThread "Worker-1: Synchronize Gradle projects with workspace" [_thread_blocked, id=25012, stack(0x0000003958300000,0x0000003958400000)]
  0x000001d767309490 JavaThread "Worker-2: Initialize Workspace" [_thread_blocked, id=26532, stack(0x0000003958400000,0x0000003958500000)]
  0x000001d7673099a0 JavaThread "Java indexing" daemon [_thread_in_Java, id=17120, stack(0x0000003958500000,0x0000003958600000)]
  0x000001d767307630 JavaThread "Worker-3" [_thread_blocked, id=15224, stack(0x0000003958600000,0x0000003958700000)]
  0x000001d767307b40 JavaThread "Worker-4" [_thread_blocked, id=25280, stack(0x0000003958700000,0x0000003958800000)]
  0x000001d767309eb0 JavaThread "Worker-5: Java indexing... " [_thread_blocked, id=17156, stack(0x0000003958800000,0x0000003958900000)]
  0x000001d76e6bb380 JavaThread "Thread-2" daemon [_thread_in_native, id=11776, stack(0x0000003958900000,0x0000003958a00000)]
  0x000001d76e6b9a30 JavaThread "Thread-3" daemon [_thread_in_native, id=11216, stack(0x0000003958a00000,0x0000003958b00000)]
  0x000001d76e6be620 JavaThread "Thread-4" daemon [_thread_in_native, id=22680, stack(0x0000003958b00000,0x0000003958c00000)]
  0x000001d76e6b9520 JavaThread "Thread-5" daemon [_thread_in_native, id=11416, stack(0x0000003958c00000,0x0000003958d00000)]
  0x000001d76e6bd6f0 JavaThread "Thread-6" daemon [_thread_in_native, id=15168, stack(0x0000003958d00000,0x0000003958e00000)]
  0x000001d76e6b9010 JavaThread "Thread-7" daemon [_thread_in_native, id=22252, stack(0x0000003958e00000,0x0000003958f00000)]
  0x000001d76e6be110 JavaThread "Thread-8" daemon [_thread_in_native, id=8976, stack(0x0000003958f00000,0x0000003959000000)]
  0x000001d76e6b9f40 JavaThread "Thread-9" daemon [_thread_in_native, id=20348, stack(0x0000003959000000,0x0000003959100000)]
  0x000001d76e6bbda0 JavaThread "Thread-10" daemon [_thread_in_native, id=13904, stack(0x0000003959100000,0x0000003959200000)]
  0x000001d76e6bdc00 JavaThread "pool-2-thread-1" [_thread_blocked, id=21284, stack(0x0000003959200000,0x0000003959300000)]
  0x000001d76e6ba450 JavaThread "WorkspaceEventsHandler" [_thread_blocked, id=18580, stack(0x0000003959300000,0x0000003959400000)]
  0x000001d76e6bb890 JavaThread "pool-1-thread-1" [_thread_blocked, id=13692, stack(0x0000003959400000,0x0000003959500000)]
  0x000001d76e6bccd0 JavaThread "Worker-6: Synchronize Gradle projects with workspace" [_thread_blocked, id=15460, stack(0x0000003959500000,0x0000003959600000)]
  0x000001d76e6ba960 JavaThread "Worker-7" [_thread_blocked, id=4532, stack(0x0000003959600000,0x0000003959700000)]
  0x000001d76e6bae70 JavaThread "Worker-8" [_thread_blocked, id=24328, stack(0x0000003959700000,0x0000003959800000)]
  0x000001d76e6beb30 JavaThread "Timer-0" [_thread_blocked, id=21692, stack(0x0000003959800000,0x0000003959900000)]
  0x000001d76e6bc2b0 JavaThread "Timer-1" [_thread_blocked, id=24404, stack(0x0000003959900000,0x0000003959a00000)]
  0x000001d76e6bf040 JavaThread "Timer-2" [_thread_blocked, id=17728, stack(0x0000003959a00000,0x0000003959b00000)]
  0x000001d76e6b85f0 JavaThread "Timer-3" [_thread_blocked, id=21424, stack(0x0000003959b00000,0x0000003959c00000)]
  0x000001d76e6b8b00 JavaThread "LocalFile Deleter" daemon [_thread_blocked, id=25004, stack(0x0000003959e00000,0x0000003959f00000)]
  0x000001d76e6bfa60 JavaThread "LocalFile Deleter" daemon [_thread_blocked, id=13248, stack(0x0000003959f00000,0x000000395a000000)]
  0x000001d76e6bc7c0 JavaThread "LocalFile Deleter" daemon [_thread_blocked, id=18216, stack(0x000000395a000000,0x000000395a100000)]
  0x000001d76e721680 JavaThread "Compiler Source File Reader" daemon [_thread_blocked, id=25072, stack(0x000000395a100000,0x000000395a200000)]
  0x000001d76e722ac0 JavaThread "Compiler Processing Task" daemon [_thread_blocked, id=24120, stack(0x000000395a400000,0x000000395a500000)]
  0x000001d76e720750 JavaThread "Compiler Class File Writer" daemon [_thread_blocked, id=21108, stack(0x000000395a500000,0x000000395a600000)]
  0x000001d76e722fd0 JavaThread "Timer-4" [_thread_blocked, id=26252, stack(0x000000395a600000,0x000000395a700000)]
  0x000001d76e6bd1e0 JavaThread "Exec process" [_thread_blocked, id=25936, stack(0x0000003957f00000,0x0000003958000000)]
  0x000001d767308560 JavaThread "Exec process Thread 2" [_thread_blocked, id=13780, stack(0x000000395a800000,0x000000395a900000)]
  0x000001d76f83c9f0 JavaThread "Exec process Thread 3" [_thread_blocked, id=26280, stack(0x000000395a900000,0x000000395aa00000)]
  0x000001d76f839750 JavaThread "Timer-5" [_thread_blocked, id=15600, stack(0x0000003959d00000,0x0000003959e00000)]
  0x000001d76f83b5b0 JavaThread "Timer-6" [_thread_blocked, id=26156, stack(0x0000003959c00000,0x0000003959d00000)]
  0x000001d76f83ab90 JavaThread "Timer-7" [_thread_blocked, id=24096, stack(0x000000395a700000,0x000000395a800000)]
  0x000001d76f83c4e0 JavaThread "Timer-8" [_thread_blocked, id=616, stack(0x000000395a300000,0x000000395a400000)]
  0x000001d76f83b0a0 JavaThread "Timer-9" [_thread_blocked, id=15864, stack(0x000000395aa00000,0x000000395ab00000)]
  0x000001d76f83bfd0 JavaThread "Timer-10" [_thread_blocked, id=23608, stack(0x000000395ab00000,0x000000395ac00000)]
  0x000001d76f83bac0 JavaThread "Connection worker" [_thread_blocked, id=14568, stack(0x000000395ac00000,0x000000395ad00000)]
  0x000001d76f83cf00 JavaThread "pool-3-thread-1" [_thread_blocked, id=4516, stack(0x000000395ad00000,0x000000395ae00000)]
  0x000001d76f839c60 JavaThread "Exec process" [_thread_in_native, id=25720, stack(0x000000395ae00000,0x000000395af00000)]
  0x000001d76f83a680 JavaThread "Exec process Thread 2" [_thread_blocked, id=22848, stack(0x000000395b000000,0x000000395b100000)]

Other Threads:
  0x000001d767030c20 VMThread "VM Thread" [stack: 0x0000003956500000,0x0000003956600000] [id=23976]
  0x000001d7673b5730 WatcherThread [stack: 0x0000003957100000,0x0000003957200000] [id=25908]
  0x000001d74de46f10 GCTaskThread "GC Thread#0" [stack: 0x0000003956400000,0x0000003956500000] [id=23168]
  0x000001d7682fa6e0 GCTaskThread "GC Thread#1" [stack: 0x0000003957200000,0x0000003957300000] [id=15480]
  0x000001d767f37af0 GCTaskThread "GC Thread#2" [stack: 0x0000003957300000,0x0000003957400000] [id=12068]
  0x000001d767f37db0 GCTaskThread "GC Thread#3" [stack: 0x0000003957400000,0x0000003957500000] [id=25712]
  0x000001d767f38070 GCTaskThread "GC Thread#4" [stack: 0x0000003957500000,0x0000003957600000] [id=6748]
  0x000001d7682f8a00 GCTaskThread "GC Thread#5" [stack: 0x0000003957600000,0x0000003957700000] [id=12056]
  0x000001d7682f8cc0 GCTaskThread "GC Thread#6" [stack: 0x0000003957700000,0x0000003957800000] [id=3832]
  0x000001d767f389e0 GCTaskThread "GC Thread#7" [stack: 0x0000003957c00000,0x0000003957d00000] [id=23852]

Threads with active compile tasks:
C2 CompilerThread0    27952 8484   !   4       org.eclipse.jdt.internal.core.search.indexing.BinaryIndexer::indexDocument (1157 bytes)

VM state: not at safepoint (normal execution)

VM Mutex/Monitor currently owned by a thread: None

Heap address: 0x00000000c0000000, size: 1024 MB, Compressed Oops mode: 32-bit

CDS archive(s) not mapped
Compressed class space mapped at: 0x0000000100000000-0x0000000140000000, reserved size: 1073741824
Narrow klass base: 0x0000000000000000, Narrow klass shift: 3, Narrow klass range: 0x140000000

GC Precious Log:
 CPUs: 8 total, 8 available
 Memory: 8029M
 Large Page Support: Disabled
 NUMA Support: Disabled
 Compressed Oops: Enabled (32-bit)
 Alignments: Space 512K, Generation 512K, Heap 2M
 Heap Min Capacity: 100M
 Heap Initial Capacity: 100M
 Heap Max Capacity: 1G
 Pre-touch: Disabled
 Parallel Workers: 8

Heap:
 PSYoungGen      total 13312K, used 2608K [0x00000000eab00000, 0x00000000eba00000, 0x0000000100000000)
  eden space 11264K, 5% used [0x00000000eab00000,0x00000000eaba88e8,0x00000000eb600000)
  from space 2048K, 94% used [0x00000000eb600000,0x00000000eb7e3a38,0x00000000eb800000)
  to   space 2048K, 0% used [0x00000000eb800000,0x00000000eb800000,0x00000000eba00000)
 ParOldGen       total 111104K, used 105528K [0x00000000c0000000, 0x00000000c6c80000, 0x00000000eab00000)
  object space 111104K, 94% used [0x00000000c0000000,0x00000000c670e1f8,0x00000000c6c80000)
 Metaspace       used 80167K, committed 81280K, reserved 1179648K
  class space    used 9724K, committed 10176K, reserved 1048576K

Card table byte_map: [0x000001d74d800000,0x000001d74da10000] _byte_map_base: 0x000001d74d200000

Marking Bits: (ParMarkBitMap*) 0x00007ffa0a576940
 Begin Bits: [0x000001d75fad0000, 0x000001d760ad0000)
 End Bits:   [0x000001d760ad0000, 0x000001d761ad0000)

Polling page: 0x000001d74d5f0000

Metaspace:

Usage:
  Non-class:     68.79 MB used.
      Class:      9.50 MB used.
       Both:     78.29 MB used.

Virtual space:
  Non-class space:      128.00 MB reserved,      69.44 MB ( 54%) committed,  2 nodes.
      Class space:        1.00 GB reserved,       9.94 MB ( <1%) committed,  1 nodes.
             Both:        1.12 GB reserved,      79.38 MB (  7%) committed. 

Chunk freelists:
   Non-Class:  10.25 MB
       Class:  6.09 MB
        Both:  16.34 MB

MaxMetaspaceSize: unlimited
CompressedClassSpaceSize: 1.00 GB
Initial GC threshold: 21.00 MB
Current GC threshold: 130.75 MB
CDS: off
MetaspaceReclaimPolicy: balanced
 - commit_granule_bytes: 65536.
 - commit_granule_words: 8192.
 - virtual_space_node_default_size: 8388608.
 - enlarge_chunks_in_place: 1.
 - new_chunks_are_fully_committed: 0.
 - uncommit_free_chunks: 1.
 - use_allocation_guard: 0.
 - handle_deallocations: 1.


Internal statistics:

num_allocs_failed_limit: 13.
num_arena_births: 746.
num_arena_deaths: 34.
num_vsnodes_births: 3.
num_vsnodes_deaths: 0.
num_space_committed: 1270.
num_space_uncommitted: 0.
num_chunks_returned_to_freelist: 56.
num_chunks_taken_from_freelist: 3985.
num_chunk_merges: 16.
num_chunk_splits: 2432.
num_chunks_enlarged: 1335.
num_inconsistent_stats: 0.

CodeHeap 'non-profiled nmethods': size=120000Kb used=3642Kb max_used=3642Kb free=116357Kb
 bounds [0x000001d7585a0000, 0x000001d758930000, 0x000001d75fad0000]
CodeHeap 'profiled nmethods': size=120000Kb used=14635Kb max_used=14635Kb free=105364Kb
 bounds [0x000001d750ad0000, 0x000001d751920000, 0x000001d758000000]
CodeHeap 'non-nmethods': size=5760Kb used=1391Kb max_used=1487Kb free=4368Kb
 bounds [0x000001d758000000, 0x000001d758270000, 0x000001d7585a0000]
 total_blobs=8226 nmethods=7480 adapters=660
 compilation: enabled
              stopped_count=0, restarted_count=0
 full_count=0

Compilation events (20 events):
Event: 27.162 Thread 0x000001d767068670 nmethod 8458 0x000001d758924290 code [0x000001d758924400, 0x000001d758924518]
Event: 27.162 Thread 0x000001d767068670 8453   !   4       java.util.zip.Inflater::setInput (69 bytes)
Event: 27.164 Thread 0x000001d767068670 nmethod 8453 0x000001d758924690 code [0x000001d758924820, 0x000001d758924ad8]
Event: 27.164 Thread 0x000001d767068670 8473       4       jdk.internal.jrtfs.JrtPath::getFileSystem (5 bytes)
Event: 27.165 Thread 0x000001d767068670 nmethod 8473 0x000001d758924c90 code [0x000001d758924e00, 0x000001d758924e78]
Event: 27.165 Thread 0x000001d767068670 8465       4       java.net.URI$Parser::checkChar (14 bytes)
Event: 27.174 Thread 0x000001d767068670 nmethod 8465 0x000001d758924f90 code [0x000001d758925160, 0x000001d758925708]
Event: 27.174 Thread 0x000001d767068670 8475       4       org.eclipse.jdt.internal.compiler.parser.Scanner::scanIdentifierOrKeywordWithBoundCheck (196 bytes)
Event: 27.179 Thread 0x000001d767068670 nmethod 8475 0x000001d758925d10 code [0x000001d758925ea0, 0x000001d7589260a8]
Event: 27.179 Thread 0x000001d767068670 8469       4       java.net.URI$Parser::parse (243 bytes)
Event: 27.360 Thread 0x000001d767068670 nmethod 8469 0x000001d758926290 code [0x000001d7589266c0, 0x000001d758929bc8]
Event: 27.360 Thread 0x000001d767068670 8485       4       jdk.internal.jimage.ImageBufferCache::releaseBuffer (71 bytes)
Event: 27.377 Thread 0x000001d767068670 nmethod 8485 0x000001d75892c510 code [0x000001d75892c700, 0x000001d75892cca8]
Event: 27.377 Thread 0x000001d767068670 8486   !   4       sun.nio.fs.WindowsPath::initOffsets (153 bytes)
Event: 27.404 Thread 0x000001d767068670 nmethod 8486 0x000001d75892d210 code [0x000001d75892d420, 0x000001d75892e268]
Event: 27.404 Thread 0x000001d767068670 8484   !   4       org.eclipse.jdt.internal.core.search.indexing.BinaryIndexer::indexDocument (1157 bytes)
Event: 27.404 Thread 0x000001d7670cadf0 8487       2       java.util.concurrent.ThreadPoolExecutor::runStateAtLeast (11 bytes)
Event: 27.405 Thread 0x000001d7670cadf0 nmethod 8487 0x000001d75191a710 code [0x000001d75191a8a0, 0x000001d75191a998]
Event: 27.533 Thread 0x000001d7670cadf0 8488       3       org.eclipse.buildship.core.internal.operation.ToolingApiJob::belongsTo (7 bytes)
Event: 27.533 Thread 0x000001d7670cadf0 nmethod 8488 0x000001d75191aa10 code [0x000001d75191abc0, 0x000001d75191ad08]

GC Heap History (20 events):
Event: 24.910 GC heap before
{Heap before GC invocations=79 (full 5):
 PSYoungGen      total 12800K, used 12774K [0x00000000eab00000, 0x00000000ebc00000, 0x0000000100000000)
  eden space 11264K, 99% used [0x00000000eab00000,0x00000000eb5ffff8,0x00000000eb600000)
  from space 1536K, 98% used [0x00000000eb600000,0x00000000eb779a78,0x00000000eb780000)
  to   space 3072K, 0% used [0x00000000eb900000,0x00000000eb900000,0x00000000ebc00000)
 ParOldGen       total 111104K, used 89253K [0x00000000c0000000, 0x00000000c6c80000, 0x00000000eab00000)
  object space 111104K, 80% used [0x00000000c0000000,0x00000000c57296f0,0x00000000c6c80000)
 Metaspace       used 79548K, committed 80640K, reserved 1179648K
  class space    used 9654K, committed 10112K, reserved 1048576K
}
Event: 24.912 GC heap after
{Heap after GC invocations=79 (full 5):
 PSYoungGen      total 13312K, used 1686K [0x00000000eab00000, 0x00000000ebb00000, 0x0000000100000000)
  eden space 11264K, 0% used [0x00000000eab00000,0x00000000eab00000,0x00000000eb600000)
  from space 2048K, 82% used [0x00000000eb900000,0x00000000ebaa58e0,0x00000000ebb00000)
  to   space 2560K, 0% used [0x00000000eb600000,0x00000000eb600000,0x00000000eb880000)
 ParOldGen       total 111104K, used 90669K [0x00000000c0000000, 0x00000000c6c80000, 0x00000000eab00000)
  object space 111104K, 81% used [0x00000000c0000000,0x00000000c588b528,0x00000000c6c80000)
 Metaspace       used 79548K, committed 80640K, reserved 1179648K
  class space    used 9654K, committed 10112K, reserved 1048576K
}
Event: 25.230 GC heap before
{Heap before GC invocations=80 (full 5):
 PSYoungGen      total 13312K, used 12950K [0x00000000eab00000, 0x00000000ebb00000, 0x0000000100000000)
  eden space 11264K, 100% used [0x00000000eab00000,0x00000000eb600000,0x00000000eb600000)
  from space 2048K, 82% used [0x00000000eb900000,0x00000000ebaa58e0,0x00000000ebb00000)
  to   space 2560K, 0% used [0x00000000eb600000,0x00000000eb600000,0x00000000eb880000)
 ParOldGen       total 111104K, used 90669K [0x00000000c0000000, 0x00000000c6c80000, 0x00000000eab00000)
  object space 111104K, 81% used [0x00000000c0000000,0x00000000c588b528,0x00000000c6c80000)
 Metaspace       used 80028K, committed 81152K, reserved 1179648K
  class space    used 9710K, committed 10176K, reserved 1048576K
}
Event: 25.233 GC heap after
{Heap after GC invocations=80 (full 5):
 PSYoungGen      total 12800K, used 1390K [0x00000000eab00000, 0x00000000eba00000, 0x0000000100000000)
  eden space 11264K, 0% used [0x00000000eab00000,0x00000000eab00000,0x00000000eb600000)
  from space 1536K, 90% used [0x00000000eb600000,0x00000000eb75b890,0x00000000eb780000)
  to   space 2048K, 0% used [0x00000000eb800000,0x00000000eb800000,0x00000000eba00000)
 ParOldGen       total 111104K, used 92190K [0x00000000c0000000, 0x00000000c6c80000, 0x00000000eab00000)
  object space 111104K, 82% used [0x00000000c0000000,0x00000000c5a07af0,0x00000000c6c80000)
 Metaspace       used 80028K, committed 81152K, reserved 1179648K
  class space    used 9710K, committed 10176K, reserved 1048576K
}
Event: 25.364 GC heap before
{Heap before GC invocations=81 (full 5):
 PSYoungGen      total 12800K, used 12654K [0x00000000eab00000, 0x00000000eba00000, 0x0000000100000000)
  eden space 11264K, 100% used [0x00000000eab00000,0x00000000eb600000,0x00000000eb600000)
  from space 1536K, 90% used [0x00000000eb600000,0x00000000eb75b890,0x00000000eb780000)
  to   space 2048K, 0% used [0x00000000eb800000,0x00000000eb800000,0x00000000eba00000)
 ParOldGen       total 111104K, used 92190K [0x00000000c0000000, 0x00000000c6c80000, 0x00000000eab00000)
  object space 111104K, 82% used [0x00000000c0000000,0x00000000c5a07af0,0x00000000c6c80000)
 Metaspace       used 80163K, committed 81280K, reserved 1179648K
  class space    used 9724K, committed 10176K, reserved 1048576K
}
Event: 25.365 GC heap after
{Heap after GC invocations=81 (full 5):
 PSYoungGen      total 13312K, used 1728K [0x00000000eab00000, 0x00000000eba00000, 0x0000000100000000)
  eden space 11264K, 0% used [0x00000000eab00000,0x00000000eab00000,0x00000000eb600000)
  from space 2048K, 84% used [0x00000000eb800000,0x00000000eb9b0000,0x00000000eba00000)
  to   space 2048K, 0% used [0x00000000eb600000,0x00000000eb600000,0x00000000eb800000)
 ParOldGen       total 111104K, used 93422K [0x00000000c0000000, 0x00000000c6c80000, 0x00000000eab00000)
  object space 111104K, 84% used [0x00000000c0000000,0x00000000c5b3b970,0x00000000c6c80000)
 Metaspace       used 80163K, committed 81280K, reserved 1179648K
  class space    used 9724K, committed 10176K, reserved 1048576K
}
Event: 25.412 GC heap before
{Heap before GC invocations=82 (full 5):
 PSYoungGen      total 13312K, used 12992K [0x00000000eab00000, 0x00000000eba00000, 0x0000000100000000)
  eden space 11264K, 100% used [0x00000000eab00000,0x00000000eb600000,0x00000000eb600000)
  from space 2048K, 84% used [0x00000000eb800000,0x00000000eb9b0000,0x00000000eba00000)
  to   space 2048K, 0% used [0x00000000eb600000,0x00000000eb600000,0x00000000eb800000)
 ParOldGen       total 111104K, used 93422K [0x00000000c0000000, 0x00000000c6c80000, 0x00000000eab00000)
  object space 111104K, 84% used [0x00000000c0000000,0x00000000c5b3b970,0x00000000c6c80000)
 Metaspace       used 80163K, committed 81280K, reserved 1179648K
  class space    used 9724K, committed 10176K, reserved 1048576K
}
Event: 25.415 GC heap after
{Heap after GC invocations=82 (full 5):
 PSYoungGen      total 13312K, used 1843K [0x00000000eab00000, 0x00000000eba00000, 0x0000000100000000)
  eden space 11264K, 0% used [0x00000000eab00000,0x00000000eab00000,0x00000000eb600000)
  from space 2048K, 90% used [0x00000000eb600000,0x00000000eb7ccfc0,0x00000000eb800000)
  to   space 2048K, 0% used [0x00000000eb800000,0x00000000eb800000,0x00000000eba00000)
 ParOldGen       total 111104K, used 94998K [0x00000000c0000000, 0x00000000c6c80000, 0x00000000eab00000)
  object space 111104K, 85% used [0x00000000c0000000,0x00000000c5cc5a98,0x00000000c6c80000)
 Metaspace       used 80163K, committed 81280K, reserved 1179648K
  class space    used 9724K, committed 10176K, reserved 1048576K
}
Event: 25.468 GC heap before
{Heap before GC invocations=83 (full 5):
 PSYoungGen      total 13312K, used 13107K [0x00000000eab00000, 0x00000000eba00000, 0x0000000100000000)
  eden space 11264K, 100% used [0x00000000eab00000,0x00000000eb600000,0x00000000eb600000)
  from space 2048K, 90% used [0x00000000eb600000,0x00000000eb7ccfc0,0x00000000eb800000)
  to   space 2048K, 0% used [0x00000000eb800000,0x00000000eb800000,0x00000000eba00000)
 ParOldGen       total 111104K, used 94998K [0x00000000c0000000, 0x00000000c6c80000, 0x00000000eab00000)
  object space 111104K, 85% used [0x00000000c0000000,0x00000000c5cc5a98,0x00000000c6c80000)
 Metaspace       used 80163K, committed 81280K, reserved 1179648K
  class space    used 9724K, committed 10176K, reserved 1048576K
}
Event: 25.469 GC heap after
{Heap after GC invocations=83 (full 5):
 PSYoungGen      total 13312K, used 1869K [0x00000000eab00000, 0x00000000eba00000, 0x0000000100000000)
  eden space 11264K, 0% used [0x00000000eab00000,0x00000000eab00000,0x00000000eb600000)
  from space 2048K, 91% used [0x00000000eb800000,0x00000000eb9d3790,0x00000000eba00000)
  to   space 2048K, 0% used [0x00000000eb600000,0x00000000eb600000,0x00000000eb800000)
 ParOldGen       total 111104K, used 96708K [0x00000000c0000000, 0x00000000c6c80000, 0x00000000eab00000)
  object space 111104K, 87% used [0x00000000c0000000,0x00000000c5e71178,0x00000000c6c80000)
 Metaspace       used 80163K, committed 81280K, reserved 1179648K
  class space    used 9724K, committed 10176K, reserved 1048576K
}
Event: 25.668 GC heap before
{Heap before GC invocations=84 (full 5):
 PSYoungGen      total 13312K, used 13133K [0x00000000eab00000, 0x00000000eba00000, 0x0000000100000000)
  eden space 11264K, 100% used [0x00000000eab00000,0x00000000eb600000,0x00000000eb600000)
  from space 2048K, 91% used [0x00000000eb800000,0x00000000eb9d3790,0x00000000eba00000)
  to   space 2048K, 0% used [0x00000000eb600000,0x00000000eb600000,0x00000000eb800000)
 ParOldGen       total 111104K, used 96708K [0x00000000c0000000, 0x00000000c6c80000, 0x00000000eab00000)
  object space 111104K, 87% used [0x00000000c0000000,0x00000000c5e71178,0x00000000c6c80000)
 Metaspace       used 80163K, committed 81280K, reserved 1179648K
  class space    used 9724K, committed 10176K, reserved 1048576K
}
Event: 25.670 GC heap after
{Heap after GC invocations=84 (full 5):
 PSYoungGen      total 13312K, used 1852K [0x00000000eab00000, 0x00000000eba00000, 0x0000000100000000)
  eden space 11264K, 0% used [0x00000000eab00000,0x00000000eab00000,0x00000000eb600000)
  from space 2048K, 90% used [0x00000000eb600000,0x00000000eb7cf1f8,0x00000000eb800000)
  to   space 2048K, 0% used [0x00000000eb800000,0x00000000eb800000,0x00000000eba00000)
 ParOldGen       total 111104K, used 98465K [0x00000000c0000000, 0x00000000c6c80000, 0x00000000eab00000)
  object space 111104K, 88% used [0x00000000c0000000,0x00000000c6028628,0x00000000c6c80000)
 Metaspace       used 80163K, committed 81280K, reserved 1179648K
  class space    used 9724K, committed 10176K, reserved 1048576K
}
Event: 26.308 GC heap before
{Heap before GC invocations=85 (full 5):
 PSYoungGen      total 13312K, used 13116K [0x00000000eab00000, 0x00000000eba00000, 0x0000000100000000)
  eden space 11264K, 100% used [0x00000000eab00000,0x00000000eb600000,0x00000000eb600000)
  from space 2048K, 90% used [0x00000000eb600000,0x00000000eb7cf1f8,0x00000000eb800000)
  to   space 2048K, 0% used [0x00000000eb800000,0x00000000eb800000,0x00000000eba00000)
 ParOldGen       total 111104K, used 98465K [0x00000000c0000000, 0x00000000c6c80000, 0x00000000eab00000)
  object space 111104K, 88% used [0x00000000c0000000,0x00000000c6028628,0x00000000c6c80000)
 Metaspace       used 80163K, committed 81280K, reserved 1179648K
  class space    used 9724K, committed 10176K, reserved 1048576K
}
Event: 26.310 GC heap after
{Heap after GC invocations=85 (full 5):
 PSYoungGen      total 13312K, used 1893K [0x00000000eab00000, 0x00000000eba00000, 0x0000000100000000)
  eden space 11264K, 0% used [0x00000000eab00000,0x00000000eab00000,0x00000000eb600000)
  from space 2048K, 92% used [0x00000000eb800000,0x00000000eb9d96e8,0x00000000eba00000)
  to   space 2048K, 0% used [0x00000000eb600000,0x00000000eb600000,0x00000000eb800000)
 ParOldGen       total 111104K, used 100162K [0x00000000c0000000, 0x00000000c6c80000, 0x00000000eab00000)
  object space 111104K, 90% used [0x00000000c0000000,0x00000000c61d0bc8,0x00000000c6c80000)
 Metaspace       used 80163K, committed 81280K, reserved 1179648K
  class space    used 9724K, committed 10176K, reserved 1048576K
}
Event: 26.901 GC heap before
{Heap before GC invocations=86 (full 5):
 PSYoungGen      total 13312K, used 13157K [0x00000000eab00000, 0x00000000eba00000, 0x0000000100000000)
  eden space 11264K, 100% used [0x00000000eab00000,0x00000000eb600000,0x00000000eb600000)
  from space 2048K, 92% used [0x00000000eb800000,0x00000000eb9d96e8,0x00000000eba00000)
  to   space 2048K, 0% used [0x00000000eb600000,0x00000000eb600000,0x00000000eb800000)
 ParOldGen       total 111104K, used 100162K [0x00000000c0000000, 0x00000000c6c80000, 0x00000000eab00000)
  object space 111104K, 90% used [0x00000000c0000000,0x00000000c61d0bc8,0x00000000c6c80000)
 Metaspace       used 80165K, committed 81280K, reserved 1179648K
  class space    used 9724K, committed 10176K, reserved 1048576K
}
Event: 26.903 GC heap after
{Heap after GC invocations=86 (full 5):
 PSYoungGen      total 13312K, used 1952K [0x00000000eab00000, 0x00000000eba00000, 0x0000000100000000)
  eden space 11264K, 0% used [0x00000000eab00000,0x00000000eab00000,0x00000000eb600000)
  from space 2048K, 95% used [0x00000000eb600000,0x00000000eb7e82c8,0x00000000eb800000)
  to   space 2048K, 0% used [0x00000000eb800000,0x00000000eb800000,0x00000000eba00000)
 ParOldGen       total 111104K, used 101893K [0x00000000c0000000, 0x00000000c6c80000, 0x00000000eab00000)
  object space 111104K, 91% used [0x00000000c0000000,0x00000000c6381750,0x00000000c6c80000)
 Metaspace       used 80165K, committed 81280K, reserved 1179648K
  class space    used 9724K, committed 10176K, reserved 1048576K
}
Event: 27.146 GC heap before
{Heap before GC invocations=87 (full 5):
 PSYoungGen      total 13312K, used 13216K [0x00000000eab00000, 0x00000000eba00000, 0x0000000100000000)
  eden space 11264K, 100% used [0x00000000eab00000,0x00000000eb600000,0x00000000eb600000)
  from space 2048K, 95% used [0x00000000eb600000,0x00000000eb7e82c8,0x00000000eb800000)
  to   space 2048K, 0% used [0x00000000eb800000,0x00000000eb800000,0x00000000eba00000)
 ParOldGen       total 111104K, used 101893K [0x00000000c0000000, 0x00000000c6c80000, 0x00000000eab00000)
  object space 111104K, 91% used [0x00000000c0000000,0x00000000c6381750,0x00000000c6c80000)
 Metaspace       used 80166K, committed 81280K, reserved 1179648K
  class space    used 9724K, committed 10176K, reserved 1048576K
}
Event: 27.151 GC heap after
{Heap after GC invocations=87 (full 5):
 PSYoungGen      total 13312K, used 1957K [0x00000000eab00000, 0x00000000eba00000, 0x0000000100000000)
  eden space 11264K, 0% used [0x00000000eab00000,0x00000000eab00000,0x00000000eb600000)
  from space 2048K, 95% used [0x00000000eb800000,0x00000000eb9e95c0,0x00000000eba00000)
  to   space 2048K, 0% used [0x00000000eb600000,0x00000000eb600000,0x00000000eb800000)
 ParOldGen       total 111104K, used 103694K [0x00000000c0000000, 0x00000000c6c80000, 0x00000000eab00000)
  object space 111104K, 93% used [0x00000000c0000000,0x00000000c65438c0,0x00000000c6c80000)
 Metaspace       used 80166K, committed 81280K, reserved 1179648K
  class space    used 9724K, committed 10176K, reserved 1048576K
}
Event: 27.681 GC heap before
{Heap before GC invocations=88 (full 5):
 PSYoungGen      total 13312K, used 13221K [0x00000000eab00000, 0x00000000eba00000, 0x0000000100000000)
  eden space 11264K, 100% used [0x00000000eab00000,0x00000000eb600000,0x00000000eb600000)
  from space 2048K, 95% used [0x00000000eb800000,0x00000000eb9e95c0,0x00000000eba00000)
  to   space 2048K, 0% used [0x00000000eb600000,0x00000000eb600000,0x00000000eb800000)
 ParOldGen       total 111104K, used 103694K [0x00000000c0000000, 0x00000000c6c80000, 0x00000000eab00000)
  object space 111104K, 93% used [0x00000000c0000000,0x00000000c65438c0,0x00000000c6c80000)
 Metaspace       used 80167K, committed 81280K, reserved 1179648K
  class space    used 9724K, committed 10176K, reserved 1048576K
}
Event: 27.685 GC heap after
{Heap after GC invocations=88 (full 5):
 PSYoungGen      total 13312K, used 1934K [0x00000000eab00000, 0x00000000eba00000, 0x0000000100000000)
  eden space 11264K, 0% used [0x00000000eab00000,0x00000000eab00000,0x00000000eb600000)
  from space 2048K, 94% used [0x00000000eb600000,0x00000000eb7e3a38,0x00000000eb800000)
  to   space 2048K, 0% used [0x00000000eb800000,0x00000000eb800000,0x00000000eba00000)
 ParOldGen       total 111104K, used 105528K [0x00000000c0000000, 0x00000000c6c80000, 0x00000000eab00000)
  object space 111104K, 94% used [0x00000000c0000000,0x00000000c670e1f8,0x00000000c6c80000)
 Metaspace       used 80167K, committed 81280K, reserved 1179648K
  class space    used 9724K, committed 10176K, reserved 1048576K
}

Dll operation events (15 events):
Event: 0.074 Loaded shared library c:\Users\Gandharv\.vscode\extensions\redhat.java-1.38.0-win32-x64\jre\17.0.13-win32-x86_64\bin\java.dll
Event: 0.709 Loaded shared library c:\Users\Gandharv\.vscode\extensions\redhat.java-1.38.0-win32-x64\jre\17.0.13-win32-x86_64\bin\zip.dll
Event: 0.715 Loaded shared library C:\Users\Gandharv\.vscode\extensions\redhat.java-1.38.0-win32-x64\jre\17.0.13-win32-x86_64\bin\instrument.dll
Event: 0.758 Loaded shared library C:\Users\Gandharv\.vscode\extensions\redhat.java-1.38.0-win32-x64\jre\17.0.13-win32-x86_64\bin\net.dll
Event: 0.762 Loaded shared library C:\Users\Gandharv\.vscode\extensions\redhat.java-1.38.0-win32-x64\jre\17.0.13-win32-x86_64\bin\nio.dll
Event: 0.772 Loaded shared library C:\Users\Gandharv\.vscode\extensions\redhat.java-1.38.0-win32-x64\jre\17.0.13-win32-x86_64\bin\zip.dll
Event: 0.814 Loaded shared library C:\Users\Gandharv\.vscode\extensions\redhat.java-1.38.0-win32-x64\jre\17.0.13-win32-x86_64\bin\jimage.dll
Event: 0.920 Loaded shared library c:\Users\Gandharv\.vscode\extensions\redhat.java-1.38.0-win32-x64\jre\17.0.13-win32-x86_64\bin\verify.dll
Event: 4.519 Loaded shared library C:\Users\Gandharv\AppData\Roaming\Code\User\globalStorage\redhat.java\1.38.0\config_win\org.eclipse.equinox.launcher\org.eclipse.equinox.launcher.win32.win32.x86_64_1.2.1100.v20240722-2106\eclipse_11904.dll
Event: 9.227 Loaded shared library C:\Users\Gandharv\AppData\Local\Temp\jna--1676220115\jna9540339173136203103.dll
Event: 11.850 Loaded shared library C:\Users\Gandharv\.vscode\extensions\redhat.java-1.38.0-win32-x64\jre\17.0.13-win32-x86_64\bin\sunmscapi.dll
Event: 11.950 Loaded shared library C:\Users\Gandharv\.vscode\extensions\redhat.java-1.38.0-win32-x64\jre\17.0.13-win32-x86_64\bin\extnet.dll
Event: 12.936 Loaded shared library C:\Users\Gandharv\.gradle\native\c067742578af261105cb4f569cf0c3c89f3d7b1fecec35dd04571415982c5e48\windows-amd64\native-platform.dll
Event: 16.342 Loaded shared library C:\Users\Gandharv\.vscode\extensions\redhat.java-1.38.0-win32-x64\jre\17.0.13-win32-x86_64\bin\management.dll
Event: 16.350 Loaded shared library C:\Users\Gandharv\.vscode\extensions\redhat.java-1.38.0-win32-x64\jre\17.0.13-win32-x86_64\bin\management_ext.dll

Deoptimization events (20 events):
Event: 25.355 Thread 0x000001d7673099a0 DEOPT PACKING pc=0x000001d7518f453b sp=0x00000039585fe670
Event: 25.355 Thread 0x000001d7673099a0 DEOPT UNPACKING pc=0x000001d758056e43 sp=0x00000039585fdbd8 mode 0
Event: 25.360 Thread 0x000001d7673099a0 DEOPT PACKING pc=0x000001d7518f453b sp=0x00000039585fe670
Event: 25.360 Thread 0x000001d7673099a0 DEOPT UNPACKING pc=0x000001d758056e43 sp=0x00000039585fdbd8 mode 0
Event: 25.367 Thread 0x000001d7673099a0 DEOPT PACKING pc=0x000001d7518f453b sp=0x00000039585fe670
Event: 25.367 Thread 0x000001d7673099a0 DEOPT UNPACKING pc=0x000001d758056e43 sp=0x00000039585fdbd8 mode 0
Event: 25.371 Thread 0x000001d7673099a0 DEOPT PACKING pc=0x000001d7518f453b sp=0x00000039585fe670
Event: 25.371 Thread 0x000001d7673099a0 DEOPT UNPACKING pc=0x000001d758056e43 sp=0x00000039585fdbd8 mode 0
Event: 25.379 Thread 0x000001d7673099a0 DEOPT PACKING pc=0x000001d7518f453b sp=0x00000039585fe670
Event: 25.379 Thread 0x000001d7673099a0 DEOPT UNPACKING pc=0x000001d758056e43 sp=0x00000039585fdbd8 mode 0
Event: 25.390 Thread 0x000001d7673099a0 DEOPT PACKING pc=0x000001d7518f453b sp=0x00000039585fe670
Event: 25.390 Thread 0x000001d7673099a0 DEOPT UNPACKING pc=0x000001d758056e43 sp=0x00000039585fdbd8 mode 0
Event: 25.402 Thread 0x000001d7673099a0 DEOPT PACKING pc=0x000001d7518f453b sp=0x00000039585fe670
Event: 25.402 Thread 0x000001d7673099a0 DEOPT UNPACKING pc=0x000001d758056e43 sp=0x00000039585fdbd8 mode 0
Event: 25.408 Thread 0x000001d7673099a0 DEOPT PACKING pc=0x000001d7518f453b sp=0x00000039585fe670
Event: 25.408 Thread 0x000001d7673099a0 DEOPT UNPACKING pc=0x000001d758056e43 sp=0x00000039585fdbd8 mode 0
Event: 26.947 Thread 0x000001d7673099a0 DEOPT PACKING pc=0x000001d7517debd4 sp=0x00000039585fe5a0
Event: 26.947 Thread 0x000001d7673099a0 DEOPT UNPACKING pc=0x000001d758056e43 sp=0x00000039585fda18 mode 0
Event: 26.947 Thread 0x000001d7673099a0 DEOPT PACKING pc=0x000001d7517f5bae sp=0x00000039585fe520
Event: 26.947 Thread 0x000001d7673099a0 DEOPT UNPACKING pc=0x000001d758056e43 sp=0x00000039585fd9f8 mode 0

Classes loaded (20 events):
Event: 25.081 Loading class sun/util/resources/OpenListResourceBundle
Event: 25.081 Loading class sun/util/resources/OpenListResourceBundle done
Event: 25.081 Loading class sun/util/resources/TimeZoneNamesBundle done
Event: 25.081 Loading class sun/util/resources/cldr/TimeZoneNames done
Event: 25.081 Loading class sun/util/resources/cldr/TimeZoneNames_en
Event: 25.083 Loading class sun/util/resources/cldr/TimeZoneNames_en done
Event: 25.083 Loading class sun/util/resources/cldr/TimeZoneNames_en_US
Event: 25.083 Loading class sun/util/resources/cldr/TimeZoneNames_en_US done
Event: 25.084 Loading class sun/util/cldr/CLDRBaseLocaleDataMetaInfo$TZCanonicalIDMapHolder
Event: 25.086 Loading class sun/util/cldr/CLDRBaseLocaleDataMetaInfo$TZCanonicalIDMapHolder done
Event: 25.088 Loading class sun/util/resources/TimeZoneNames
Event: 25.090 Loading class sun/util/resources/TimeZoneNames done
Event: 25.091 Loading class sun/util/resources/TimeZoneNames_en
Event: 25.092 Loading class sun/util/resources/TimeZoneNames_en done
Event: 25.276 Loading class java/lang/ProcessBuilder$NullInputStream
Event: 25.277 Loading class java/lang/ProcessBuilder$NullInputStream done
Event: 25.279 Loading class java/util/Scanner
Event: 25.280 Loading class java/util/Scanner done
Event: 25.281 Loading class java/util/Scanner$PatternLRUCache
Event: 25.281 Loading class java/util/Scanner$PatternLRUCache done

Classes unloaded (17 events):
Event: 10.420 Thread 0x000001d767030c20 Unloading class 0x0000000100258000 'java/lang/invoke/LambdaForm$MH+0x0000000100258000'
Event: 10.421 Thread 0x000001d767030c20 Unloading class 0x0000000100253c00 'java/lang/invoke/LambdaForm$MH+0x0000000100253c00'
Event: 10.421 Thread 0x000001d767030c20 Unloading class 0x0000000100253800 'java/lang/invoke/LambdaForm$MH+0x0000000100253800'
Event: 10.421 Thread 0x000001d767030c20 Unloading class 0x0000000100253400 'java/lang/invoke/LambdaForm$MH+0x0000000100253400'
Event: 10.421 Thread 0x000001d767030c20 Unloading class 0x0000000100253000 'java/lang/invoke/LambdaForm$BMH+0x0000000100253000'
Event: 10.421 Thread 0x000001d767030c20 Unloading class 0x0000000100252c00 'java/lang/invoke/LambdaForm$DMH+0x0000000100252c00'
Event: 10.421 Thread 0x000001d767030c20 Unloading class 0x0000000100250400 'java/lang/invoke/LambdaForm$DMH+0x0000000100250400'
Event: 12.090 Thread 0x000001d767030c20 Unloading class 0x000000010042e800 'java/lang/invoke/LambdaForm$MH+0x000000010042e800'
Event: 12.090 Thread 0x000001d767030c20 Unloading class 0x000000010042dc00 'java/lang/invoke/LambdaForm$MH+0x000000010042dc00'
Event: 12.090 Thread 0x000001d767030c20 Unloading class 0x000000010042d800 'java/lang/invoke/LambdaForm$MH+0x000000010042d800'
Event: 12.090 Thread 0x000001d767030c20 Unloading class 0x000000010042d000 'java/lang/invoke/LambdaForm$MH+0x000000010042d000'
Event: 12.090 Thread 0x000001d767030c20 Unloading class 0x000000010042c400 'java/lang/invoke/LambdaForm$MH+0x000000010042c400'
Event: 12.090 Thread 0x000001d767030c20 Unloading class 0x000000010042b800 'java/lang/invoke/LambdaForm$MH+0x000000010042b800'
Event: 12.090 Thread 0x000001d767030c20 Unloading class 0x000000010042ac00 'java/lang/invoke/LambdaForm$MH+0x000000010042ac00'
Event: 12.090 Thread 0x000001d767030c20 Unloading class 0x000000010042a000 'java/lang/invoke/LambdaForm$MH+0x000000010042a000'
Event: 12.090 Thread 0x000001d767030c20 Unloading class 0x0000000100429c00 'java/lang/invoke/LambdaForm$MH+0x0000000100429c00'
Event: 12.090 Thread 0x000001d767030c20 Unloading class 0x0000000100429400 'java/lang/invoke/LambdaForm$DMH+0x0000000100429400'

Classes redefined (0 events):
No events

Internal exceptions (20 events):
Event: 14.526 Thread 0x000001d767309490 Exception <a 'sun/nio/fs/WindowsException'{0x00000000eb8fcc68}> (0x00000000eb8fcc68) 
thrown [s\src\hotspot\share\prims\jni.cpp, line 516]
Event: 14.527 Thread 0x000001d767309490 Exception <a 'sun/nio/fs/WindowsException'{0x00000000eb901c80}> (0x00000000eb901c80) 
thrown [s\src\hotspot\share\prims\jni.cpp, line 516]
Event: 14.527 Thread 0x000001d767309490 Exception <a 'sun/nio/fs/WindowsException'{0x00000000eb902320}> (0x00000000eb902320) 
thrown [s\src\hotspot\share\prims\jni.cpp, line 516]
Event: 14.527 Thread 0x000001d767309490 Exception <a 'sun/nio/fs/WindowsException'{0x00000000eb9029d0}> (0x00000000eb9029d0) 
thrown [s\src\hotspot\share\prims\jni.cpp, line 516]
Event: 14.527 Thread 0x000001d767309490 Exception <a 'sun/nio/fs/WindowsException'{0x00000000eb903090}> (0x00000000eb903090) 
thrown [s\src\hotspot\share\prims\jni.cpp, line 516]
Event: 14.528 Thread 0x000001d767309490 Exception <a 'sun/nio/fs/WindowsException'{0x00000000eb908ab0}> (0x00000000eb908ab0) 
thrown [s\src\hotspot\share\prims\jni.cpp, line 516]
Event: 14.528 Thread 0x000001d767309490 Exception <a 'sun/nio/fs/WindowsException'{0x00000000eb909148}> (0x00000000eb909148) 
thrown [s\src\hotspot\share\prims\jni.cpp, line 516]
Event: 14.529 Thread 0x000001d767309490 Exception <a 'sun/nio/fs/WindowsException'{0x00000000eb9097e0}> (0x00000000eb9097e0) 
thrown [s\src\hotspot\share\prims\jni.cpp, line 516]
Event: 14.529 Thread 0x000001d767309490 Exception <a 'sun/nio/fs/WindowsException'{0x00000000eb909e98}> (0x00000000eb909e98) 
thrown [s\src\hotspot\share\prims\jni.cpp, line 516]
Event: 14.531 Thread 0x000001d767309490 Exception <a 'sun/nio/fs/WindowsException'{0x00000000eb90f230}> (0x00000000eb90f230) 
thrown [s\src\hotspot\share\prims\jni.cpp, line 516]
Event: 14.532 Thread 0x000001d767309490 Exception <a 'sun/nio/fs/WindowsException'{0x00000000eb90f8f8}> (0x00000000eb90f8f8) 
thrown [s\src\hotspot\share\prims\jni.cpp, line 516]
Event: 14.532 Thread 0x000001d767309490 Exception <a 'sun/nio/fs/WindowsException'{0x00000000eb90ffc0}> (0x00000000eb90ffc0) 
thrown [s\src\hotspot\share\prims\jni.cpp, line 516]
Event: 14.532 Thread 0x000001d767309490 Exception <a 'sun/nio/fs/WindowsException'{0x00000000eb9106a8}> (0x00000000eb9106a8) 
thrown [s\src\hotspot\share\prims\jni.cpp, line 516]
Event: 14.533 Thread 0x000001d767309490 Exception <a 'sun/nio/fs/WindowsException'{0x00000000eb916110}> (0x00000000eb916110) 
thrown [s\src\hotspot\share\prims\jni.cpp, line 516]
Event: 14.533 Thread 0x000001d767309490 Exception <a 'sun/nio/fs/WindowsException'{0x00000000eb9167d8}> (0x00000000eb9167d8) 
thrown [s\src\hotspot\share\prims\jni.cpp, line 516]
Event: 14.533 Thread 0x000001d767309490 Exception <a 'sun/nio/fs/WindowsException'{0x00000000eb917108}> (0x00000000eb917108) 
thrown [s\src\hotspot\share\prims\jni.cpp, line 516]
Event: 14.533 Thread 0x000001d767309490 Exception <a 'sun/nio/fs/WindowsException'{0x00000000eb9177f0}> (0x00000000eb9177f0) 
thrown [s\src\hotspot\share\prims\jni.cpp, line 516]
Event: 16.183 Thread 0x000001d76e6bf550 Exception <a 'java/lang/NoClassDefFoundError'{0x00000000eb2daae0}: org/slf4j/impl/StaticMarkerBinder> (0x00000000eb2daae0) 
thrown [s\src\hotspot\share\classfile\systemDictionary.cpp, line 245]
Event: 17.168 Thread 0x000001d76e6bd1e0 Exception <a 'java/lang/NoSuchMethodError'{0x00000000eb1c2f88}: 'void java.lang.invoke.DirectMethodHandle$Holder.invokeStatic(java.lang.Object, long)'> (0x00000000eb1c2f88) 
thrown [s\src\hotspot\share\interpreter\linkResolver.cpp, line 759]
Event: 17.168 Thread 0x000001d76e6bd1e0 Exception <a 'java/lang/NoSuchMethodError'{0x00000000eb1eda38}: 'java.lang.Object java.lang.invoke.DirectMethodHandle$Holder.newInvokeSpecial(java.lang.Object, long)'> (0x00000000eb1eda38) 
thrown [s\src\hotspot\share\interpreter\linkResolver.cpp, line 759]

VM Operations (20 events):
Event: 24.910 Executing VM operation: ParallelGCFailedAllocation
Event: 24.912 Executing VM operation: ParallelGCFailedAllocation done
Event: 25.230 Executing VM operation: ParallelGCFailedAllocation
Event: 25.233 Executing VM operation: ParallelGCFailedAllocation done
Event: 25.364 Executing VM operation: ParallelGCFailedAllocation
Event: 25.365 Executing VM operation: ParallelGCFailedAllocation done
Event: 25.412 Executing VM operation: ParallelGCFailedAllocation
Event: 25.415 Executing VM operation: ParallelGCFailedAllocation done
Event: 25.468 Executing VM operation: ParallelGCFailedAllocation
Event: 25.469 Executing VM operation: ParallelGCFailedAllocation done
Event: 25.668 Executing VM operation: ParallelGCFailedAllocation
Event: 25.670 Executing VM operation: ParallelGCFailedAllocation done
Event: 26.307 Executing VM operation: ParallelGCFailedAllocation
Event: 26.310 Executing VM operation: ParallelGCFailedAllocation done
Event: 26.901 Executing VM operation: ParallelGCFailedAllocation
Event: 26.903 Executing VM operation: ParallelGCFailedAllocation done
Event: 27.146 Executing VM operation: ParallelGCFailedAllocation
Event: 27.151 Executing VM operation: ParallelGCFailedAllocation done
Event: 27.681 Executing VM operation: ParallelGCFailedAllocation
Event: 27.685 Executing VM operation: ParallelGCFailedAllocation done

Memory protections (0 events):
No events

Nmethod flushes (20 events):
Event: 18.452 Thread 0x000001d7670d7340 flushing  nmethod 0x000001d751426890
Event: 18.452 Thread 0x000001d7670d7340 flushing  nmethod 0x000001d751427390
Event: 18.453 Thread 0x000001d7670d7340 flushing  nmethod 0x000001d7514fef10
Event: 18.453 Thread 0x000001d7670d7340 flushing  nmethod 0x000001d7514ff610
Event: 18.453 Thread 0x000001d7670d7340 flushing  nmethod 0x000001d7514ffc10
Event: 18.453 Thread 0x000001d7670d7340 flushing  nmethod 0x000001d751500210
Event: 18.453 Thread 0x000001d7670d7340 flushing  nmethod 0x000001d751501f10
Event: 18.453 Thread 0x000001d7670d7340 flushing  nmethod 0x000001d751507e90
Event: 18.453 Thread 0x000001d7670d7340 flushing  nmethod 0x000001d751508b10
Event: 18.453 Thread 0x000001d7670d7340 flushing  nmethod 0x000001d751509810
Event: 18.453 Thread 0x000001d7670d7340 flushing  nmethod 0x000001d75150c990
Event: 18.456 Thread 0x000001d7670d7340 flushing  nmethod 0x000001d751596310
Event: 18.456 Thread 0x000001d7670d7340 flushing  nmethod 0x000001d7515bee90
Event: 18.458 Thread 0x000001d7670d7340 flushing  nmethod 0x000001d7516d6690
Event: 18.458 Thread 0x000001d7670d7340 flushing  nmethod 0x000001d7516d6d90
Event: 18.458 Thread 0x000001d7670d7340 flushing  nmethod 0x000001d7516d7c10
Event: 18.458 Thread 0x000001d7670d7340 flushing  nmethod 0x000001d7516da610
Event: 18.458 Thread 0x000001d7670d7340 flushing  nmethod 0x000001d7516db310
Event: 18.458 Thread 0x000001d7670d7340 flushing  nmethod 0x000001d7516dba90
Event: 18.458 Thread 0x000001d7670d7340 flushing  nmethod 0x000001d7516dbf90

Events (20 events):
Event: 17.647 Thread 0x000001d76e6b80e0 Thread exited: 0x000001d76e6b80e0
Event: 17.680 Thread 0x000001d76e6bccd0 Thread added: 0x000001d76f839750
Event: 17.682 Thread 0x000001d76e6bf550 Thread exited: 0x000001d76e6bf550
Event: 17.684 Thread 0x000001d767308a70 Thread added: 0x000001d76f83b5b0
Event: 17.688 Thread 0x000001d76e720c60 Thread exited: 0x000001d76e720c60
Event: 17.696 Thread 0x000001d767309490 Thread added: 0x000001d76f83ab90
Event: 17.703 Thread 0x000001d767309490 Thread added: 0x000001d76f839c60
Event: 17.733 Thread 0x000001d76e721b90 Thread exited: 0x000001d76e721b90
Event: 17.748 Thread 0x000001d76f839c60 Thread exited: 0x000001d76f839c60
Event: 17.750 Thread 0x000001d767309490 Thread added: 0x000001d76f83c4e0
Event: 17.861 Thread 0x000001d767309490 Thread added: 0x000001d76f83b0a0
Event: 17.863 Thread 0x000001d767309490 Thread added: 0x000001d76f83bac0
Event: 17.905 Thread 0x000001d76f83bac0 Thread exited: 0x000001d76f83bac0
Event: 17.909 Thread 0x000001d767309490 Thread added: 0x000001d76f83bfd0
Event: 17.915 Thread 0x000001d767309490 Thread added: 0x000001d76f83bac0
Event: 24.700 Thread 0x000001d76f83bac0 Thread added: 0x000001d76f83cf00
Event: 25.270 Thread 0x000001d76f83bac0 Thread added: 0x000001d76f839c60
Event: 25.278 Thread 0x000001d76f839c60 Thread added: 0x000001d76f83a170
Event: 25.278 Thread 0x000001d76f839c60 Thread added: 0x000001d76f83a680
Event: 25.283 Thread 0x000001d76f83a170 Thread exited: 0x000001d76f83a170


Dynamic libraries:
0x00007ff79cc10000 - 0x00007ff79cc1e000 	c:\Users\Gandharv\.vscode\extensions\redhat.java-1.38.0-win32-x64\jre\17.0.13-win32-x86_64\bin\java.exe
0x00007ffa86370000 - 0x00007ffa86568000 	C:\Windows\SYSTEM32\ntdll.dll
0x00007ffa85e90000 - 0x00007ffa85f4d000 	C:\Windows\System32\KERNEL32.DLL
0x00007ffa83be0000 - 0x00007ffa83ed6000 	C:\Windows\System32\KERNELBASE.dll
0x00007ffa84110000 - 0x00007ffa84210000 	C:\Windows\System32\ucrtbase.dll
0x00007ffa66520000 - 0x00007ffa66537000 	c:\Users\Gandharv\.vscode\extensions\redhat.java-1.38.0-win32-x64\jre\17.0.13-win32-x86_64\bin\jli.dll
0x00007ffa85ff0000 - 0x00007ffa8618e000 	C:\Windows\System32\USER32.dll
0x00007ffa49db0000 - 0x00007ffa49dce000 	c:\Users\Gandharv\.vscode\extensions\redhat.java-1.38.0-win32-x64\jre\17.0.13-win32-x86_64\bin\VCRUNTIME140.dll
0x00007ffa83a50000 - 0x00007ffa83a72000 	C:\Windows\System32\win32u.dll
0x00007ffa6ce30000 - 0x00007ffa6d0ca000 	C:\Windows\WinSxS\amd64_microsoft.windows.common-controls_6595b64144ccf1df_6.0.19041.3636_none_60b6a03d71f818d5\COMCTL32.dll
0x00007ffa854d0000 - 0x00007ffa854fb000 	C:\Windows\System32\GDI32.dll
0x00007ffa85f50000 - 0x00007ffa85fee000 	C:\Windows\System32\msvcrt.dll
0x00007ffa84210000 - 0x00007ffa84327000 	C:\Windows\System32\gdi32full.dll
0x00007ffa83fe0000 - 0x00007ffa8407d000 	C:\Windows\System32\msvcp_win.dll
0x00007ffa85500000 - 0x00007ffa85532000 	C:\Windows\System32\IMM32.DLL
0x00007ffa71d70000 - 0x00007ffa71d7c000 	c:\Users\Gandharv\.vscode\extensions\redhat.java-1.38.0-win32-x64\jre\17.0.13-win32-x86_64\bin\vcruntime140_1.dll
0x00007ffa361b0000 - 0x00007ffa3623d000 	c:\Users\Gandharv\.vscode\extensions\redhat.java-1.38.0-win32-x64\jre\17.0.13-win32-x86_64\bin\msvcp140.dll
0x00007ffa099d0000 - 0x00007ffa0a63b000 	c:\Users\Gandharv\.vscode\extensions\redhat.java-1.38.0-win32-x64\jre\17.0.13-win32-x86_64\bin\server\jvm.dll
0x00007ffa86280000 - 0x00007ffa86330000 	C:\Windows\System32\ADVAPI32.dll
0x00007ffa85a60000 - 0x00007ffa85b00000 	C:\Windows\System32\sechost.dll
0x00007ffa857f0000 - 0x00007ffa85915000 	C:\Windows\System32\RPCRT4.dll
0x00007ffa83a20000 - 0x00007ffa83a47000 	C:\Windows\System32\bcrypt.dll
0x00007ffa85cf0000 - 0x00007ffa85d5b000 	C:\Windows\System32\WS2_32.dll
0x00007ffa82f90000 - 0x00007ffa82fdb000 	C:\Windows\SYSTEM32\POWRPROF.dll
0x00007ffa725f0000 - 0x00007ffa72617000 	C:\Windows\SYSTEM32\WINMM.dll
0x00007ffa81820000 - 0x00007ffa8182a000 	C:\Windows\SYSTEM32\VERSION.dll
0x00007ffa82e00000 - 0x00007ffa82e12000 	C:\Windows\SYSTEM32\UMPDC.dll
0x00007ffa82220000 - 0x00007ffa82232000 	C:\Windows\SYSTEM32\kernel.appcore.dll
0x00007ffa71bd0000 - 0x00007ffa71bda000 	c:\Users\Gandharv\.vscode\extensions\redhat.java-1.38.0-win32-x64\jre\17.0.13-win32-x86_64\bin\jimage.dll
0x00007ffa80dd0000 - 0x00007ffa80fb4000 	C:\Windows\SYSTEM32\DBGHELP.DLL
0x00007ffa6ed90000 - 0x00007ffa6edc4000 	C:\Windows\SYSTEM32\dbgcore.DLL
0x00007ffa84080000 - 0x00007ffa84102000 	C:\Windows\System32\bcryptPrimitives.dll
0x00007ffa71590000 - 0x00007ffa7159e000 	c:\Users\Gandharv\.vscode\extensions\redhat.java-1.38.0-win32-x64\jre\17.0.13-win32-x86_64\bin\instrument.dll
0x00007ffa48af0000 - 0x00007ffa48b15000 	c:\Users\Gandharv\.vscode\extensions\redhat.java-1.38.0-win32-x64\jre\17.0.13-win32-x86_64\bin\java.dll
0x00007ffa49b10000 - 0x00007ffa49b28000 	c:\Users\Gandharv\.vscode\extensions\redhat.java-1.38.0-win32-x64\jre\17.0.13-win32-x86_64\bin\zip.dll
0x00007ffa84700000 - 0x00007ffa84e6b000 	C:\Windows\System32\SHELL32.dll
0x00007ffa81a70000 - 0x00007ffa8220e000 	C:\Windows\SYSTEM32\windows.storage.dll
0x00007ffa843a0000 - 0x00007ffa846f3000 	C:\Windows\System32\combase.dll
0x00007ffa83450000 - 0x00007ffa8347e000 	C:\Windows\SYSTEM32\Wldp.dll
0x00007ffa84f90000 - 0x00007ffa8505d000 	C:\Windows\System32\OLEAUT32.dll
0x00007ffa85b60000 - 0x00007ffa85c0d000 	C:\Windows\System32\SHCORE.dll
0x00007ffa85770000 - 0x00007ffa857c5000 	C:\Windows\System32\shlwapi.dll
0x00007ffa83950000 - 0x00007ffa83975000 	C:\Windows\SYSTEM32\profapi.dll
0x00007ffa46680000 - 0x00007ffa46699000 	C:\Users\Gandharv\.vscode\extensions\redhat.java-1.38.0-win32-x64\jre\17.0.13-win32-x86_64\bin\net.dll
0x00007ffa7b4b0000 - 0x00007ffa7b5ba000 	C:\Windows\SYSTEM32\WINHTTP.dll
0x00007ffa83170000 - 0x00007ffa831da000 	C:\Windows\system32\mswsock.dll
0x00007ffa40490000 - 0x00007ffa404a6000 	C:\Users\Gandharv\.vscode\extensions\redhat.java-1.38.0-win32-x64\jre\17.0.13-win32-x86_64\bin\nio.dll
0x00007ffa6fef0000 - 0x00007ffa6ff00000 	c:\Users\Gandharv\.vscode\extensions\redhat.java-1.38.0-win32-x64\jre\17.0.13-win32-x86_64\bin\verify.dll
0x00007ffa36950000 - 0x00007ffa36995000 	C:\Users\Gandharv\AppData\Roaming\Code\User\globalStorage\redhat.java\1.38.0\config_win\org.eclipse.equinox.launcher\org.eclipse.equinox.launcher.win32.win32.x86_64_1.2.1100.v20240722-2106\eclipse_11904.dll
0x00007ffa85930000 - 0x00007ffa85a5b000 	C:\Windows\System32\ole32.dll
0x00007ffa83380000 - 0x00007ffa83398000 	C:\Windows\SYSTEM32\CRYPTSP.dll
0x00007ffa82a30000 - 0x00007ffa82a64000 	C:\Windows\system32\rsaenh.dll
0x00007ffa83910000 - 0x00007ffa8393e000 	C:\Windows\SYSTEM32\USERENV.dll
0x00007ffa833a0000 - 0x00007ffa833ac000 	C:\Windows\SYSTEM32\CRYPTBASE.dll
0x00007ffa82e20000 - 0x00007ffa82e5b000 	C:\Windows\SYSTEM32\IPHLPAPI.DLL
0x00007ffa85760000 - 0x00007ffa85768000 	C:\Windows\System32\NSI.dll
0x00007ffa7c100000 - 0x00007ffa7c117000 	C:\Windows\SYSTEM32\dhcpcsvc6.DLL
0x00007ffa7c320000 - 0x00007ffa7c33d000 	C:\Windows\SYSTEM32\dhcpcsvc.DLL
0x00007ffa82e70000 - 0x00007ffa82f3b000 	C:\Windows\SYSTEM32\DNSAPI.dll
0x00007ffa6a5a0000 - 0x00007ffa6a5e9000 	C:\Users\Gandharv\AppData\Local\Temp\jna--1676220115\jna9540339173136203103.dll
0x00007ffa85920000 - 0x00007ffa85928000 	C:\Windows\System32\PSAPI.DLL
0x00007ffa71360000 - 0x00007ffa7136e000 	C:\Users\Gandharv\.vscode\extensions\redhat.java-1.38.0-win32-x64\jre\17.0.13-win32-x86_64\bin\sunmscapi.dll
0x00007ffa83a80000 - 0x00007ffa83bdd000 	C:\Windows\System32\CRYPT32.dll
0x00007ffa834c0000 - 0x00007ffa834e8000 	C:\Windows\SYSTEM32\ncrypt.dll
0x00007ffa83480000 - 0x00007ffa834bb000 	C:\Windows\SYSTEM32\NTASN1.dll
0x00007ffa7c240000 - 0x00007ffa7c24a000 	C:\Windows\System32\rasadhlp.dll
0x00007ffa776a0000 - 0x00007ffa77720000 	C:\Windows\System32\fwpuclnt.dll
0x00007ffa6fec0000 - 0x00007ffa6fec9000 	C:\Users\Gandharv\.vscode\extensions\redhat.java-1.38.0-win32-x64\jre\17.0.13-win32-x86_64\bin\extnet.dll
0x00007ffa56200000 - 0x00007ffa56227000 	C:\Users\Gandharv\.gradle\native\c067742578af261105cb4f569cf0c3c89f3d7b1fecec35dd04571415982c5e48\windows-amd64\native-platform.dll
0x00007ffa71840000 - 0x00007ffa7184a000 	C:\Users\Gandharv\.vscode\extensions\redhat.java-1.38.0-win32-x64\jre\17.0.13-win32-x86_64\bin\management.dll
0x00007ffa71780000 - 0x00007ffa7178b000 	C:\Users\Gandharv\.vscode\extensions\redhat.java-1.38.0-win32-x64\jre\17.0.13-win32-x86_64\bin\management_ext.dll

dbghelp: loaded successfully - version: 4.0.5 - missing functions: none
symbol engine: initialized successfully - sym options: 0x614 - pdb path: .;c:\Users\Gandharv\.vscode\extensions\redhat.java-1.38.0-win32-x64\jre\17.0.13-win32-x86_64\bin;C:\Windows\SYSTEM32;C:\Windows\WinSxS\amd64_microsoft.windows.common-controls_6595b64144ccf1df_6.0.19041.3636_none_60b6a03d71f818d5;c:\Users\Gandharv\.vscode\extensions\redhat.java-1.38.0-win32-x64\jre\17.0.13-win32-x86_64\bin\server;C:\Users\Gandharv\AppData\Roaming\Code\User\globalStorage\redhat.java\1.38.0\config_win\org.eclipse.equinox.launcher\org.eclipse.equinox.launcher.win32.win32.x86_64_1.2.1100.v20240722-2106;C:\Users\Gandharv\AppData\Local\Temp\jna--1676220115;C:\Users\Gandharv\.gradle\native\c067742578af261105cb4f569cf0c3c89f3d7b1fecec35dd04571415982c5e48\windows-amd64

VM Arguments:
jvm_args: --add-modules=ALL-SYSTEM --add-opens=java.base/java.util=ALL-UNNAMED --add-opens=java.base/java.lang=ALL-UNNAMED --add-opens=java.base/sun.nio.fs=ALL-UNNAMED -Declipse.application=org.eclipse.jdt.ls.core.id1 -Dosgi.bundles.defaultStartLevel=4 -Declipse.product=org.eclipse.jdt.ls.core.product -Djava.import.generatesMetadataFilesAtProjectRoot=false -DDetectVMInstallationsJob.disabled=true -Dfile.encoding=utf8 -XX:+UseParallelGC -XX:GCTimeRatio=4 -XX:AdaptiveSizePolicyWeight=90 -Dsun.zip.disableMemoryMapping=true -Xmx1G -Xms100m -Xlog:disable -javaagent:c:\Users\Gandharv\.vscode\extensions\redhat.java-1.38.0-win32-x64\lombok\lombok-1.18.34.jar -XX:+HeapDumpOnOutOfMemoryError -XX:HeapDumpPath=c:\Users\Gandharv\AppData\Roaming\Code\User\workspaceStorage\ec3f738dfd68fd79c8ae90a3d04fbd98\redhat.java -Daether.dependencyCollector.impl=bf 
java_command: c:\Users\Gandharv\.vscode\extensions\redhat.java-1.38.0-win32-x64\server\plugins\org.eclipse.equinox.launcher_1.6.900.v20240613-2009.jar -configuration c:\Users\Gandharv\AppData\Roaming\Code\User\globalStorage\redhat.java\1.38.0\config_win -data c:\Users\Gandharv\AppData\Roaming\Code\User\workspaceStorage\ec3f738dfd68fd79c8ae90a3d04fbd98\redhat.java\jdt_ws --pipe=\\.\pipe\lsp-3529d5b7ea3ef71e11e1b1eeba5ff868-sock
java_class_path (initial): c:\Users\Gandharv\.vscode\extensions\redhat.java-1.38.0-win32-x64\server\plugins\org.eclipse.equinox.launcher_1.6.900.v20240613-2009.jar
Launcher Type: SUN_STANDARD

[Global flags]
    uintx AdaptiveSizePolicyWeight                 = 90                                        {product} {command line}
     intx CICompilerCount                          = 4                                         {product} {ergonomic}
    uintx GCTimeRatio                              = 4                                         {product} {command line}
     bool HeapDumpOnOutOfMemoryError               = true                                   {manageable} {command line}
    ccstr HeapDumpPath                             = c:\Users\Gandharv\AppData\Roaming\Code\User\workspaceStorage\ec3f738dfd68fd79c8ae90a3d04fbd98\redhat.java         {manageable} {command line}
   size_t InitialHeapSize                          = 104857600                                 {product} {command line}
   size_t MaxHeapSize                              = 1073741824                                {product} {command line}
   size_t MaxNewSize                               = 357564416                                 {product} {ergonomic}
   size_t MinHeapDeltaBytes                        = 524288                                    {product} {ergonomic}
   size_t MinHeapSize                              = 104857600                                 {product} {command line}
   size_t NewSize                                  = 34603008                                  {product} {ergonomic}
    uintx NonNMethodCodeHeapSize                   = 5839372                                {pd product} {ergonomic}
    uintx NonProfiledCodeHeapSize                  = 122909434                              {pd product} {ergonomic}
   size_t OldSize                                  = 70254592                                  {product} {ergonomic}
    uintx ProfiledCodeHeapSize                     = 122909434                              {pd product} {ergonomic}
    uintx ReservedCodeCacheSize                    = 251658240                              {pd product} {ergonomic}
     bool SegmentedCodeCache                       = true                                      {product} {ergonomic}
   size_t SoftMaxHeapSize                          = 1073741824                             {manageable} {ergonomic}
     bool UseCompressedClassPointers               = true                           {product lp64_product} {ergonomic}
     bool UseCompressedOops                        = true                           {product lp64_product} {ergonomic}
     bool UseLargePagesIndividualAllocation        = false                                  {pd product} {ergonomic}
     bool UseParallelGC                            = true                                      {product} {command line}

Logging:
Log output configuration:
 #0: stdout all=off uptime,level,tags
 #1: stderr all=off uptime,level,tags

Environment Variables:
JAVA_HOME=C:\Program Files\Android\Android Studio\jbr
PATH=C:\oraclexe\app\oracle\product\10.2.0\server\bin;C:\Users\Gandharv\Downloads\apache-maven-3.9.8\bin;C:\Program Files (x86)\Common Files\Oracle\Java\javapath;C:\Program Files\Java\jdk1.8.0_202\bin;C:\app\Gandharv\product\21c\dbhomeXE\bin;C:\Windows\system32;C:\Windows;C:\Windows\System32\Wbem;C:\Windows\System32\WindowsPowerShell\v1.0\;C:\Windows\System32\OpenSSH\;C:\Program Files (x86)\NVIDIA Corporation\PhysX\Common;C:\Program Files\NVIDIA Corporation\NVIDIA NvDLISR;C:\MinGW\bin;C:\Program Files\Microsoft SQL Server\Client SDK\ODBC\170\Tools\Binn\;C:\Program Files (x86)\Microsoft SQL Server\150\Tools\Binn\;C:\Program Files\Microsoft SQL Server\150\Tools\Binn\;C:\Program Files\Microsoft SQL Server\150\DTS\Binn\;C:\Program Files\dotnet\;C:\Program Files\Microsoft SQL Server\130\Tools\Binn\;C:\Android;C:\xampp\php;C:\ProgramData\ComposerSetup\bin;C:\Users\Gandharv\Downloads\apache-maven-3.9.7-bin\apache-maven-3.9.7\bin;C:\src\flutter\bin;C:\Users\Gandharv\AppData\Local\Android\Sdk;C:\Program Files\Git\cmd;C:\Program Files\Java\jdk-17.0.12;C:\Program Files\MongoDB\Server\8.0\bin;C:\Program Files\nodejs\;C:\Users\Gandharv\Downloads\apache-maven-3.9.8\bin;C:\Users\Gandharv\AppData\Local\Programs\Python\Python310\Scripts\;C:\Users\Gandharv\AppData\Local\Programs\Python\Python310\;C:\Program Files (x86)\Microsoft Visual Studio\Common\Tools\WinNT;C:\Program Files (x86)\Microsoft Visual Studio\Common\MSDev98\Bin;C:\Program Files (x86)\Microsoft Visual Studio\Common\Tools;C:\Program Files (x86)\Microsoft Visual Studio\VC98\bin;C:\Users\Gandharv\AppData\Local\Microsoft\WindowsApps;C:\Users\Gandharv\AppData\Local\Programs\Fiddler;C:\Program Files\JetBrains\IntelliJ IDEA Community Edition 2023.3.3\bin;;C:\Users\Gandharv\.dotnet\tools;C:\Users\Gandharv\AppData\Roaming\Composer\vendor\bin;C:\JAVA\javafx-sdk-21.0.2\bin;C:\Users\Gandharv\Downloads\apache-maven-3.9.7-bin\apache-maven-3.9.7\bin;C:\src\flutter\bin;C:\Users\Gandharv\AppData\Local\Programs\Microsoft VS Code\bin;C:\User
USERNAME=Gandharv
OS=Windows_NT
PROCESSOR_IDENTIFIER=Intel64 Family 6 Model 165 Stepping 2, GenuineIntel
TMP=C:\Users\Gandharv\AppData\Local\Temp
TEMP=C:\Users\Gandharv\AppData\Local\Temp



Periodic native trim disabled


---------------  S Y S T E M  ---------------

OS:
 Windows 10 , 64 bit Build 19041 (10.0.19041.3636)
OS uptime: 3 days 9:21 hours
Hyper-V role detected

CPU: total 8 (initial active 8) (4 cores per cpu, 2 threads per core) family 6 model 165 stepping 2 microcode 0xc8, cx8, cmov, fxsr, ht, mmx, 3dnowpref, sse, sse2, sse3, ssse3, sse4.1, sse4.2, popcnt, lzcnt, tsc, tscinvbit, avx, avx2, aes, erms, clmul, bmi1, bmi2, adx, fma, vzeroupper, clflush, clflushopt, hv
Processor Information for all 8 processors :
  Max Mhz: 2496, Current Mhz: 2496, Mhz Limit: 2496

Memory: 4k page, system-wide physical 8029M (268M free)
TotalPageFile size 25528M (AvailPageFile size 10M)
current process WorkingSet (physical memory assigned to process): 339M, peak: 339M
current process commit charge ("private bytes"): 373M, peak: 389M

vm_info: OpenJDK 64-Bit Server VM (17.0.13+11) for windows-amd64 JRE (17.0.13+11), built on Oct 16 2024 00:10:08 by "admin" with MS VC++ 17.7 (VS2022)

END.
